#-----------------------------------------------------------
# PlanAhead v14.6 (64-bit)
# Build 269223 by xbuild on Wed Jun  5 11:14:03 MDT 2013
# Start of session at: Mon Oct 01 10:51:27 2018
# Process ID: 5996
# Log file: C:/Users/TA/Desktop/SJD/Lab0_2018/planAhead_run_1/planAhead.log
# Journal file: C:/Users/TA/Desktop/SJD/Lab0_2018/planAhead_run_1/planAhead.jou
#-----------------------------------------------------------
INFO: [Common 17-78] Attempting to get a license: PlanAhead
INFO: [Common 17-290] Got license for PlanAhead
INFO: [Common 17-86] Your PlanAhead license expires in -1522 day(s)
INFO: [Device 21-36] Loading parts and site information from C:/Xilinx/14.6/ISE_DS/PlanAhead/data/parts/arch.xml
Parsing RTL primitives file [C:/Xilinx/14.6/ISE_DS/PlanAhead/data/parts/xilinx/rtl/prims/rtl_prims.xml]
Finished parsing RTL primitives file [C:/Xilinx/14.6/ISE_DS/PlanAhead/data/parts/xilinx/rtl/prims/rtl_prims.xml]
start_gui
source C:/Users/TA/Desktop/SJD/Lab0_2018/pa.fromHdl.tcl
# create_project -name Lab0_2018 -dir "C:/Users/TA/Desktop/SJD/Lab0_2018/planAhead_run_1" -part xc5vlx50tff1136-2
# set_param project.pinAheadLayout yes
# set srcset [get_property srcset [current_run -impl]]
# set_property target_constrs_file "counter.ucf" [current_fileset -constrset]
Adding file 'C:/Users/TA/Desktop/SJD/Lab0_2018/counter.ucf' to fileset 'constrs_1'
# set hdlfile [add_files [list {counter.v}]]
# set_property file_type Verilog $hdlfile
# set_property library work $hdlfile
# set_property top counter $srcset
# add_files [list {counter.ucf}] -fileset [get_property constrset [current_run]]
# open_rtl_design -part xc5vlx50tff1136-2
Using Verific elaboration
Parsing VHDL file "C:/Xilinx/14.6/ISE_DS/PlanAhead/data/parts/xilinx/rtl/lib/synplify/synattr.vhd" into library synplify
Analyzing Verilog file "C:/Users/TA/Desktop/SJD/Lab0_2018/counter.v" into library work
INFO: [Designutils 20-910] Reading macro library C:/Xilinx/14.6/ISE_DS/PlanAhead/data\./parts/xilinx/virtex5/virtex5lx/hd_int_macros.edn
Parsing EDIF File [C:/Xilinx/14.6/ISE_DS/PlanAhead/data\./parts/xilinx/virtex5/virtex5lx/hd_int_macros.edn]
Finished Parsing EDIF File [C:/Xilinx/14.6/ISE_DS/PlanAhead/data\./parts/xilinx/virtex5/virtex5lx/hd_int_macros.edn]
INFO: [Device 21-21] Reading bus macro file C:/Xilinx/14.6/ISE_DS/PlanAhead/data\./parts/xilinx/virtex5/pr_bus_macros.xml
Loading clock regions from C:/Xilinx/14.6/ISE_DS/PlanAhead/data\parts/xilinx/virtex5/virtex5lxt/xc5vlx50t/ClockRegion.xml
Loading clock buffers from C:/Xilinx/14.6/ISE_DS/PlanAhead/data\parts/xilinx/virtex5/virtex5lxt/xc5vlx50t/ClockBuffers.xml
Loading package from C:/Xilinx/14.6/ISE_DS/PlanAhead/data\parts/xilinx/virtex5/virtex5lxt/xc5vlx50t/ff1136/Package.xml
Loading io standards from C:/Xilinx/14.6/ISE_DS/PlanAhead/data\./parts/xilinx/virtex5/IOStandards.xml
INFO: [Device 21-19] Loading pkg sso from C:/Xilinx/14.6/ISE_DS/PlanAhead/data\parts/xilinx/virtex5/virtex5lxt/xc5vlx50t/ff1136/SSORules.xml
Loading list of drcs for the architecture : C:/Xilinx/14.6/ISE_DS/PlanAhead/data\./parts/xilinx/virtex5/drc.xml
Parsing UCF File [C:/Users/TA/Desktop/SJD/Lab0_2018/counter.ucf]
Finished Parsing UCF File [C:/Users/TA/Desktop/SJD/Lab0_2018/counter.ucf]
INFO: [Project 1-111] Unisim Transformation Summary:
No Unisim elements were transformed.

Phase 0 | Netlist Checksum: d34848f6
open_rtl_design: Time (s): elapsed = 00:00:13 . Memory (MB): peak = 699.926 ; gain = 264.914
update_compile_order -fileset sim_1
startgroup
set_property package_pin AG8 [get_ports {counter_out[0]}]
endgroup
startgroup
set_property package_pin AH8 [get_ports {counter_out[1]}]
endgroup
startgroup
set_property package_pin AH9 [get_ports {counter_out[2]}]
endgroup
startgroup
set_property package_pin AG10 [get_ports {counter_out[3]}]
endgroup
startgroup
set_property package_pin J19 [get_ports reset]
endgroup
set_property package_pin "" [get_ports [list  enable]]
startgroup
set_property package_pin AG18 [get_ports clock]
endgroup
save_constraints
exit
ERROR: [PlanAhead 12-106] *** Exception: ui.h.b: Found deleted key in HTclEventBroker. Verify if the classes listed here call cleanup()
HTclEvent: SIGNAL_BUS_MODIFY   Classes: ui.views.aR 
HTclEvent: DEBUG_PORT_CONFIG_CHANGE   Classes: ui.views.aR 
HTclEvent: DEBUG_CORE_CONFIG_CHANGE   Classes: ui.views.aR 
HTclEvent: SIGNAL_MODIFY   Classes: ui.views.aR 
 (See C:/Users/TA/Desktop/SJD/Lab0_2018\planAhead_pid5996.debug)
ERROR: [Common 17-39] 'stop_gui' failed due to earlier errors.
INFO: [Common 17-206] Exiting PlanAhead at Mon Oct 01 10:53:48 2018...
INFO: [Common 17-83] Releasing license: PlanAhead
