WARNING:EDK:878 - Could not find IP doc
   http://www.xilinx.com/cgi-bin/docs/ipdoc?c=plb_v46;v=v1_05_a;d=plb_v46.pdf
WARNING:EDK:878 - Could not find IP doc
   http://www.xilinx.com/cgi-bin/docs/ipdoc?c=bram_block;v=v1_00_a;d=bram_block.
   pdf
WARNING:EDK:878 - Could not find IP doc
   http://www.xilinx.com/cgi-bin/docs/ipdoc?c=xps_uartlite;v=v1_02_a;d=xps_uartl
   ite.pdf
WARNING:EDK:878 - Could not find IP doc
   http://www.xilinx.com/cgi-bin/docs/ipdoc?c=mpmc;v=v6_06_a;d=mpmc.pdf
WARNING:EDK:878 - Could not find IP doc
   http://www.xilinx.com/cgi-bin/docs/ipdoc?c=clock_generator;v=v4_03_a;d=clock_
   generator.pdf
WARNING:EDK:878 - Could not find IP doc
   http://www.xilinx.com/cgi-bin/docs/ipdoc?c=mdm;v=v2_10_a;d=pg062-mdm.pdf
WARNING:EDK:878 - Could not find IP doc
   http://www.xilinx.com/cgi-bin/docs/ipdoc?c=proc_sys_reset;v=v3_00_a;d=proc_sy
   s_reset.pdf
WARNING:EDK:878 - Could not find IP doc
   http://www.xilinx.com/cgi-bin/docs/ipdoc?c=xps_iic;v=v2_03_a;d=xps_iic.pdf
WARNING:EDK:878 - Could not find IP doc
   http://www.xilinx.com/cgi-bin/docs/ipdoc?c=xps_iic;v=v2_03_a;d=xps_iic.pdf
WARNING:EDK:878 - Could not find IP doc
   http://www.xilinx.com/cgi-bin/docs/ipdoc?c=xps_intc;v=v2_01_a;d=xps_intc.pdf
WARNING:EDK:878 - Could not find IP doc
   http://www.xilinx.com/cgi-bin/docs/ipdoc?c=xps_gpio;v=v2_00_a;d=xps_gpio.pdf
WARNING:EDK:878 - Could not find IP doc
   http://www.xilinx.com/cgi-bin/docs/ipdoc?c=xps_gpio;v=v2_00_a;d=xps_gpio.pdf
WARNING:EDK:878 - Could not find IP doc
   http://www.xilinx.com/cgi-bin/docs/ipdoc?c=xps_gpio;v=v2_00_a;d=xps_gpio.pdf
WARNING:EDK:878 - Could not find IP doc
   http://www.xilinx.com/cgi-bin/docs/ipdoc?c=xps_timer;v=v1_02_a;d=xps_timer.pd
   f
WARNING:EDK:878 - Could not find IP doc
   http://www.xilinx.com/cgi-bin/docs/ipdoc?c=xps_spi;v=v2_02_a;d=xps_spi.pdf
Generated Block Diagram.
Rasterizing microblaze_0.jpg.....
Rasterizing mb_plb.jpg.....
Rasterizing ilmb.jpg.....
Rasterizing dlmb.jpg.....
Rasterizing dlmb_cntlr.jpg.....
Rasterizing ilmb_cntlr.jpg.....
Rasterizing lmb_bram.jpg.....
Rasterizing RS232_Uart_0.jpg.....
Rasterizing DDR2_SDRAM.jpg.....
Rasterizing clock_generator_0.jpg.....
Rasterizing mdm_0.jpg.....
Rasterizing proc_sys_reset_0.jpg.....
Rasterizing dvma_0.jpg.....
Rasterizing hdmi_0.jpg.....
Rasterizing Cam_Ctrl_0.jpg.....
Rasterizing Cam_Ctrl_1.jpg.....
Rasterizing Cam_Iic_0.jpg.....
Rasterizing Cam_Iic_1.jpg.....
Rasterizing xps_intc_0.jpg.....
Rasterizing Button.jpg.....
Rasterizing enc_sig_a.jpg.....
Rasterizing enc_sig_b.jpg.....
Rasterizing xps_timer_0.jpg.....
Rasterizing xps_spi_0.jpg.....
Rasterizing system_blkd.jpg.....
Report generated.
Report generation completed.
