WARNING:EDK -  ****************************************************************
WARNING:EDK -  **             MicroBlaze - microblaze_0
WARNING:EDK -  ****************************************************************
WARNING:EDK -  ** Suboptimal use of I-cache Block RAM. Please increase the 
WARNING:EDK -  ** cache size to 4096 bytes to fully utilize Block RAM.
WARNING:EDK -  ****************************************************************
WARNING:EDK -  ****************************************************************
WARNING:EDK -  **             MicroBlaze - microblaze_0
WARNING:EDK -  ****************************************************************
WARNING:EDK -  ** Suboptimal use of D-cache Block RAM. Please increase the 
WARNING:EDK -  ** cache size to 4096 bytes to fully utilize Block RAM.
WARNING:EDK -  ****************************************************************

Checking platform configuration ...
IPNAME: plb_v46, INSTANCE: mb_plb - 2 master(s) : 8 slave(s) 
IPNAME: lmb_v10, INSTANCE: ilmb - 1 master(s) : 1 slave(s) 
IPNAME: lmb_v10, INSTANCE: dlmb - 1 master(s) : 1 slave(s) 

Checking port drivers...

Performing Clock DRCs...

Performing Reset DRCs...

Overriding system level properties...
INFO:EDK:4130 - IPNAME: microblaze, INSTANCE:microblaze_0 - tcl is overriding
   PARAMETER C_D_PLB value to 1 -
   C:\Xilinx\14.6\ISE_DS\EDK\hw\XilinxProcessorIPLib\pcores\microblaze_v8_50_b\d
   ata\microblaze_v2_1_0.mpd line 233 
INFO:EDK:4130 - IPNAME: microblaze, INSTANCE:microblaze_0 - tcl is overriding
   PARAMETER C_I_PLB value to 1 -
   C:\Xilinx\14.6\ISE_DS\EDK\hw\XilinxProcessorIPLib\pcores\microblaze_v8_50_b\d
   ata\microblaze_v2_1_0.mpd line 236 
WARNING:EDK -  ****************************************************************
WARNING:EDK -  **             MicroBlaze - microblaze_0
WARNING:EDK -  ****************************************************************
WARNING:EDK -  ** Suboptimal use of I-cache Block RAM. Please increase the 
WARNING:EDK -  ** cache size to 4096 bytes to fully utilize Block RAM.
WARNING:EDK -  ****************************************************************

WARNING:EDK -  ****************************************************************
WARNING:EDK -  **             MicroBlaze - microblaze_0
WARNING:EDK -  ****************************************************************
WARNING:EDK -  ** Suboptimal use of D-cache Block RAM. Please increase the 
WARNING:EDK -  ** cache size to 4096 bytes to fully utilize Block RAM.
WARNING:EDK -  ****************************************************************

INFO:EDK:4130 - IPNAME: microblaze, INSTANCE:microblaze_0 - tcl is overriding
   PARAMETER C_USE_EXT_BRK value to 1 -
   C:\Xilinx\14.6\ISE_DS\EDK\hw\XilinxProcessorIPLib\pcores\microblaze_v8_50_b\d
   ata\microblaze_v2_1_0.mpd line 402 
INFO:EDK:4130 - IPNAME: microblaze, INSTANCE:microblaze_0 - tcl is overriding
   PARAMETER C_USE_EXT_NM_BRK value to 1 -
   C:\Xilinx\14.6\ISE_DS\EDK\hw\XilinxProcessorIPLib\pcores\microblaze_v8_50_b\d
   ata\microblaze_v2_1_0.mpd line 403 
INFO:EDK:4130 - IPNAME: lmb_bram_if_cntlr, INSTANCE:dlmb_cntlr - tcl is
   overriding PARAMETER C_MASK value to 0x90000000 -
   C:\Xilinx\14.6\ISE_DS\EDK\hw\XilinxProcessorIPLib\pcores\lmb_bram_if_cntlr_v3
   _10_c\data\lmb_bram_if_cntlr_v2_1_0.mpd line 92 
INFO:EDK:4130 - IPNAME: lmb_bram_if_cntlr, INSTANCE:ilmb_cntlr - tcl is
   overriding PARAMETER C_MASK value to 0x90000000 -
   C:\Xilinx\14.6\ISE_DS\EDK\hw\XilinxProcessorIPLib\pcores\lmb_bram_if_cntlr_v3
   _10_c\data\lmb_bram_if_cntlr_v2_1_0.mpd line 92 
INFO:EDK:4130 - IPNAME: mpmc, INSTANCE:DDR2_SDRAM - tcl is overriding PARAMETER
   C_PIM0_SUBTYPE value to IXCL -
   C:\Xilinx\14.6\ISE_DS\EDK\hw\XilinxProcessorIPLib\pcores\mpmc_v6_06_a\data\mp
   mc_v2_1_0.mpd line 356 
INFO:EDK:4130 - IPNAME: mpmc, INSTANCE:DDR2_SDRAM - tcl is overriding PARAMETER
   C_PIM1_SUBTYPE value to DXCL -
   C:\Xilinx\14.6\ISE_DS\EDK\hw\XilinxProcessorIPLib\pcores\mpmc_v6_06_a\data\mp
   mc_v2_1_0.mpd line 407 
INFO:EDK:4130 - IPNAME: mpmc, INSTANCE:DDR2_SDRAM - tcl is overriding PARAMETER
   C_WR_TRAINING_PORT value to 1 -
   C:\Xilinx\14.6\ISE_DS\EDK\hw\XilinxProcessorIPLib\pcores\mpmc_v6_06_a\data\mp
   mc_v2_1_0.mpd line 759 
INFO:EDK:4130 - IPNAME: mpmc, INSTANCE:DDR2_SDRAM - tcl is overriding PARAMETER
   C_TWR value to 15000 -
   C:\Xilinx\14.6\ISE_DS\EDK\hw\XilinxProcessorIPLib\pcores\mpmc_v6_06_a\data\mp
   mc_v2_1_0.mpd line 769 
INFO:EDK:4130 - IPNAME: mpmc, INSTANCE:DDR2_SDRAM - tcl is overriding PARAMETER
   C_CTRL_IS_WRITE_INDEX value to 1 -
   C:\Xilinx\14.6\ISE_DS\EDK\hw\XilinxProcessorIPLib\pcores\mpmc_v6_06_a\data\mp
   mc_v2_1_0.mpd line 771 
INFO:EDK:4130 - IPNAME: mpmc, INSTANCE:DDR2_SDRAM - tcl is overriding PARAMETER
   C_CTRL_PHYIF_RAS_N_INDEX value to 2 -
   C:\Xilinx\14.6\ISE_DS\EDK\hw\XilinxProcessorIPLib\pcores\mpmc_v6_06_a\data\mp
   mc_v2_1_0.mpd line 772 
INFO:EDK:4130 - IPNAME: mpmc, INSTANCE:DDR2_SDRAM - tcl is overriding PARAMETER
   C_CTRL_PHYIF_CAS_N_INDEX value to 3 -
   C:\Xilinx\14.6\ISE_DS\EDK\hw\XilinxProcessorIPLib\pcores\mpmc_v6_06_a\data\mp
   mc_v2_1_0.mpd line 773 
INFO:EDK:4130 - IPNAME: mpmc, INSTANCE:DDR2_SDRAM - tcl is overriding PARAMETER
   C_CTRL_PHYIF_WE_N_INDEX value to 4 -
   C:\Xilinx\14.6\ISE_DS\EDK\hw\XilinxProcessorIPLib\pcores\mpmc_v6_06_a\data\mp
   mc_v2_1_0.mpd line 774 
INFO:EDK:4130 - IPNAME: mpmc, INSTANCE:DDR2_SDRAM - tcl is overriding PARAMETER
   C_CTRL_RMW_INDEX value to 6 -
   C:\Xilinx\14.6\ISE_DS\EDK\hw\XilinxProcessorIPLib\pcores\mpmc_v6_06_a\data\mp
   mc_v2_1_0.mpd line 775 
INFO:EDK:4130 - IPNAME: mpmc, INSTANCE:DDR2_SDRAM - tcl is overriding PARAMETER
   C_CTRL_SKIP_0_INDEX value to 7 -
   C:\Xilinx\14.6\ISE_DS\EDK\hw\XilinxProcessorIPLib\pcores\mpmc_v6_06_a\data\mp
   mc_v2_1_0.mpd line 776 
INFO:EDK:4130 - IPNAME: mpmc, INSTANCE:DDR2_SDRAM - tcl is overriding PARAMETER
   C_CTRL_PHYIF_DQS_O_INDEX value to 8 -
   C:\Xilinx\14.6\ISE_DS\EDK\hw\XilinxProcessorIPLib\pcores\mpmc_v6_06_a\data\mp
   mc_v2_1_0.mpd line 777 
INFO:EDK:4130 - IPNAME: mpmc, INSTANCE:DDR2_SDRAM - tcl is overriding PARAMETER
   C_CTRL_SKIP_1_INDEX value to 9 -
   C:\Xilinx\14.6\ISE_DS\EDK\hw\XilinxProcessorIPLib\pcores\mpmc_v6_06_a\data\mp
   mc_v2_1_0.mpd line 778 
INFO:EDK:4130 - IPNAME: mpmc, INSTANCE:DDR2_SDRAM - tcl is overriding PARAMETER
   C_CTRL_DP_RDFIFO_PUSH_INDEX value to 10 -
   C:\Xilinx\14.6\ISE_DS\EDK\hw\XilinxProcessorIPLib\pcores\mpmc_v6_06_a\data\mp
   mc_v2_1_0.mpd line 779 
INFO:EDK:4130 - IPNAME: mpmc, INSTANCE:DDR2_SDRAM - tcl is overriding PARAMETER
   C_CTRL_SKIP_2_INDEX value to 11 -
   C:\Xilinx\14.6\ISE_DS\EDK\hw\XilinxProcessorIPLib\pcores\mpmc_v6_06_a\data\mp
   mc_v2_1_0.mpd line 780 
INFO:EDK:4130 - IPNAME: mpmc, INSTANCE:DDR2_SDRAM - tcl is overriding PARAMETER
   C_CTRL_AP_COL_CNT_LOAD_INDEX value to 12 -
   C:\Xilinx\14.6\ISE_DS\EDK\hw\XilinxProcessorIPLib\pcores\mpmc_v6_06_a\data\mp
   mc_v2_1_0.mpd line 781 
INFO:EDK:4130 - IPNAME: mpmc, INSTANCE:DDR2_SDRAM - tcl is overriding PARAMETER
   C_CTRL_AP_COL_CNT_ENABLE_INDEX value to 13 -
   C:\Xilinx\14.6\ISE_DS\EDK\hw\XilinxProcessorIPLib\pcores\mpmc_v6_06_a\data\mp
   mc_v2_1_0.mpd line 782 
INFO:EDK:4130 - IPNAME: mpmc, INSTANCE:DDR2_SDRAM - tcl is overriding PARAMETER
   C_CTRL_AP_PRECHARGE_ADDR10_INDEX value to 14 -
   C:\Xilinx\14.6\ISE_DS\EDK\hw\XilinxProcessorIPLib\pcores\mpmc_v6_06_a\data\mp
   mc_v2_1_0.mpd line 783 
INFO:EDK:4130 - IPNAME: mpmc, INSTANCE:DDR2_SDRAM - tcl is overriding PARAMETER
   C_CTRL_AP_ROW_COL_SEL_INDEX value to 15 -
   C:\Xilinx\14.6\ISE_DS\EDK\hw\XilinxProcessorIPLib\pcores\mpmc_v6_06_a\data\mp
   mc_v2_1_0.mpd line 784 
INFO:EDK:4130 - IPNAME: mpmc, INSTANCE:DDR2_SDRAM - tcl is overriding PARAMETER
   C_CTRL_PHYIF_FORCE_DM_INDEX value to 16 -
   C:\Xilinx\14.6\ISE_DS\EDK\hw\XilinxProcessorIPLib\pcores\mpmc_v6_06_a\data\mp
   mc_v2_1_0.mpd line 785 
INFO:EDK:4130 - IPNAME: mpmc, INSTANCE:DDR2_SDRAM - tcl is overriding PARAMETER
   C_CTRL_REPEAT4_INDEX value to 17 -
   C:\Xilinx\14.6\ISE_DS\EDK\hw\XilinxProcessorIPLib\pcores\mpmc_v6_06_a\data\mp
   mc_v2_1_0.mpd line 786 
INFO:EDK:4130 - IPNAME: mpmc, INSTANCE:DDR2_SDRAM - tcl is overriding PARAMETER
   C_CTRL_ARB_RDMODWR_DELAY value to 3 -
   C:\Xilinx\14.6\ISE_DS\EDK\hw\XilinxProcessorIPLib\pcores\mpmc_v6_06_a\data\mp
   mc_v2_1_0.mpd line 797 
INFO:EDK:4130 - IPNAME: mpmc, INSTANCE:DDR2_SDRAM - tcl is overriding PARAMETER
   C_CTRL_AP_COL_DELAY value to 1 -
   C:\Xilinx\14.6\ISE_DS\EDK\hw\XilinxProcessorIPLib\pcores\mpmc_v6_06_a\data\mp
   mc_v2_1_0.mpd line 798 
INFO:EDK:4130 - IPNAME: mpmc, INSTANCE:DDR2_SDRAM - tcl is overriding PARAMETER
   C_CTRL_DP_LOAD_RDWDADDR_DELAY value to 2 -
   C:\Xilinx\14.6\ISE_DS\EDK\hw\XilinxProcessorIPLib\pcores\mpmc_v6_06_a\data\mp
   mc_v2_1_0.mpd line 802 
INFO:EDK:4130 - IPNAME: mpmc, INSTANCE:DDR2_SDRAM - tcl is overriding PARAMETER
   C_CTRL_DP_RDFIFO_WHICHPORT_DELAY value to 12 -
   C:\Xilinx\14.6\ISE_DS\EDK\hw\XilinxProcessorIPLib\pcores\mpmc_v6_06_a\data\mp
   mc_v2_1_0.mpd line 803 
INFO:EDK:4130 - IPNAME: mpmc, INSTANCE:DDR2_SDRAM - tcl is overriding PARAMETER
   C_CTRL_DP_SIZE_DELAY value to 2 -
   C:\Xilinx\14.6\ISE_DS\EDK\hw\XilinxProcessorIPLib\pcores\mpmc_v6_06_a\data\mp
   mc_v2_1_0.mpd line 804 
INFO:EDK:4130 - IPNAME: mpmc, INSTANCE:DDR2_SDRAM - tcl is overriding PARAMETER
   C_CTRL_DP_WRFIFO_WHICHPORT_DELAY value to 4 -
   C:\Xilinx\14.6\ISE_DS\EDK\hw\XilinxProcessorIPLib\pcores\mpmc_v6_06_a\data\mp
   mc_v2_1_0.mpd line 805 
INFO:EDK:4130 - IPNAME: mpmc, INSTANCE:DDR2_SDRAM - tcl is overriding PARAMETER
   C_CTRL_PHYIF_DUMMYREADSTART_DELAY value to 5 -
   C:\Xilinx\14.6\ISE_DS\EDK\hw\XilinxProcessorIPLib\pcores\mpmc_v6_06_a\data\mp
   mc_v2_1_0.mpd line 806 
INFO:EDK:4130 - IPNAME: mpmc, INSTANCE:DDR2_SDRAM - tcl is overriding PARAMETER
   C_CTRL_Q0_DELAY value to 1 -
   C:\Xilinx\14.6\ISE_DS\EDK\hw\XilinxProcessorIPLib\pcores\mpmc_v6_06_a\data\mp
   mc_v2_1_0.mpd line 807 
INFO:EDK:4130 - IPNAME: mpmc, INSTANCE:DDR2_SDRAM - tcl is overriding PARAMETER
   C_CTRL_Q1_DELAY value to 1 -
   C:\Xilinx\14.6\ISE_DS\EDK\hw\XilinxProcessorIPLib\pcores\mpmc_v6_06_a\data\mp
   mc_v2_1_0.mpd line 808 
INFO:EDK:4130 - IPNAME: mpmc, INSTANCE:DDR2_SDRAM - tcl is overriding PARAMETER
   C_CTRL_Q2_DELAY value to 2 -
   C:\Xilinx\14.6\ISE_DS\EDK\hw\XilinxProcessorIPLib\pcores\mpmc_v6_06_a\data\mp
   mc_v2_1_0.mpd line 809 
INFO:EDK:4130 - IPNAME: mpmc, INSTANCE:DDR2_SDRAM - tcl is overriding PARAMETER
   C_CTRL_Q3_DELAY value to 2 -
   C:\Xilinx\14.6\ISE_DS\EDK\hw\XilinxProcessorIPLib\pcores\mpmc_v6_06_a\data\mp
   mc_v2_1_0.mpd line 810 
INFO:EDK:4130 - IPNAME: mpmc, INSTANCE:DDR2_SDRAM - tcl is overriding PARAMETER
   C_CTRL_Q4_DELAY value to 2 -
   C:\Xilinx\14.6\ISE_DS\EDK\hw\XilinxProcessorIPLib\pcores\mpmc_v6_06_a\data\mp
   mc_v2_1_0.mpd line 811 
INFO:EDK:4130 - IPNAME: mpmc, INSTANCE:DDR2_SDRAM - tcl is overriding PARAMETER
   C_CTRL_Q6_DELAY value to 5 -
   C:\Xilinx\14.6\ISE_DS\EDK\hw\XilinxProcessorIPLib\pcores\mpmc_v6_06_a\data\mp
   mc_v2_1_0.mpd line 813 
INFO:EDK:4130 - IPNAME: mpmc, INSTANCE:DDR2_SDRAM - tcl is overriding PARAMETER
   C_CTRL_Q8_DELAY value to 2 -
   C:\Xilinx\14.6\ISE_DS\EDK\hw\XilinxProcessorIPLib\pcores\mpmc_v6_06_a\data\mp
   mc_v2_1_0.mpd line 815 
INFO:EDK:4130 - IPNAME: mpmc, INSTANCE:DDR2_SDRAM - tcl is overriding PARAMETER
   C_CTRL_Q10_DELAY value to 2 -
   C:\Xilinx\14.6\ISE_DS\EDK\hw\XilinxProcessorIPLib\pcores\mpmc_v6_06_a\data\mp
   mc_v2_1_0.mpd line 817 
INFO:EDK:4130 - IPNAME: mpmc, INSTANCE:DDR2_SDRAM - tcl is overriding PARAMETER
   C_CTRL_Q12_DELAY value to 1 -
   C:\Xilinx\14.6\ISE_DS\EDK\hw\XilinxProcessorIPLib\pcores\mpmc_v6_06_a\data\mp
   mc_v2_1_0.mpd line 819 
INFO:EDK:4130 - IPNAME: mpmc, INSTANCE:DDR2_SDRAM - tcl is overriding PARAMETER
   C_CTRL_Q13_DELAY value to 1 -
   C:\Xilinx\14.6\ISE_DS\EDK\hw\XilinxProcessorIPLib\pcores\mpmc_v6_06_a\data\mp
   mc_v2_1_0.mpd line 820 
INFO:EDK:4130 - IPNAME: mpmc, INSTANCE:DDR2_SDRAM - tcl is overriding PARAMETER
   C_CTRL_Q14_DELAY value to 1 -
   C:\Xilinx\14.6\ISE_DS\EDK\hw\XilinxProcessorIPLib\pcores\mpmc_v6_06_a\data\mp
   mc_v2_1_0.mpd line 821 
INFO:EDK:4130 - IPNAME: mpmc, INSTANCE:DDR2_SDRAM - tcl is overriding PARAMETER
   C_CTRL_Q15_DELAY value to 1 -
   C:\Xilinx\14.6\ISE_DS\EDK\hw\XilinxProcessorIPLib\pcores\mpmc_v6_06_a\data\mp
   mc_v2_1_0.mpd line 822 
INFO:EDK:4130 - IPNAME: mpmc, INSTANCE:DDR2_SDRAM - tcl is overriding PARAMETER
   C_CTRL_Q16_DELAY value to 1 -
   C:\Xilinx\14.6\ISE_DS\EDK\hw\XilinxProcessorIPLib\pcores\mpmc_v6_06_a\data\mp
   mc_v2_1_0.mpd line 823 
INFO:EDK:4130 - IPNAME: mpmc, INSTANCE:DDR2_SDRAM - tcl is overriding PARAMETER
   C_CTRL_Q17_DELAY value to 1 -
   C:\Xilinx\14.6\ISE_DS\EDK\hw\XilinxProcessorIPLib\pcores\mpmc_v6_06_a\data\mp
   mc_v2_1_0.mpd line 824 
INFO:EDK:4130 - IPNAME: mpmc, INSTANCE:DDR2_SDRAM - tcl is overriding PARAMETER
   C_SKIP_1_VALUE value to 0x001 -
   C:\Xilinx\14.6\ISE_DS\EDK\hw\XilinxProcessorIPLib\pcores\mpmc_v6_06_a\data\mp
   mc_v2_1_0.mpd line 843 
INFO:EDK:4130 - IPNAME: mpmc, INSTANCE:DDR2_SDRAM - tcl is overriding PARAMETER
   C_SKIP_2_VALUE value to 0x001 -
   C:\Xilinx\14.6\ISE_DS\EDK\hw\XilinxProcessorIPLib\pcores\mpmc_v6_06_a\data\mp
   mc_v2_1_0.mpd line 844 
INFO:EDK:4130 - IPNAME: mpmc, INSTANCE:DDR2_SDRAM - tcl is overriding PARAMETER
   C_SKIP_3_VALUE value to 0x001 -
   C:\Xilinx\14.6\ISE_DS\EDK\hw\XilinxProcessorIPLib\pcores\mpmc_v6_06_a\data\mp
   mc_v2_1_0.mpd line 845 
INFO:EDK:4130 - IPNAME: mpmc, INSTANCE:DDR2_SDRAM - tcl is overriding PARAMETER
   C_SKIP_4_VALUE value to 0x001 -
   C:\Xilinx\14.6\ISE_DS\EDK\hw\XilinxProcessorIPLib\pcores\mpmc_v6_06_a\data\mp
   mc_v2_1_0.mpd line 846 
INFO:EDK:4130 - IPNAME: mpmc, INSTANCE:DDR2_SDRAM - tcl is overriding PARAMETER
   C_SKIP_5_VALUE value to 0x001 -
   C:\Xilinx\14.6\ISE_DS\EDK\hw\XilinxProcessorIPLib\pcores\mpmc_v6_06_a\data\mp
   mc_v2_1_0.mpd line 847 
INFO:EDK:4130 - IPNAME: mpmc, INSTANCE:DDR2_SDRAM - tcl is overriding PARAMETER
   C_SKIP_6_VALUE value to 0x001 -
   C:\Xilinx\14.6\ISE_DS\EDK\hw\XilinxProcessorIPLib\pcores\mpmc_v6_06_a\data\mp
   mc_v2_1_0.mpd line 848 
INFO:EDK:4130 - IPNAME: mpmc, INSTANCE:DDR2_SDRAM - tcl is overriding PARAMETER
   C_SKIP_7_VALUE value to 0x001 -
   C:\Xilinx\14.6\ISE_DS\EDK\hw\XilinxProcessorIPLib\pcores\mpmc_v6_06_a\data\mp
   mc_v2_1_0.mpd line 849 
INFO:EDK:4130 - IPNAME: mpmc, INSTANCE:DDR2_SDRAM - tcl is overriding PARAMETER
   C_B64_REPEAT_CNT value to 2 -
   C:\Xilinx\14.6\ISE_DS\EDK\hw\XilinxProcessorIPLib\pcores\mpmc_v6_06_a\data\mp
   mc_v2_1_0.mpd line 852 
INFO:EDK:4130 - IPNAME: mpmc, INSTANCE:DDR2_SDRAM - tcl is overriding PARAMETER
   C_HIGHADDR_CTRL0 value to 0x00b -
   C:\Xilinx\14.6\ISE_DS\EDK\hw\XilinxProcessorIPLib\pcores\mpmc_v6_06_a\data\mp
   mc_v2_1_0.mpd line 855 
INFO:EDK:4130 - IPNAME: mpmc, INSTANCE:DDR2_SDRAM - tcl is overriding PARAMETER
   C_BASEADDR_CTRL1 value to 0x00c -
   C:\Xilinx\14.6\ISE_DS\EDK\hw\XilinxProcessorIPLib\pcores\mpmc_v6_06_a\data\mp
   mc_v2_1_0.mpd line 856 
INFO:EDK:4130 - IPNAME: mpmc, INSTANCE:DDR2_SDRAM - tcl is overriding PARAMETER
   C_HIGHADDR_CTRL1 value to 0x013 -
   C:\Xilinx\14.6\ISE_DS\EDK\hw\XilinxProcessorIPLib\pcores\mpmc_v6_06_a\data\mp
   mc_v2_1_0.mpd line 857 
INFO:EDK:4130 - IPNAME: mpmc, INSTANCE:DDR2_SDRAM - tcl is overriding PARAMETER
   C_BASEADDR_CTRL2 value to 0x014 -
   C:\Xilinx\14.6\ISE_DS\EDK\hw\XilinxProcessorIPLib\pcores\mpmc_v6_06_a\data\mp
   mc_v2_1_0.mpd line 858 
INFO:EDK:4130 - IPNAME: mpmc, INSTANCE:DDR2_SDRAM - tcl is overriding PARAMETER
   C_HIGHADDR_CTRL2 value to 0x01f -
   C:\Xilinx\14.6\ISE_DS\EDK\hw\XilinxProcessorIPLib\pcores\mpmc_v6_06_a\data\mp
   mc_v2_1_0.mpd line 859 
INFO:EDK:4130 - IPNAME: mpmc, INSTANCE:DDR2_SDRAM - tcl is overriding PARAMETER
   C_BASEADDR_CTRL3 value to 0x020 -
   C:\Xilinx\14.6\ISE_DS\EDK\hw\XilinxProcessorIPLib\pcores\mpmc_v6_06_a\data\mp
   mc_v2_1_0.mpd line 860 
INFO:EDK:4130 - IPNAME: mpmc, INSTANCE:DDR2_SDRAM - tcl is overriding PARAMETER
   C_HIGHADDR_CTRL3 value to 0x027 -
   C:\Xilinx\14.6\ISE_DS\EDK\hw\XilinxProcessorIPLib\pcores\mpmc_v6_06_a\data\mp
   mc_v2_1_0.mpd line 861 
INFO:EDK:4130 - IPNAME: mpmc, INSTANCE:DDR2_SDRAM - tcl is overriding PARAMETER
   C_BASEADDR_CTRL4 value to 0x028 -
   C:\Xilinx\14.6\ISE_DS\EDK\hw\XilinxProcessorIPLib\pcores\mpmc_v6_06_a\data\mp
   mc_v2_1_0.mpd line 862 
INFO:EDK:4130 - IPNAME: mpmc, INSTANCE:DDR2_SDRAM - tcl is overriding PARAMETER
   C_HIGHADDR_CTRL4 value to 0x033 -
   C:\Xilinx\14.6\ISE_DS\EDK\hw\XilinxProcessorIPLib\pcores\mpmc_v6_06_a\data\mp
   mc_v2_1_0.mpd line 863 
INFO:EDK:4130 - IPNAME: mpmc, INSTANCE:DDR2_SDRAM - tcl is overriding PARAMETER
   C_BASEADDR_CTRL5 value to 0x034 -
   C:\Xilinx\14.6\ISE_DS\EDK\hw\XilinxProcessorIPLib\pcores\mpmc_v6_06_a\data\mp
   mc_v2_1_0.mpd line 864 
INFO:EDK:4130 - IPNAME: mpmc, INSTANCE:DDR2_SDRAM - tcl is overriding PARAMETER
   C_HIGHADDR_CTRL5 value to 0x03b -
   C:\Xilinx\14.6\ISE_DS\EDK\hw\XilinxProcessorIPLib\pcores\mpmc_v6_06_a\data\mp
   mc_v2_1_0.mpd line 865 
INFO:EDK:4130 - IPNAME: mpmc, INSTANCE:DDR2_SDRAM - tcl is overriding PARAMETER
   C_BASEADDR_CTRL6 value to 0x03c -
   C:\Xilinx\14.6\ISE_DS\EDK\hw\XilinxProcessorIPLib\pcores\mpmc_v6_06_a\data\mp
   mc_v2_1_0.mpd line 866 
INFO:EDK:4130 - IPNAME: mpmc, INSTANCE:DDR2_SDRAM - tcl is overriding PARAMETER
   C_HIGHADDR_CTRL6 value to 0x047 -
   C:\Xilinx\14.6\ISE_DS\EDK\hw\XilinxProcessorIPLib\pcores\mpmc_v6_06_a\data\mp
   mc_v2_1_0.mpd line 867 
INFO:EDK:4130 - IPNAME: mpmc, INSTANCE:DDR2_SDRAM - tcl is overriding PARAMETER
   C_BASEADDR_CTRL7 value to 0x048 -
   C:\Xilinx\14.6\ISE_DS\EDK\hw\XilinxProcessorIPLib\pcores\mpmc_v6_06_a\data\mp
   mc_v2_1_0.mpd line 868 
INFO:EDK:4130 - IPNAME: mpmc, INSTANCE:DDR2_SDRAM - tcl is overriding PARAMETER
   C_HIGHADDR_CTRL7 value to 0x04f -
   C:\Xilinx\14.6\ISE_DS\EDK\hw\XilinxProcessorIPLib\pcores\mpmc_v6_06_a\data\mp
   mc_v2_1_0.mpd line 869 
INFO:EDK:4130 - IPNAME: mpmc, INSTANCE:DDR2_SDRAM - tcl is overriding PARAMETER
   C_BASEADDR_CTRL8 value to 0x050 -
   C:\Xilinx\14.6\ISE_DS\EDK\hw\XilinxProcessorIPLib\pcores\mpmc_v6_06_a\data\mp
   mc_v2_1_0.mpd line 870 
INFO:EDK:4130 - IPNAME: mpmc, INSTANCE:DDR2_SDRAM - tcl is overriding PARAMETER
   C_HIGHADDR_CTRL8 value to 0x05d -
   C:\Xilinx\14.6\ISE_DS\EDK\hw\XilinxProcessorIPLib\pcores\mpmc_v6_06_a\data\mp
   mc_v2_1_0.mpd line 871 
INFO:EDK:4130 - IPNAME: mpmc, INSTANCE:DDR2_SDRAM - tcl is overriding PARAMETER
   C_BASEADDR_CTRL9 value to 0x05e -
   C:\Xilinx\14.6\ISE_DS\EDK\hw\XilinxProcessorIPLib\pcores\mpmc_v6_06_a\data\mp
   mc_v2_1_0.mpd line 872 
INFO:EDK:4130 - IPNAME: mpmc, INSTANCE:DDR2_SDRAM - tcl is overriding PARAMETER
   C_HIGHADDR_CTRL9 value to 0x066 -
   C:\Xilinx\14.6\ISE_DS\EDK\hw\XilinxProcessorIPLib\pcores\mpmc_v6_06_a\data\mp
   mc_v2_1_0.mpd line 873 
INFO:EDK:4130 - IPNAME: mpmc, INSTANCE:DDR2_SDRAM - tcl is overriding PARAMETER
   C_BASEADDR_CTRL10 value to 0x067 -
   C:\Xilinx\14.6\ISE_DS\EDK\hw\XilinxProcessorIPLib\pcores\mpmc_v6_06_a\data\mp
   mc_v2_1_0.mpd line 874 
INFO:EDK:4130 - IPNAME: mpmc, INSTANCE:DDR2_SDRAM - tcl is overriding PARAMETER
   C_HIGHADDR_CTRL10 value to 0x078 -
   C:\Xilinx\14.6\ISE_DS\EDK\hw\XilinxProcessorIPLib\pcores\mpmc_v6_06_a\data\mp
   mc_v2_1_0.mpd line 875 
INFO:EDK:4130 - IPNAME: mpmc, INSTANCE:DDR2_SDRAM - tcl is overriding PARAMETER
   C_BASEADDR_CTRL11 value to 0x079 -
   C:\Xilinx\14.6\ISE_DS\EDK\hw\XilinxProcessorIPLib\pcores\mpmc_v6_06_a\data\mp
   mc_v2_1_0.mpd line 876 
INFO:EDK:4130 - IPNAME: mpmc, INSTANCE:DDR2_SDRAM - tcl is overriding PARAMETER
   C_HIGHADDR_CTRL11 value to 0x085 -
   C:\Xilinx\14.6\ISE_DS\EDK\hw\XilinxProcessorIPLib\pcores\mpmc_v6_06_a\data\mp
   mc_v2_1_0.mpd line 877 
INFO:EDK:4130 - IPNAME: mpmc, INSTANCE:DDR2_SDRAM - tcl is overriding PARAMETER
   C_BASEADDR_CTRL12 value to 0x086 -
   C:\Xilinx\14.6\ISE_DS\EDK\hw\XilinxProcessorIPLib\pcores\mpmc_v6_06_a\data\mp
   mc_v2_1_0.mpd line 878 
INFO:EDK:4130 - IPNAME: mpmc, INSTANCE:DDR2_SDRAM - tcl is overriding PARAMETER
   C_HIGHADDR_CTRL12 value to 0x097 -
   C:\Xilinx\14.6\ISE_DS\EDK\hw\XilinxProcessorIPLib\pcores\mpmc_v6_06_a\data\mp
   mc_v2_1_0.mpd line 879 
INFO:EDK:4130 - IPNAME: mpmc, INSTANCE:DDR2_SDRAM - tcl is overriding PARAMETER
   C_BASEADDR_CTRL13 value to 0x098 -
   C:\Xilinx\14.6\ISE_DS\EDK\hw\XilinxProcessorIPLib\pcores\mpmc_v6_06_a\data\mp
   mc_v2_1_0.mpd line 880 
INFO:EDK:4130 - IPNAME: mpmc, INSTANCE:DDR2_SDRAM - tcl is overriding PARAMETER
   C_HIGHADDR_CTRL13 value to 0x0a4 -
   C:\Xilinx\14.6\ISE_DS\EDK\hw\XilinxProcessorIPLib\pcores\mpmc_v6_06_a\data\mp
   mc_v2_1_0.mpd line 881 
INFO:EDK:4130 - IPNAME: mpmc, INSTANCE:DDR2_SDRAM - tcl is overriding PARAMETER
   C_BASEADDR_CTRL14 value to 0x0a5 -
   C:\Xilinx\14.6\ISE_DS\EDK\hw\XilinxProcessorIPLib\pcores\mpmc_v6_06_a\data\mp
   mc_v2_1_0.mpd line 882 
INFO:EDK:4130 - IPNAME: mpmc, INSTANCE:DDR2_SDRAM - tcl is overriding PARAMETER
   C_HIGHADDR_CTRL14 value to 0x0b5 -
   C:\Xilinx\14.6\ISE_DS\EDK\hw\XilinxProcessorIPLib\pcores\mpmc_v6_06_a\data\mp
   mc_v2_1_0.mpd line 883 
INFO:EDK:4130 - IPNAME: mpmc, INSTANCE:DDR2_SDRAM - tcl is overriding PARAMETER
   C_BASEADDR_CTRL15 value to 0x0b6 -
   C:\Xilinx\14.6\ISE_DS\EDK\hw\XilinxProcessorIPLib\pcores\mpmc_v6_06_a\data\mp
   mc_v2_1_0.mpd line 884 
INFO:EDK:4130 - IPNAME: mpmc, INSTANCE:DDR2_SDRAM - tcl is overriding PARAMETER
   C_HIGHADDR_CTRL15 value to 0x0b7 -
   C:\Xilinx\14.6\ISE_DS\EDK\hw\XilinxProcessorIPLib\pcores\mpmc_v6_06_a\data\mp
   mc_v2_1_0.mpd line 885 
INFO:EDK:4130 - IPNAME: mpmc, INSTANCE:DDR2_SDRAM - tcl is overriding PARAMETER
   C_CTRL_BRAM_INIT_19 value to
   0x000002FC000002FC000002FC000002FC000002FC000002FC000002FC000002FC -
   C:\Xilinx\14.6\ISE_DS\EDK\hw\XilinxProcessorIPLib\pcores\mpmc_v6_06_a\data\mp
   mc_v2_1_0.mpd line 926 
INFO:EDK:4130 - IPNAME: mpmc, INSTANCE:DDR2_SDRAM - tcl is overriding PARAMETER
   C_CTRL_BRAM_INIT_18 value to
   0x000002FC000002FC000002FC000002FC000002FC000002FC000002FC000002FC -
   C:\Xilinx\14.6\ISE_DS\EDK\hw\XilinxProcessorIPLib\pcores\mpmc_v6_06_a\data\mp
   mc_v2_1_0.mpd line 927 
INFO:EDK:4130 - IPNAME: mpmc, INSTANCE:DDR2_SDRAM - tcl is overriding PARAMETER
   C_CTRL_BRAM_INIT_17 value to
   0x000002FC000002FC000002FC000002FC000002FC000002FC000002FC000002FC -
   C:\Xilinx\14.6\ISE_DS\EDK\hw\XilinxProcessorIPLib\pcores\mpmc_v6_06_a\data\mp
   mc_v2_1_0.mpd line 928 
INFO:EDK:4130 - IPNAME: mpmc, INSTANCE:DDR2_SDRAM - tcl is overriding PARAMETER
   C_CTRL_BRAM_INIT_16 value to
   0x0000001C0000001C0000001C0000001C0000001C0000001C0000001C0000001D -
   C:\Xilinx\14.6\ISE_DS\EDK\hw\XilinxProcessorIPLib\pcores\mpmc_v6_06_a\data\mp
   mc_v2_1_0.mpd line 929 
INFO:EDK:4130 - IPNAME: mpmc, INSTANCE:DDR2_SDRAM - tcl is overriding PARAMETER
   C_CTRL_BRAM_INIT_15 value to
   0x0000001C0000001C0000001C0000001C0000001C0000001C0000001C00000010 -
   C:\Xilinx\14.6\ISE_DS\EDK\hw\XilinxProcessorIPLib\pcores\mpmc_v6_06_a\data\mp
   mc_v2_1_0.mpd line 930 
INFO:EDK:4130 - IPNAME: mpmc, INSTANCE:DDR2_SDRAM - tcl is overriding PARAMETER
   C_CTRL_BRAM_INIT_14 value to
   0x0000001C0000001C000040080000001C0000001C000040080000001C00002414 -
   C:\Xilinx\14.6\ISE_DS\EDK\hw\XilinxProcessorIPLib\pcores\mpmc_v6_06_a\data\mp
   mc_v2_1_0.mpd line 931 
INFO:EDK:4130 - IPNAME: mpmc, INSTANCE:DDR2_SDRAM - tcl is overriding PARAMETER
   C_CTRL_BRAM_INIT_13 value to
   0x0000041D000024140000041C000024140002041C000024140000141C00008018 -
   C:\Xilinx\14.6\ISE_DS\EDK\hw\XilinxProcessorIPLib\pcores\mpmc_v6_06_a\data\mp
   mc_v2_1_0.mpd line 932 
INFO:EDK:4130 - IPNAME: mpmc, INSTANCE:DDR2_SDRAM - tcl is overriding PARAMETER
   C_CTRL_BRAM_INIT_12 value to
   0x0000001E0000001E0000001E0000400A0000001E0000001F0000001E0000201E -
   C:\Xilinx\14.6\ISE_DS\EDK\hw\XilinxProcessorIPLib\pcores\mpmc_v6_06_a\data\mp
   mc_v2_1_0.mpd line 933 
INFO:EDK:4130 - IPNAME: mpmc, INSTANCE:DDR2_SDRAM - tcl is overriding PARAMETER
   C_CTRL_BRAM_INIT_11 value to
   0x0000001E000021060000011E000021060000011E000021060002011E00002106 -
   C:\Xilinx\14.6\ISE_DS\EDK\hw\XilinxProcessorIPLib\pcores\mpmc_v6_06_a\data\mp
   mc_v2_1_0.mpd line 934 
INFO:EDK:4130 - IPNAME: mpmc, INSTANCE:DDR2_SDRAM - tcl is overriding PARAMETER
   C_CTRL_BRAM_INIT_10 value to
   0x0000111E0000801A0000001C0000001C000040080000001C000024140000041D -
   C:\Xilinx\14.6\ISE_DS\EDK\hw\XilinxProcessorIPLib\pcores\mpmc_v6_06_a\data\mp
   mc_v2_1_0.mpd line 935 
INFO:EDK:4130 - IPNAME: mpmc, INSTANCE:DDR2_SDRAM - tcl is overriding PARAMETER
   C_CTRL_BRAM_INIT_0F value to
   0x000024140000041C000024140002041C000024140000141C000080180000001E -
   C:\Xilinx\14.6\ISE_DS\EDK\hw\XilinxProcessorIPLib\pcores\mpmc_v6_06_a\data\mp
   mc_v2_1_0.mpd line 936 
INFO:EDK:4130 - IPNAME: mpmc, INSTANCE:DDR2_SDRAM - tcl is overriding PARAMETER
   C_CTRL_BRAM_INIT_0E value to
   0x0000001E0000001E0000400A0000001E0000001F0000001E0000201E0000001E -
   C:\Xilinx\14.6\ISE_DS\EDK\hw\XilinxProcessorIPLib\pcores\mpmc_v6_06_a\data\mp
   mc_v2_1_0.mpd line 937 
INFO:EDK:4130 - IPNAME: mpmc, INSTANCE:DDR2_SDRAM - tcl is overriding PARAMETER
   C_CTRL_BRAM_INIT_0D value to
   0x000021060000011E000021060000011E000021060002011E000021060000111E -
   C:\Xilinx\14.6\ISE_DS\EDK\hw\XilinxProcessorIPLib\pcores\mpmc_v6_06_a\data\mp
   mc_v2_1_0.mpd line 938 
INFO:EDK:4130 - IPNAME: mpmc, INSTANCE:DDR2_SDRAM - tcl is overriding PARAMETER
   C_CTRL_BRAM_INIT_0C value to
   0x0000801A0000001C0000001C000040080000001C000024140000041D00002414 -
   C:\Xilinx\14.6\ISE_DS\EDK\hw\XilinxProcessorIPLib\pcores\mpmc_v6_06_a\data\mp
   mc_v2_1_0.mpd line 939 
INFO:EDK:4130 - IPNAME: mpmc, INSTANCE:DDR2_SDRAM - tcl is overriding PARAMETER
   C_CTRL_BRAM_INIT_0B value to
   0x0000141C000080180000001E0000001E0000001E0000400A0000001E0000001F -
   C:\Xilinx\14.6\ISE_DS\EDK\hw\XilinxProcessorIPLib\pcores\mpmc_v6_06_a\data\mp
   mc_v2_1_0.mpd line 940 
INFO:EDK:4130 - IPNAME: mpmc, INSTANCE:DDR2_SDRAM - tcl is overriding PARAMETER
   C_CTRL_BRAM_INIT_0A value to
   0x0000001E0000201E0000001E000021060000011E000021060000111E0000801A -
   C:\Xilinx\14.6\ISE_DS\EDK\hw\XilinxProcessorIPLib\pcores\mpmc_v6_06_a\data\mp
   mc_v2_1_0.mpd line 941 
INFO:EDK:4130 - IPNAME: mpmc, INSTANCE:DDR2_SDRAM - tcl is overriding PARAMETER
   C_CTRL_BRAM_INIT_09 value to
   0x0000001C0000001C000040080000001C0000001C000024150000141C00008018 -
   C:\Xilinx\14.6\ISE_DS\EDK\hw\XilinxProcessorIPLib\pcores\mpmc_v6_06_a\data\mp
   mc_v2_1_0.mpd line 942 
INFO:EDK:4130 - IPNAME: mpmc, INSTANCE:DDR2_SDRAM - tcl is overriding PARAMETER
   C_CTRL_BRAM_INIT_08 value to
   0x0000001E0000001E0000001E0000400A0000001E0000001F0000001E0000201E -
   C:\Xilinx\14.6\ISE_DS\EDK\hw\XilinxProcessorIPLib\pcores\mpmc_v6_06_a\data\mp
   mc_v2_1_0.mpd line 943 
INFO:EDK:4130 - IPNAME: mpmc, INSTANCE:DDR2_SDRAM - tcl is overriding PARAMETER
   C_CTRL_BRAM_INIT_07 value to
   0x0000001E000021060000111E0000801A0000001C0000001C000040080000001C -
   C:\Xilinx\14.6\ISE_DS\EDK\hw\XilinxProcessorIPLib\pcores\mpmc_v6_06_a\data\mp
   mc_v2_1_0.mpd line 944 
INFO:EDK:4130 - IPNAME: mpmc, INSTANCE:DDR2_SDRAM - tcl is overriding PARAMETER
   C_CTRL_BRAM_INIT_06 value to
   0x0000001C000020150000141C000080180000001E0000001E0000001E0000400A -
   C:\Xilinx\14.6\ISE_DS\EDK\hw\XilinxProcessorIPLib\pcores\mpmc_v6_06_a\data\mp
   mc_v2_1_0.mpd line 945 
INFO:EDK:4130 - IPNAME: mpmc, INSTANCE:DDR2_SDRAM - tcl is overriding PARAMETER
   C_CTRL_BRAM_INIT_05 value to
   0x0000001E0000001F0000001E0000001E0000001E000021060001111E0000801A -
   C:\Xilinx\14.6\ISE_DS\EDK\hw\XilinxProcessorIPLib\pcores\mpmc_v6_06_a\data\mp
   mc_v2_1_0.mpd line 946 
INFO:EDK:4130 - IPNAME: mpmc, INSTANCE:DDR2_SDRAM - tcl is overriding PARAMETER
   C_CTRL_BRAM_INIT_04 value to
   0x0000001C0000001C000040080000001C0000001C000020150000141C00008018 -
   C:\Xilinx\14.6\ISE_DS\EDK\hw\XilinxProcessorIPLib\pcores\mpmc_v6_06_a\data\mp
   mc_v2_1_0.mpd line 947 
INFO:EDK:4130 - IPNAME: mpmc, INSTANCE:DDR2_SDRAM - tcl is overriding PARAMETER
   C_CTRL_BRAM_INIT_03 value to
   0x0000001E0000001E0000001E0000400A0000001E0000001F0000001E0000001E -
   C:\Xilinx\14.6\ISE_DS\EDK\hw\XilinxProcessorIPLib\pcores\mpmc_v6_06_a\data\mp
   mc_v2_1_0.mpd line 948 
INFO:EDK:4130 - IPNAME: mpmc, INSTANCE:DDR2_SDRAM - tcl is overriding PARAMETER
   C_CTRL_BRAM_INIT_02 value to
   0x0000001E000021060001111E0000801A0000001C0000001C000040080000001C -
   C:\Xilinx\14.6\ISE_DS\EDK\hw\XilinxProcessorIPLib\pcores\mpmc_v6_06_a\data\mp
   mc_v2_1_0.mpd line 949 
INFO:EDK:4130 - IPNAME: mpmc, INSTANCE:DDR2_SDRAM - tcl is overriding PARAMETER
   C_CTRL_BRAM_INIT_01 value to
   0x0000001C000020150000141C000080180000001E0000001E0000001E0000400A -
   C:\Xilinx\14.6\ISE_DS\EDK\hw\XilinxProcessorIPLib\pcores\mpmc_v6_06_a\data\mp
   mc_v2_1_0.mpd line 950 
INFO:EDK:4130 - IPNAME: mpmc, INSTANCE:DDR2_SDRAM - tcl is overriding PARAMETER
   C_CTRL_BRAM_INIT_00 value to
   0x0000001E0000001F0000001E0000001E0000001E000021060001111E0000801A -
   C:\Xilinx\14.6\ISE_DS\EDK\hw\XilinxProcessorIPLib\pcores\mpmc_v6_06_a\data\mp
   mc_v2_1_0.mpd line 951 
INFO:EDK:4130 - IPNAME: mpmc, INSTANCE:DDR2_SDRAM - tcl is overriding PARAMETER
   C_CTRL_BRAM_INITP_03 value to
   0x0000000000000000000000000000000000000000000000000000000000000000 -
   C:\Xilinx\14.6\ISE_DS\EDK\hw\XilinxProcessorIPLib\pcores\mpmc_v6_06_a\data\mp
   mc_v2_1_0.mpd line 957 
INFO:EDK:4130 - IPNAME: mpmc, INSTANCE:DDR2_SDRAM - tcl is overriding PARAMETER
   C_CTRL_BRAM_INITP_02 value to
   0x0000000000000000000000000000000000000000000000000000000000000000 -
   C:\Xilinx\14.6\ISE_DS\EDK\hw\XilinxProcessorIPLib\pcores\mpmc_v6_06_a\data\mp
   mc_v2_1_0.mpd line 958 
INFO:EDK:4130 - IPNAME: mpmc, INSTANCE:DDR2_SDRAM - tcl is overriding PARAMETER
   C_CTRL_BRAM_INITP_01 value to
   0x0000000000000000000000000000000000000000000000000000000000000000 -
   C:\Xilinx\14.6\ISE_DS\EDK\hw\XilinxProcessorIPLib\pcores\mpmc_v6_06_a\data\mp
   mc_v2_1_0.mpd line 959 
INFO:EDK:4130 - IPNAME: mpmc, INSTANCE:DDR2_SDRAM - tcl is overriding PARAMETER
   C_CTRL_BRAM_INITP_00 value to
   0x0000000000000000000000000000000000000000000000000000000000000000 -
   C:\Xilinx\14.6\ISE_DS\EDK\hw\XilinxProcessorIPLib\pcores\mpmc_v6_06_a\data\mp
   mc_v2_1_0.mpd line 960 

Running system level update procedures...

Running UPDATE Tcl procedures for OPTION SYSLEVEL_UPDATE_PROC...

Running system level DRCs...

Performing System level DRCs on properties...

Running DRC Tcl procedures for OPTION SYSLEVEL_DRC_PROC...
Conversion to XML complete.
