Release 14.6 Xflow P.68d (nt64)
Copyright (c) 1995-2013 Xilinx, Inc.  All rights reserved.
xflow.exe -wd implementation -p xc5vlx50tff1136-1 -implement xflow.opt
system.ngc  
PMSPEC -- Overriding Xilinx file
<C:/Xilinx/14.6/ISE_DS/EDK/virtex5/data/virtex5.acd> with local file
<C:/Xilinx/14.6/ISE_DS/ISE/virtex5/data/virtex5.acd>

Using Flow File:
C:/Users/CS152B/Documents/m152b_fall2018/Lab4/proj/implementation/fpga.flw 
Using Option File(s): 
 C:/Users/CS152B/Documents/m152b_fall2018/Lab4/proj/implementation/xflow.opt 

Creating Script File ... 

#----------------------------------------------#
# Starting program ngdbuild
# ngdbuild -p xc5vlx50tff1136-1 -nt timestamp -bm system.bmm
"C:/Users/CS152B/Documents/m152b_fall2018/Lab4/proj/implementation/system.ngc"
-uc system.ucf system.ngd 
#----------------------------------------------#
Release 14.6 - ngdbuild P.68d (nt64)
Copyright (c) 1995-2013 Xilinx, Inc.  All rights reserved.
PMSPEC -- Overriding Xilinx file
<C:/Xilinx/14.6/ISE_DS/EDK/virtex5/data/virtex5.acd> with local file
<C:/Xilinx/14.6/ISE_DS/ISE/virtex5/data/virtex5.acd>

Command Line: C:\Xilinx\14.6\ISE_DS\ISE\bin\nt64\unwrapped\ngdbuild.exe -p
xc5vlx50tff1136-1 -nt timestamp -bm system.bmm
C:/Users/CS152B/Documents/m152b_fall2018/Lab4/proj/implementation/system.ngc -uc
system.ucf system.ngd

Reading NGO file
"C:/Users/CS152B/Documents/m152b_fall2018/Lab4/proj/implementation/system.ngc"
...
Loading design module
"C:/Users/CS152B/Documents/m152b_fall2018/Lab4/proj/implementation/system_mb_plb
_wrapper.ngc"...
ERROR:NgdBuild:76 - File
   "C:/Users/CS152B/Documents/m152b_fall2018/Lab4/proj/implementation/system_mb_
   plb_wrapper.ngc" cannot be merged into block "mb_plb"
   (TYPE="system_mb_plb_wrapper") because one or more pins on the block,
   including pin "PLB_wrPrim<8>", were not found in the file.  Please make sure
   that all pins on the instantiated component match pins in the lower-level
   design block (irrespective of case).  If there are bussed pins on this block,
   make sure that the upper-level and lower-level netlists use the same
   bus-naming convention.
Loading design module
"C:/Users/CS152B/Documents/m152b_fall2018/Lab4/proj/implementation/system_microb
laze_0_wrapper.ngc"...
Loading design module
"C:/Users/CS152B/Documents/m152b_fall2018/Lab4/proj/implementation/system_ilmb_w
rapper.ngc"...
Loading design module
"C:/Users/CS152B/Documents/m152b_fall2018/Lab4/proj/implementation/system_dlmb_w
rapper.ngc"...
Loading design module
"C:/Users/CS152B/Documents/m152b_fall2018/Lab4/proj/implementation/system_dlmb_c
ntlr_wrapper.ngc"...
Loading design module
"C:/Users/CS152B/Documents/m152b_fall2018/Lab4/proj/implementation/system_ilmb_c
ntlr_wrapper.ngc"...
Loading design module
"C:/Users/CS152B/Documents/m152b_fall2018/Lab4/proj/implementation/system_lmb_br
am_wrapper.ngc"...
Loading design module
"C:/Users/CS152B/Documents/m152b_fall2018/Lab4/proj/implementation/system_rs232_
uart_0_wrapper.ngc"...
Loading design module
"C:/Users/CS152B/Documents/m152b_fall2018/Lab4/proj/implementation/system_ddr2_s
dram_wrapper.ngc"...
Loading design module
"C:/Users/CS152B/Documents/m152b_fall2018/Lab4/proj/implementation/system_clock_
generator_0_wrapper.ngc"...
Loading design module
"C:/Users/CS152B/Documents/m152b_fall2018/Lab4/proj/implementation/system_mdm_0_
wrapper.ngc"...
Loading design module
"C:/Users/CS152B/Documents/m152b_fall2018/Lab4/proj/implementation/system_proc_s
ys_reset_0_wrapper.ngc"...
Loading design module
"C:/Users/CS152B/Documents/m152b_fall2018/Lab4/proj/implementation/system_dvma_0
_wrapper.ngc"...
Loading design module
"C:/Users/CS152B/Documents/m152b_fall2018/Lab4/proj/implementation/system_hdmi_0
_wrapper.ngc"...
Loading design module
"C:/Users/CS152B/Documents/m152b_fall2018/Lab4/proj/implementation/system_cam_ct
rl_0_wrapper.ngc"...
Loading design module
"C:/Users/CS152B/Documents/m152b_fall2018/Lab4/proj/implementation/system_cam_ct
rl_1_wrapper.ngc"...
Loading design module
"C:/Users/CS152B/Documents/m152b_fall2018/Lab4/proj/implementation/system_cam_ii
c_0_wrapper.ngc"...
Loading design module
"C:/Users/CS152B/Documents/m152b_fall2018/Lab4/proj/implementation/system_cam_ii
c_1_wrapper.ngc"...
Loading design module
"C:/Users/CS152B/Documents/m152b_fall2018/Lab4/proj/implementation/system_xps_sp
i_0_wrapper.ngc"...
Loading design module
"C:/Users/CS152B/Documents/m152b_fall2018/Lab4/proj/implementation/system_xps_in
tc_0_wrapper.ngc"...
Loading design module
"C:/Users/CS152B/Documents/m152b_fall2018/Lab4/proj/implementation/system_xps_ti
mer_0_wrapper.ngc"...
Applying constraints in
"C:/Users/CS152B/Documents/m152b_fall2018/Lab4/proj/implementation/system_ddr2_s
dram_wrapper.ncf" to module "DDR2_SDRAM"...
Checking Constraint Associations...
Gathering constraint information from source properties...
Done.

Annotating constraints to design from ucf file "system.ucf" ...
Resolving constraint associations...
Checking Constraint Associations...
WARNING:ConstraintSystem:56 - Constraint <TIMESPEC TS_Cam_Ctrl_0_CAM_PCLK_pin =
   PERIOD Cam_Ctrl_0_CAM_PCLK_pin 80000 kHz;> [system.ucf(22)]: Unable to find
   an active 'TNM' or 'TimeGrp' constraint named 'Cam_Ctrl_0_CAM_PCLK_pin'.

WARNING:ConstraintSystem:56 - Constraint <TIMESPEC TS_Cam_Ctrl_0_CAM_MCLK_pin =
   PERIOD Cam_Ctrl_0_CAM_MCLK_pin 25000 kHz;> [system.ucf(23)]: Unable to find
   an active 'TNM' or 'TimeGrp' constraint named 'Cam_Ctrl_0_CAM_MCLK_pin'.

WARNING:ConstraintSystem:56 - Constraint <TIMESPEC TS_Cam_Ctrl_1_CAM_PCLK_pin =
   PERIOD Cam_Ctrl_1_CAM_PCLK_pin 80000 kHz;> [system.ucf(45)]: Unable to find
   an active 'TNM' or 'TimeGrp' constraint named 'Cam_Ctrl_1_CAM_PCLK_pin'.

WARNING:ConstraintSystem:56 - Constraint <TIMESPEC TS_Cam_Ctrl_1_CAM_MCLK_pin =
   PERIOD Cam_Ctrl_1_CAM_MCLK_pin 25000 kHz;> [system.ucf(46)]: Unable to find
   an active 'TNM' or 'TimeGrp' constraint named 'Cam_Ctrl_1_CAM_MCLK_pin'.

INFO:ConstraintSystem:178 - TNM 'sys_clk_pin', used in period specification
   'TS_sys_clk_pin', was traced into PLL_ADV instance
   clock_generator_0/PLL1_INST/Using_PLL_ADV.PLL_ADV_inst. The following new TNM
   groups and period specifications were generated at the PLL_ADV output(s): 
   CLKOUT0: <TIMESPEC TS_clock_generator_0_clock_generator_0_SIG_PLL1_CLKOUT0 =
   PERIOD "clock_generator_0_clock_generator_0_SIG_PLL1_CLKOUT0" TS_sys_clk_pin
   * 2 HIGH 50%>

INFO:ConstraintSystem:178 - TNM 'sys_clk_pin', used in period specification
   'TS_sys_clk_pin', was traced into PLL_ADV instance
   clock_generator_0/PLL1_INST/Using_PLL_ADV.PLL_ADV_inst. The following new TNM
   groups and period specifications were generated at the PLL_ADV output(s): 
   CLKOUT1: <TIMESPEC TS_clock_generator_0_clock_generator_0_SIG_PLL1_CLKOUT1 =
   PERIOD "clock_generator_0_clock_generator_0_SIG_PLL1_CLKOUT1" TS_sys_clk_pin
   * 0.75 HIGH 50%>

INFO:ConstraintSystem:178 - TNM 'sys_clk_pin', used in period specification
   'TS_sys_clk_pin', was traced into PLL_ADV instance
   clock_generator_0/PLL1_INST/Using_PLL_ADV.PLL_ADV_inst. The following new TNM
   groups and period specifications were generated at the PLL_ADV output(s): 
   CLKOUT2: <TIMESPEC TS_clock_generator_0_clock_generator_0_SIG_PLL1_CLKOUT2 =
   PERIOD "clock_generator_0_clock_generator_0_SIG_PLL1_CLKOUT2" TS_sys_clk_pin
   * 0.25 HIGH 50%>

INFO:ConstraintSystem:178 - TNM 'sys_clk_pin', used in period specification
   'TS_sys_clk_pin', was traced into PLL_ADV instance
   clock_generator_0/PLL0_INST/Using_PLL_ADV.PLL_ADV_inst. The following new TNM
   groups and period specifications were generated at the PLL_ADV output(s): 
   CLKOUT0: <TIMESPEC TS_clock_generator_0_clock_generator_0_SIG_PLL0_CLKOUT0 =
   PERIOD "clock_generator_0_clock_generator_0_SIG_PLL0_CLKOUT0" TS_sys_clk_pin
   * 1.25 PHASE 2 ns HIGH 50%>

INFO:ConstraintSystem:178 - TNM 'sys_clk_pin', used in period specification
   'TS_sys_clk_pin', was traced into PLL_ADV instance
   clock_generator_0/PLL0_INST/Using_PLL_ADV.PLL_ADV_inst. The following new TNM
   groups and period specifications were generated at the PLL_ADV output(s): 
   CLKOUT1: <TIMESPEC TS_clock_generator_0_clock_generator_0_SIG_PLL0_CLKOUT1 =
   PERIOD "clock_generator_0_clock_generator_0_SIG_PLL0_CLKOUT1" TS_sys_clk_pin
   * 1.25 HIGH 50%>

INFO:ConstraintSystem:178 - TNM 'sys_clk_pin', used in period specification
   'TS_sys_clk_pin', was traced into PLL_ADV instance
   clock_generator_0/PLL0_INST/Using_PLL_ADV.PLL_ADV_inst. The following new TNM
   groups and period specifications were generated at the PLL_ADV output(s): 
   CLKOUT2: <TIMESPEC TS_clock_generator_0_clock_generator_0_SIG_PLL0_CLKOUT2 =
   PERIOD "clock_generator_0_clock_generator_0_SIG_PLL0_CLKOUT2" TS_sys_clk_pin
   * 0.625 HIGH 50%>

Done...

Processing BMM file "system.bmm" ...

Checking expanded design ...
ERROR:NgdBuild:604 - logical block 'mb_plb' with type 'system_mb_plb_wrapper'
   could not be resolved. A pin name misspelling can cause this, a missing edif
   or ngc file, case mismatch between the block name and the edif or ngc file
   name, or the misspelling of a type name. Symbol 'system_mb_plb_wrapper' is
   not supported in target 'virtex5'.
WARNING:NgdBuild:443 - SFF primitive
   'DDR2_SDRAM/DDR2_SDRAM/mpmc_core_0/gen_v5_ddr2_phy.mpmc_phy_if_0/u_phy_io_0/u
   _phy_calib_0/gen_rden[1].u_calib_rden_r' has unconnected output pin
WARNING:NgdBuild:443 - SFF primitive
   'DDR2_SDRAM/DDR2_SDRAM/mpmc_core_0/gen_v5_ddr2_phy.mpmc_phy_if_0/u_phy_io_0/u
   _phy_calib_0/gen_rden[2].u_calib_rden_r' has unconnected output pin
WARNING:NgdBuild:443 - SFF primitive
   'DDR2_SDRAM/DDR2_SDRAM/mpmc_core_0/gen_v5_ddr2_phy.mpmc_phy_if_0/u_phy_io_0/u
   _phy_calib_0/gen_rden[3].u_calib_rden_r' has unconnected output pin
WARNING:NgdBuild:443 - SFF primitive
   'DDR2_SDRAM/DDR2_SDRAM/mpmc_core_0/gen_v5_ddr2_phy.mpmc_phy_if_0/u_phy_io_0/u
   _phy_calib_0/gen_rden[4].u_calib_rden_r' has unconnected output pin
WARNING:NgdBuild:443 - SFF primitive
   'DDR2_SDRAM/DDR2_SDRAM/mpmc_core_0/gen_v5_ddr2_phy.mpmc_phy_if_0/u_phy_io_0/u
   _phy_calib_0/gen_rden[5].u_calib_rden_r' has unconnected output pin
WARNING:NgdBuild:443 - SFF primitive
   'DDR2_SDRAM/DDR2_SDRAM/mpmc_core_0/gen_v5_ddr2_phy.mpmc_phy_if_0/u_phy_io_0/u
   _phy_calib_0/gen_rden[6].u_calib_rden_r' has unconnected output pin
WARNING:NgdBuild:443 - SFF primitive
   'DDR2_SDRAM/DDR2_SDRAM/mpmc_core_0/gen_v5_ddr2_phy.mpmc_phy_if_0/u_phy_io_0/u
   _phy_calib_0/gen_rden[7].u_calib_rden_r' has unconnected output pin
WARNING:NgdBuild:486 - Attribute "INIT_FILE" is not allowed on symbol
   "DDR2_SDRAM/mpmc_core_0/gen_paths.mpmc_data_path_0/gen_read_fifos[0].gen_fifo
   s.mpmc_read_fifo_0/gen_fifos_bram.mpmc_bram_fifo_0/gen_brams_normal.gen_v4.ge
   n_brams[3].bram" of type "RAMB16".  This attribute will be ignored.
WARNING:NgdBuild:486 - Attribute "INIT_FILE" is not allowed on symbol
   "DDR2_SDRAM/mpmc_core_0/gen_paths.mpmc_data_path_0/gen_read_fifos[0].gen_fifo
   s.mpmc_read_fifo_0/gen_fifos_bram.mpmc_bram_fifo_0/gen_brams_normal.gen_v4.ge
   n_brams[2].bram" of type "RAMB16".  This attribute will be ignored.
WARNING:NgdBuild:486 - Attribute "INIT_FILE" is not allowed on symbol
   "DDR2_SDRAM/mpmc_core_0/gen_paths.mpmc_data_path_0/gen_read_fifos[0].gen_fifo
   s.mpmc_read_fifo_0/gen_fifos_bram.mpmc_bram_fifo_0/gen_brams_normal.gen_v4.ge
   n_brams[1].bram" of type "RAMB16".  This attribute will be ignored.
WARNING:NgdBuild:486 - Attribute "INIT_FILE" is not allowed on symbol
   "DDR2_SDRAM/mpmc_core_0/gen_paths.mpmc_data_path_0/gen_read_fifos[0].gen_fifo
   s.mpmc_read_fifo_0/gen_fifos_bram.mpmc_bram_fifo_0/gen_brams_normal.gen_v4.ge
   n_brams[0].bram" of type "RAMB16".  This attribute will be ignored.
WARNING:NgdBuild:486 - Attribute "INIT_FILE" is not allowed on symbol
   "DDR2_SDRAM/mpmc_core_0/gen_paths.mpmc_data_path_0/gen_read_fifos[1].gen_fifo
   s.mpmc_read_fifo_0/gen_fifos_bram.mpmc_bram_fifo_0/gen_brams_normal.gen_v4.ge
   n_brams[3].bram" of type "RAMB16".  This attribute will be ignored.
WARNING:NgdBuild:486 - Attribute "INIT_FILE" is not allowed on symbol
   "DDR2_SDRAM/mpmc_core_0/gen_paths.mpmc_data_path_0/gen_read_fifos[1].gen_fifo
   s.mpmc_read_fifo_0/gen_fifos_bram.mpmc_bram_fifo_0/gen_brams_normal.gen_v4.ge
   n_brams[2].bram" of type "RAMB16".  This attribute will be ignored.
WARNING:NgdBuild:486 - Attribute "INIT_FILE" is not allowed on symbol
   "DDR2_SDRAM/mpmc_core_0/gen_paths.mpmc_data_path_0/gen_read_fifos[1].gen_fifo
   s.mpmc_read_fifo_0/gen_fifos_bram.mpmc_bram_fifo_0/gen_brams_normal.gen_v4.ge
   n_brams[1].bram" of type "RAMB16".  This attribute will be ignored.
WARNING:NgdBuild:486 - Attribute "INIT_FILE" is not allowed on symbol
   "DDR2_SDRAM/mpmc_core_0/gen_paths.mpmc_data_path_0/gen_read_fifos[1].gen_fifo
   s.mpmc_read_fifo_0/gen_fifos_bram.mpmc_bram_fifo_0/gen_brams_normal.gen_v4.ge
   n_brams[0].bram" of type "RAMB16".  This attribute will be ignored.
WARNING:NgdBuild:486 - Attribute "INIT_FILE" is not allowed on symbol
   "DDR2_SDRAM/mpmc_core_0/gen_paths.mpmc_data_path_0/gen_read_fifos[2].gen_fifo
   s.mpmc_read_fifo_0/gen_fifos_bram.mpmc_bram_fifo_0/gen_brams_normal.gen_v4.ge
   n_brams[3].bram" of type "RAMB16".  This attribute will be ignored.
WARNING:NgdBuild:486 - Attribute "INIT_FILE" is not allowed on symbol
   "DDR2_SDRAM/mpmc_core_0/gen_paths.mpmc_data_path_0/gen_read_fifos[2].gen_fifo
   s.mpmc_read_fifo_0/gen_fifos_bram.mpmc_bram_fifo_0/gen_brams_normal.gen_v4.ge
   n_brams[2].bram" of type "RAMB16".  This attribute will be ignored.
WARNING:NgdBuild:486 - Attribute "INIT_FILE" is not allowed on symbol
   "DDR2_SDRAM/mpmc_core_0/gen_paths.mpmc_data_path_0/gen_read_fifos[2].gen_fifo
   s.mpmc_read_fifo_0/gen_fifos_bram.mpmc_bram_fifo_0/gen_brams_normal.gen_v4.ge
   n_brams[1].bram" of type "RAMB16".  This attribute will be ignored.
WARNING:NgdBuild:486 - Attribute "INIT_FILE" is not allowed on symbol
   "DDR2_SDRAM/mpmc_core_0/gen_paths.mpmc_data_path_0/gen_read_fifos[2].gen_fifo
   s.mpmc_read_fifo_0/gen_fifos_bram.mpmc_bram_fifo_0/gen_brams_normal.gen_v4.ge
   n_brams[0].bram" of type "RAMB16".  This attribute will be ignored.
WARNING:NgdBuild:486 - Attribute "INIT_FILE" is not allowed on symbol
   "DDR2_SDRAM/mpmc_core_0/gen_paths.mpmc_data_path_0/gen_read_fifos[3].gen_fifo
   s.mpmc_read_fifo_0/gen_fifos_bram.mpmc_bram_fifo_0/gen_brams_normal.gen_v4.ge
   n_brams[3].bram" of type "RAMB16".  This attribute will be ignored.
WARNING:NgdBuild:486 - Attribute "INIT_FILE" is not allowed on symbol
   "DDR2_SDRAM/mpmc_core_0/gen_paths.mpmc_data_path_0/gen_read_fifos[3].gen_fifo
   s.mpmc_read_fifo_0/gen_fifos_bram.mpmc_bram_fifo_0/gen_brams_normal.gen_v4.ge
   n_brams[2].bram" of type "RAMB16".  This attribute will be ignored.
WARNING:NgdBuild:486 - Attribute "INIT_FILE" is not allowed on symbol
   "DDR2_SDRAM/mpmc_core_0/gen_paths.mpmc_data_path_0/gen_read_fifos[3].gen_fifo
   s.mpmc_read_fifo_0/gen_fifos_bram.mpmc_bram_fifo_0/gen_brams_normal.gen_v4.ge
   n_brams[1].bram" of type "RAMB16".  This attribute will be ignored.
WARNING:NgdBuild:486 - Attribute "INIT_FILE" is not allowed on symbol
   "DDR2_SDRAM/mpmc_core_0/gen_paths.mpmc_data_path_0/gen_read_fifos[3].gen_fifo
   s.mpmc_read_fifo_0/gen_fifos_bram.mpmc_bram_fifo_0/gen_brams_normal.gen_v4.ge
   n_brams[0].bram" of type "RAMB16".  This attribute will be ignored.
WARNING:NgdBuild:486 - Attribute "INIT_FILE" is not allowed on symbol
   "DDR2_SDRAM/mpmc_core_0/gen_paths.mpmc_data_path_0/gen_write_fifos[0].gen_fif
   os.mpmc_write_fifo_0/gen_fifo_bram.mpmc_bram_fifo_0/gen_brams_normal.gen_v4.g
   en_brams[3].bram" of type "RAMB16".  This attribute will be ignored.
WARNING:NgdBuild:486 - Attribute "INIT_FILE" is not allowed on symbol
   "DDR2_SDRAM/mpmc_core_0/gen_paths.mpmc_data_path_0/gen_write_fifos[0].gen_fif
   os.mpmc_write_fifo_0/gen_fifo_bram.mpmc_bram_fifo_0/gen_brams_normal.gen_v4.g
   en_brams[2].bram" of type "RAMB16".  This attribute will be ignored.
WARNING:NgdBuild:486 - Attribute "INIT_FILE" is not allowed on symbol
   "DDR2_SDRAM/mpmc_core_0/gen_paths.mpmc_data_path_0/gen_write_fifos[0].gen_fif
   os.mpmc_write_fifo_0/gen_fifo_bram.mpmc_bram_fifo_0/gen_brams_normal.gen_v4.g
   en_brams[1].bram" of type "RAMB16".  This attribute will be ignored.
WARNING:NgdBuild:486 - Attribute "INIT_FILE" is not allowed on symbol
   "DDR2_SDRAM/mpmc_core_0/gen_paths.mpmc_data_path_0/gen_write_fifos[0].gen_fif
   os.mpmc_write_fifo_0/gen_fifo_bram.mpmc_bram_fifo_0/gen_brams_normal.gen_v4.g
   en_brams[0].bram" of type "RAMB16".  This attribute will be ignored.
WARNING:NgdBuild:486 - Attribute "INIT_FILE" is not allowed on symbol
   "DDR2_SDRAM/mpmc_core_0/gen_paths.mpmc_data_path_0/gen_write_fifos[1].gen_fif
   os.mpmc_write_fifo_0/gen_fifo_bram.mpmc_bram_fifo_0/gen_brams_normal.gen_v4.g
   en_brams[3].bram" of type "RAMB16".  This attribute will be ignored.
WARNING:NgdBuild:486 - Attribute "INIT_FILE" is not allowed on symbol
   "DDR2_SDRAM/mpmc_core_0/gen_paths.mpmc_data_path_0/gen_write_fifos[1].gen_fif
   os.mpmc_write_fifo_0/gen_fifo_bram.mpmc_bram_fifo_0/gen_brams_normal.gen_v4.g
   en_brams[2].bram" of type "RAMB16".  This attribute will be ignored.
WARNING:NgdBuild:486 - Attribute "INIT_FILE" is not allowed on symbol
   "DDR2_SDRAM/mpmc_core_0/gen_paths.mpmc_data_path_0/gen_write_fifos[1].gen_fif
   os.mpmc_write_fifo_0/gen_fifo_bram.mpmc_bram_fifo_0/gen_brams_normal.gen_v4.g
   en_brams[1].bram" of type "RAMB16".  This attribute will be ignored.
WARNING:NgdBuild:486 - Attribute "INIT_FILE" is not allowed on symbol
   "DDR2_SDRAM/mpmc_core_0/gen_paths.mpmc_data_path_0/gen_write_fifos[1].gen_fif
   os.mpmc_write_fifo_0/gen_fifo_bram.mpmc_bram_fifo_0/gen_brams_normal.gen_v4.g
   en_brams[0].bram" of type "RAMB16".  This attribute will be ignored.
WARNING:NgdBuild:486 - Attribute "INIT_FILE" is not allowed on symbol
   "DDR2_SDRAM/mpmc_core_0/gen_paths.mpmc_data_path_0/gen_write_fifos[2].gen_fif
   os.mpmc_write_fifo_0/gen_fifo_bram.mpmc_bram_fifo_0/gen_brams_normal.gen_v4.g
   en_brams[3].bram" of type "RAMB16".  This attribute will be ignored.
WARNING:NgdBuild:486 - Attribute "INIT_FILE" is not allowed on symbol
   "DDR2_SDRAM/mpmc_core_0/gen_paths.mpmc_data_path_0/gen_write_fifos[2].gen_fif
   os.mpmc_write_fifo_0/gen_fifo_bram.mpmc_bram_fifo_0/gen_brams_normal.gen_v4.g
   en_brams[2].bram" of type "RAMB16".  This attribute will be ignored.
WARNING:NgdBuild:486 - Attribute "INIT_FILE" is not allowed on symbol
   "DDR2_SDRAM/mpmc_core_0/gen_paths.mpmc_data_path_0/gen_write_fifos[2].gen_fif
   os.mpmc_write_fifo_0/gen_fifo_bram.mpmc_bram_fifo_0/gen_brams_normal.gen_v4.g
   en_brams[1].bram" of type "RAMB16".  This attribute will be ignored.
WARNING:NgdBuild:486 - Attribute "INIT_FILE" is not allowed on symbol
   "DDR2_SDRAM/mpmc_core_0/gen_paths.mpmc_data_path_0/gen_write_fifos[2].gen_fif
   os.mpmc_write_fifo_0/gen_fifo_bram.mpmc_bram_fifo_0/gen_brams_normal.gen_v4.g
   en_brams[0].bram" of type "RAMB16".  This attribute will be ignored.
WARNING:NgdBuild:486 - Attribute "INIT_FILE" is not allowed on symbol
   "DDR2_SDRAM/mpmc_core_0/gen_paths.mpmc_data_path_0/gen_write_fifos[3].gen_fif
   os.mpmc_write_fifo_0/gen_fifo_bram.mpmc_bram_fifo_0/gen_brams_normal.gen_v4.g
   en_brams[3].bram" of type "RAMB16".  This attribute will be ignored.
WARNING:NgdBuild:486 - Attribute "INIT_FILE" is not allowed on symbol
   "DDR2_SDRAM/mpmc_core_0/gen_paths.mpmc_data_path_0/gen_write_fifos[3].gen_fif
   os.mpmc_write_fifo_0/gen_fifo_bram.mpmc_bram_fifo_0/gen_brams_normal.gen_v4.g
   en_brams[2].bram" of type "RAMB16".  This attribute will be ignored.
WARNING:NgdBuild:486 - Attribute "INIT_FILE" is not allowed on symbol
   "DDR2_SDRAM/mpmc_core_0/gen_paths.mpmc_data_path_0/gen_write_fifos[3].gen_fif
   os.mpmc_write_fifo_0/gen_fifo_bram.mpmc_bram_fifo_0/gen_brams_normal.gen_v4.g
   en_brams[1].bram" of type "RAMB16".  This attribute will be ignored.
WARNING:NgdBuild:486 - Attribute "INIT_FILE" is not allowed on symbol
   "DDR2_SDRAM/mpmc_core_0/gen_paths.mpmc_data_path_0/gen_write_fifos[3].gen_fif
   os.mpmc_write_fifo_0/gen_fifo_bram.mpmc_bram_fifo_0/gen_brams_normal.gen_v4.g
   en_brams[0].bram" of type "RAMB16".  This attribute will be ignored.
WARNING:NgdBuild:486 - Attribute "INIT_FILE" is not allowed on symbol
   "DDR2_SDRAM/VFBC3_INST.vfbc/VFBC1_PIM_NGC/UVFBC/GEN_RDDATA_FIFOS[0].GEN_RDDAT
   A_PORT_ENABLE.URdDataFifo/memory0/GEN_DIFFERENT_WIDTH.gen_ram_ibit[1].GEN_VIR
   TEX4_RAM.ramb16_i" of type "RAMB16".  This attribute will be ignored.
WARNING:NgdBuild:486 - Attribute "INIT_FILE" is not allowed on symbol
   "DDR2_SDRAM/VFBC3_INST.vfbc/VFBC1_PIM_NGC/UVFBC/GEN_RDDATA_FIFOS[0].GEN_RDDAT
   A_PORT_ENABLE.URdDataFifo/memory0/GEN_DIFFERENT_WIDTH.gen_ram_ibit[0].GEN_VIR
   TEX4_RAM.ramb16_i" of type "RAMB16".  This attribute will be ignored.
WARNING:NgdBuild:486 - Attribute "INIT_FILE" is not allowed on symbol
   "DDR2_SDRAM/VFBC3_INST.vfbc/VFBC1_PIM_NGC/UVFBC/GEN_WRDATA_FIFOS[1].GEN_WRDAT
   A_PORT_ENABLE.UWrDataFifo/memory0/GEN_DIFFERENT_WIDTH.gen_ram_ibit[1].GEN_VIR
   TEX4_RAM.ramb16_i" of type "RAMB16".  This attribute will be ignored.
WARNING:NgdBuild:486 - Attribute "INIT_FILE" is not allowed on symbol
   "DDR2_SDRAM/VFBC3_INST.vfbc/VFBC1_PIM_NGC/UVFBC/GEN_WRDATA_FIFOS[1].GEN_WRDAT
   A_PORT_ENABLE.UWrDataFifo/memory0/GEN_DIFFERENT_WIDTH.gen_ram_ibit[0].GEN_VIR
   TEX4_RAM.ramb16_i" of type "RAMB16".  This attribute will be ignored.
WARNING:NgdBuild:486 - Attribute "INIT_FILE" is not allowed on symbol
   "DDR2_SDRAM/VFBC2_INST.vfbc/VFBC1_PIM_NGC/UVFBC/GEN_RDDATA_FIFOS[0].GEN_RDDAT
   A_PORT_ENABLE.URdDataFifo/memory0/GEN_DIFFERENT_WIDTH.gen_ram_ibit[1].GEN_VIR
   TEX4_RAM.ramb16_i" of type "RAMB16".  This attribute will be ignored.
WARNING:NgdBuild:486 - Attribute "INIT_FILE" is not allowed on symbol
   "DDR2_SDRAM/VFBC2_INST.vfbc/VFBC1_PIM_NGC/UVFBC/GEN_RDDATA_FIFOS[0].GEN_RDDAT
   A_PORT_ENABLE.URdDataFifo/memory0/GEN_DIFFERENT_WIDTH.gen_ram_ibit[0].GEN_VIR
   TEX4_RAM.ramb16_i" of type "RAMB16".  This attribute will be ignored.
WARNING:NgdBuild:486 - Attribute "INIT_FILE" is not allowed on symbol
   "DDR2_SDRAM/VFBC2_INST.vfbc/VFBC1_PIM_NGC/UVFBC/GEN_WRDATA_FIFOS[1].GEN_WRDAT
   A_PORT_ENABLE.UWrDataFifo/memory0/GEN_DIFFERENT_WIDTH.gen_ram_ibit[1].GEN_VIR
   TEX4_RAM.ramb16_i" of type "RAMB16".  This attribute will be ignored.
WARNING:NgdBuild:486 - Attribute "INIT_FILE" is not allowed on symbol
   "DDR2_SDRAM/VFBC2_INST.vfbc/VFBC1_PIM_NGC/UVFBC/GEN_WRDATA_FIFOS[1].GEN_WRDAT
   A_PORT_ENABLE.UWrDataFifo/memory0/GEN_DIFFERENT_WIDTH.gen_ram_ibit[0].GEN_VIR
   TEX4_RAM.ramb16_i" of type "RAMB16".  This attribute will be ignored.
WARNING:NgdBuild:486 - Attribute "INIT_FILE" is not allowed on symbol
   "DDR2_SDRAM/VFBC1_INST.vfbc/VFBC1_PIM_NGC/UVFBC/GEN_RDDATA_FIFOS[0].GEN_RDDAT
   A_PORT_ENABLE.URdDataFifo/memory0/GEN_DIFFERENT_WIDTH.gen_ram_ibit[1].GEN_VIR
   TEX4_RAM.ramb16_i" of type "RAMB16".  This attribute will be ignored.
WARNING:NgdBuild:486 - Attribute "INIT_FILE" is not allowed on symbol
   "DDR2_SDRAM/VFBC1_INST.vfbc/VFBC1_PIM_NGC/UVFBC/GEN_RDDATA_FIFOS[0].GEN_RDDAT
   A_PORT_ENABLE.URdDataFifo/memory0/GEN_DIFFERENT_WIDTH.gen_ram_ibit[0].GEN_VIR
   TEX4_RAM.ramb16_i" of type "RAMB16".  This attribute will be ignored.
WARNING:NgdBuild:486 - Attribute "INIT_FILE" is not allowed on symbol
   "DDR2_SDRAM/VFBC1_INST.vfbc/VFBC1_PIM_NGC/UVFBC/GEN_WRDATA_FIFOS[1].GEN_WRDAT
   A_PORT_ENABLE.UWrDataFifo/memory0/GEN_DIFFERENT_WIDTH.gen_ram_ibit[1].GEN_VIR
   TEX4_RAM.ramb16_i" of type "RAMB16".  This attribute will be ignored.
WARNING:NgdBuild:486 - Attribute "INIT_FILE" is not allowed on symbol
   "DDR2_SDRAM/VFBC1_INST.vfbc/VFBC1_PIM_NGC/UVFBC/GEN_WRDATA_FIFOS[1].GEN_WRDAT
   A_PORT_ENABLE.UWrDataFifo/memory0/GEN_DIFFERENT_WIDTH.gen_ram_ibit[0].GEN_VIR
   TEX4_RAM.ramb16_i" of type "RAMB16".  This attribute will be ignored.
WARNING:NgdBuild:443 - SFF primitive
   'xps_timer_0/xps_timer_0/TC_CORE_I/TIMER_CONTROL_I/TCSR0_GENERATE[0].TCSR0_FF
   _I' has unconnected output pin
WARNING:NgdBuild:443 - SFF primitive
   'xps_timer_0/xps_timer_0/TC_CORE_I/TIMER_CONTROL_I/TCSR0_GENERATE[1].TCSR0_FF
   _I' has unconnected output pin
WARNING:NgdBuild:443 - SFF primitive
   'xps_timer_0/xps_timer_0/TC_CORE_I/TIMER_CONTROL_I/TCSR0_GENERATE[2].TCSR0_FF
   _I' has unconnected output pin
WARNING:NgdBuild:443 - SFF primitive
   'xps_timer_0/xps_timer_0/TC_CORE_I/TIMER_CONTROL_I/TCSR0_GENERATE[3].TCSR0_FF
   _I' has unconnected output pin
WARNING:NgdBuild:443 - SFF primitive
   'xps_timer_0/xps_timer_0/TC_CORE_I/TIMER_CONTROL_I/TCSR0_GENERATE[4].TCSR0_FF
   _I' has unconnected output pin
WARNING:NgdBuild:443 - SFF primitive
   'xps_timer_0/xps_timer_0/TC_CORE_I/TIMER_CONTROL_I/TCSR0_GENERATE[5].TCSR0_FF
   _I' has unconnected output pin
WARNING:NgdBuild:443 - SFF primitive
   'xps_timer_0/xps_timer_0/TC_CORE_I/TIMER_CONTROL_I/TCSR0_GENERATE[6].TCSR0_FF
   _I' has unconnected output pin
WARNING:NgdBuild:443 - SFF primitive
   'xps_timer_0/xps_timer_0/TC_CORE_I/TIMER_CONTROL_I/TCSR0_GENERATE[7].TCSR0_FF
   _I' has unconnected output pin
WARNING:NgdBuild:443 - SFF primitive
   'xps_timer_0/xps_timer_0/TC_CORE_I/TIMER_CONTROL_I/TCSR0_GENERATE[8].TCSR0_FF
   _I' has unconnected output pin
WARNING:NgdBuild:443 - SFF primitive
   'xps_timer_0/xps_timer_0/TC_CORE_I/TIMER_CONTROL_I/TCSR0_GENERATE[9].TCSR0_FF
   _I' has unconnected output pin
WARNING:NgdBuild:443 - SFF primitive
   'xps_timer_0/xps_timer_0/TC_CORE_I/TIMER_CONTROL_I/TCSR0_GENERATE[10].TCSR0_F
   F_I' has unconnected output pin
WARNING:NgdBuild:443 - SFF primitive
   'xps_timer_0/xps_timer_0/TC_CORE_I/TIMER_CONTROL_I/TCSR0_GENERATE[11].TCSR0_F
   F_I' has unconnected output pin
WARNING:NgdBuild:443 - SFF primitive
   'xps_timer_0/xps_timer_0/TC_CORE_I/TIMER_CONTROL_I/TCSR0_GENERATE[12].TCSR0_F
   F_I' has unconnected output pin
WARNING:NgdBuild:443 - SFF primitive
   'xps_timer_0/xps_timer_0/TC_CORE_I/TIMER_CONTROL_I/TCSR0_GENERATE[13].TCSR0_F
   F_I' has unconnected output pin
WARNING:NgdBuild:443 - SFF primitive
   'xps_timer_0/xps_timer_0/TC_CORE_I/TIMER_CONTROL_I/TCSR0_GENERATE[14].TCSR0_F
   F_I' has unconnected output pin
WARNING:NgdBuild:443 - SFF primitive
   'xps_timer_0/xps_timer_0/TC_CORE_I/TIMER_CONTROL_I/TCSR0_GENERATE[15].TCSR0_F
   F_I' has unconnected output pin
WARNING:NgdBuild:443 - SFF primitive
   'xps_timer_0/xps_timer_0/TC_CORE_I/TIMER_CONTROL_I/TCSR0_GENERATE[16].TCSR0_F
   F_I' has unconnected output pin
WARNING:NgdBuild:443 - SFF primitive
   'xps_timer_0/xps_timer_0/TC_CORE_I/TIMER_CONTROL_I/TCSR0_GENERATE[17].TCSR0_F
   F_I' has unconnected output pin
WARNING:NgdBuild:443 - SFF primitive
   'xps_timer_0/xps_timer_0/TC_CORE_I/TIMER_CONTROL_I/TCSR0_GENERATE[18].TCSR0_F
   F_I' has unconnected output pin
WARNING:NgdBuild:443 - SFF primitive
   'xps_timer_0/xps_timer_0/TC_CORE_I/TIMER_CONTROL_I/TCSR0_GENERATE[19].TCSR0_F
   F_I' has unconnected output pin
WARNING:NgdBuild:443 - SFF primitive
   'xps_timer_0/xps_timer_0/TC_CORE_I/TIMER_CONTROL_I/TCSR0_GENERATE[20].TCSR0_F
   F_I' has unconnected output pin
WARNING:NgdBuild:443 - SFF primitive
   'xps_timer_0/xps_timer_0/TC_CORE_I/TIMER_CONTROL_I/TCSR1_GENERATE[0].TCSR1_FF
   _I' has unconnected output pin
WARNING:NgdBuild:443 - SFF primitive
   'xps_timer_0/xps_timer_0/TC_CORE_I/TIMER_CONTROL_I/TCSR1_GENERATE[1].TCSR1_FF
   _I' has unconnected output pin
WARNING:NgdBuild:443 - SFF primitive
   'xps_timer_0/xps_timer_0/TC_CORE_I/TIMER_CONTROL_I/TCSR1_GENERATE[2].TCSR1_FF
   _I' has unconnected output pin
WARNING:NgdBuild:443 - SFF primitive
   'xps_timer_0/xps_timer_0/TC_CORE_I/TIMER_CONTROL_I/TCSR1_GENERATE[3].TCSR1_FF
   _I' has unconnected output pin
WARNING:NgdBuild:443 - SFF primitive
   'xps_timer_0/xps_timer_0/TC_CORE_I/TIMER_CONTROL_I/TCSR1_GENERATE[4].TCSR1_FF
   _I' has unconnected output pin
WARNING:NgdBuild:443 - SFF primitive
   'xps_timer_0/xps_timer_0/TC_CORE_I/TIMER_CONTROL_I/TCSR1_GENERATE[5].TCSR1_FF
   _I' has unconnected output pin
WARNING:NgdBuild:443 - SFF primitive
   'xps_timer_0/xps_timer_0/TC_CORE_I/TIMER_CONTROL_I/TCSR1_GENERATE[6].TCSR1_FF
   _I' has unconnected output pin
WARNING:NgdBuild:443 - SFF primitive
   'xps_timer_0/xps_timer_0/TC_CORE_I/TIMER_CONTROL_I/TCSR1_GENERATE[7].TCSR1_FF
   _I' has unconnected output pin
WARNING:NgdBuild:443 - SFF primitive
   'xps_timer_0/xps_timer_0/TC_CORE_I/TIMER_CONTROL_I/TCSR1_GENERATE[8].TCSR1_FF
   _I' has unconnected output pin
WARNING:NgdBuild:443 - SFF primitive
   'xps_timer_0/xps_timer_0/TC_CORE_I/TIMER_CONTROL_I/TCSR1_GENERATE[9].TCSR1_FF
   _I' has unconnected output pin
WARNING:NgdBuild:443 - SFF primitive
   'xps_timer_0/xps_timer_0/TC_CORE_I/TIMER_CONTROL_I/TCSR1_GENERATE[10].TCSR1_F
   F_I' has unconnected output pin
WARNING:NgdBuild:443 - SFF primitive
   'xps_timer_0/xps_timer_0/TC_CORE_I/TIMER_CONTROL_I/TCSR1_GENERATE[11].TCSR1_F
   F_I' has unconnected output pin
WARNING:NgdBuild:443 - SFF primitive
   'xps_timer_0/xps_timer_0/TC_CORE_I/TIMER_CONTROL_I/TCSR1_GENERATE[12].TCSR1_F
   F_I' has unconnected output pin
WARNING:NgdBuild:443 - SFF primitive
   'xps_timer_0/xps_timer_0/TC_CORE_I/TIMER_CONTROL_I/TCSR1_GENERATE[13].TCSR1_F
   F_I' has unconnected output pin
WARNING:NgdBuild:443 - SFF primitive
   'xps_timer_0/xps_timer_0/TC_CORE_I/TIMER_CONTROL_I/TCSR1_GENERATE[14].TCSR1_F
   F_I' has unconnected output pin
WARNING:NgdBuild:443 - SFF primitive
   'xps_timer_0/xps_timer_0/TC_CORE_I/TIMER_CONTROL_I/TCSR1_GENERATE[15].TCSR1_F
   F_I' has unconnected output pin
WARNING:NgdBuild:443 - SFF primitive
   'xps_timer_0/xps_timer_0/TC_CORE_I/TIMER_CONTROL_I/TCSR1_GENERATE[16].TCSR1_F
   F_I' has unconnected output pin
WARNING:NgdBuild:443 - SFF primitive
   'xps_timer_0/xps_timer_0/TC_CORE_I/TIMER_CONTROL_I/TCSR1_GENERATE[17].TCSR1_F
   F_I' has unconnected output pin
WARNING:NgdBuild:443 - SFF primitive
   'xps_timer_0/xps_timer_0/TC_CORE_I/TIMER_CONTROL_I/TCSR1_GENERATE[18].TCSR1_F
   F_I' has unconnected output pin
WARNING:NgdBuild:443 - SFF primitive
   'xps_timer_0/xps_timer_0/TC_CORE_I/TIMER_CONTROL_I/TCSR1_GENERATE[19].TCSR1_F
   F_I' has unconnected output pin
WARNING:NgdBuild:443 - SFF primitive
   'xps_timer_0/xps_timer_0/TC_CORE_I/TIMER_CONTROL_I/TCSR1_GENERATE[20].TCSR1_F
   F_I' has unconnected output pin
WARNING:NgdBuild:452 - logical net 'N100' has no driver
WARNING:NgdBuild:452 - logical net 'N101' has no driver
WARNING:NgdBuild:452 - logical net 'N102' has no driver
WARNING:NgdBuild:452 - logical net 'N103' has no driver
WARNING:NgdBuild:452 - logical net 'N104' has no driver
WARNING:NgdBuild:452 - logical net 'N105' has no driver
WARNING:NgdBuild:452 - logical net 'N106' has no driver
WARNING:NgdBuild:452 - logical net 'N107' has no driver
WARNING:NgdBuild:452 - logical net 'N108' has no driver
WARNING:NgdBuild:452 - logical net 'N109' has no driver
WARNING:NgdBuild:452 - logical net 'N110' has no driver
WARNING:NgdBuild:452 - logical net 'N111' has no driver
WARNING:NgdBuild:452 - logical net 'N112' has no driver
WARNING:NgdBuild:452 - logical net 'N113' has no driver
WARNING:NgdBuild:452 - logical net 'N114' has no driver
WARNING:NgdBuild:452 - logical net 'N115' has no driver
WARNING:NgdBuild:452 - logical net 'N116' has no driver
WARNING:NgdBuild:452 - logical net 'N117' has no driver
WARNING:NgdBuild:452 - logical net 'N118' has no driver
WARNING:NgdBuild:452 - logical net 'N119' has no driver
WARNING:NgdBuild:452 - logical net 'N120' has no driver
WARNING:NgdBuild:452 - logical net 'N121' has no driver
WARNING:NgdBuild:452 - logical net 'N122' has no driver
WARNING:NgdBuild:452 - logical net 'N123' has no driver
WARNING:NgdBuild:452 - logical net 'N124' has no driver
WARNING:NgdBuild:452 - logical net 'N125' has no driver
WARNING:NgdBuild:452 - logical net 'N126' has no driver
WARNING:NgdBuild:452 - logical net 'N127' has no driver
WARNING:NgdBuild:452 - logical net 'N128' has no driver
WARNING:NgdBuild:452 - logical net 'N129' has no driver
WARNING:NgdBuild:452 - logical net 'N130' has no driver
WARNING:NgdBuild:452 - logical net 'N131' has no driver
WARNING:NgdBuild:452 - logical net 'N132' has no driver
WARNING:NgdBuild:452 - logical net 'N133' has no driver
WARNING:NgdBuild:452 - logical net 'N134' has no driver
WARNING:NgdBuild:452 - logical net 'N135' has no driver
WARNING:NgdBuild:452 - logical net 'N136' has no driver
WARNING:NgdBuild:452 - logical net 'N137' has no driver
WARNING:NgdBuild:452 - logical net 'N138' has no driver
WARNING:NgdBuild:452 - logical net 'N139' has no driver
WARNING:NgdBuild:452 - logical net 'N140' has no driver
WARNING:NgdBuild:452 - logical net 'N141' has no driver
WARNING:NgdBuild:452 - logical net 'N142' has no driver
WARNING:NgdBuild:452 - logical net 'N143' has no driver
WARNING:NgdBuild:452 - logical net 'N144' has no driver
WARNING:NgdBuild:452 - logical net 'N145' has no driver
WARNING:NgdBuild:452 - logical net 'N146' has no driver
WARNING:NgdBuild:452 - logical net 'N147' has no driver
WARNING:NgdBuild:452 - logical net 'N148' has no driver
WARNING:NgdBuild:452 - logical net 'N149' has no driver
WARNING:NgdBuild:452 - logical net 'N150' has no driver
WARNING:NgdBuild:452 - logical net 'N151' has no driver
WARNING:NgdBuild:452 - logical net 'N152' has no driver
WARNING:NgdBuild:452 - logical net 'N153' has no driver
WARNING:NgdBuild:452 - logical net 'N154' has no driver
WARNING:NgdBuild:452 - logical net 'N155' has no driver
WARNING:NgdBuild:452 - logical net 'N156' has no driver
WARNING:NgdBuild:452 - logical net 'N157' has no driver
WARNING:NgdBuild:452 - logical net 'N158' has no driver
WARNING:NgdBuild:452 - logical net 'N159' has no driver
WARNING:NgdBuild:452 - logical net 'N160' has no driver
WARNING:NgdBuild:452 - logical net 'N161' has no driver
WARNING:NgdBuild:452 - logical net 'N162' has no driver
WARNING:NgdBuild:452 - logical net 'N163' has no driver
WARNING:NgdBuild:452 - logical net 'N164' has no driver
WARNING:NgdBuild:452 - logical net 'N165' has no driver
WARNING:NgdBuild:452 - logical net 'N166' has no driver
WARNING:NgdBuild:452 - logical net 'N167' has no driver
WARNING:NgdBuild:452 - logical net 'N168' has no driver
WARNING:NgdBuild:452 - logical net 'N169' has no driver
WARNING:NgdBuild:452 - logical net 'N170' has no driver
WARNING:NgdBuild:452 - logical net 'N171' has no driver
WARNING:NgdBuild:452 - logical net 'N172' has no driver
WARNING:NgdBuild:452 - logical net 'N173' has no driver
WARNING:NgdBuild:452 - logical net 'N174' has no driver
WARNING:NgdBuild:452 - logical net 'N175' has no driver
WARNING:NgdBuild:452 - logical net 'N176' has no driver
WARNING:NgdBuild:452 - logical net 'N177' has no driver
WARNING:NgdBuild:452 - logical net 'N98' has no driver
WARNING:NgdBuild:452 - logical net 'N99' has no driver

Partition Implementation Status
-------------------------------

  No Partitions were found in this design.

-------------------------------

NGDBUILD Design Results Summary:
  Number of errors:     2
  Number of warnings: 177

Total REAL time to NGDBUILD completion:  53 sec
Total CPU time to NGDBUILD completion:   50 sec

One or more errors were found during NGDBUILD.  No NGD file will be written.

Writing NGDBUILD log file "system.bld"...
ERROR:Xflow - Program ngdbuild returned error code 2. Aborting flow execution...
