Release 14.6 Xflow P.68d (nt64)
Copyright (c) 1995-2013 Xilinx, Inc.  All rights reserved.
xflow.exe -wd implementation -p xc5vlx50tff1136-1 -implement xflow.opt
Lab3_new.ngc  
PMSPEC -- Overriding Xilinx file
<C:/Xilinx/14.6/ISE_DS/EDK/virtex5/data/virtex5.acd> with local file
<C:/Xilinx/14.6/ISE_DS/ISE/virtex5/data/virtex5.acd>

Using Flow File:
C:/Users/CS152B/Documents/m152b_fall2018/implementation/fpga.flw 
Using Option File(s): 
 C:/Users/CS152B/Documents/m152b_fall2018/implementation/xflow.opt 

Creating Script File ... 

#----------------------------------------------#
# Starting program ngdbuild
# ngdbuild -p xc5vlx50tff1136-1 -nt timestamp -bm Lab3_new.bmm
"C:/Users/CS152B/Documents/m152b_fall2018/implementation/Lab3_new.ngc" -uc
Lab3_new.ucf Lab3_new.ngd 
#----------------------------------------------#
Release 14.6 - ngdbuild P.68d (nt64)
Copyright (c) 1995-2013 Xilinx, Inc.  All rights reserved.
PMSPEC -- Overriding Xilinx file
<C:/Xilinx/14.6/ISE_DS/EDK/virtex5/data/virtex5.acd> with local file
<C:/Xilinx/14.6/ISE_DS/ISE/virtex5/data/virtex5.acd>

Command Line: C:\Xilinx\14.6\ISE_DS\ISE\bin\nt64\unwrapped\ngdbuild.exe -p
xc5vlx50tff1136-1 -nt timestamp -bm Lab3_new.bmm
C:/Users/CS152B/Documents/m152b_fall2018/implementation/Lab3_new.ngc -uc
Lab3_new.ucf Lab3_new.ngd

Reading NGO file
"C:/Users/CS152B/Documents/m152b_fall2018/implementation/Lab3_new.ngc" ...
Loading design module
"C:/Users/CS152B/Documents/m152b_fall2018/implementation/Lab3_new_microblaze_0_w
rapper.ngc"...
Loading design module
"C:/Users/CS152B/Documents/m152b_fall2018/implementation/Lab3_new_mb_plb_wrapper
.ngc"...
Loading design module
"C:/Users/CS152B/Documents/m152b_fall2018/implementation/Lab3_new_ilmb_wrapper.n
gc"...
Loading design module
"C:/Users/CS152B/Documents/m152b_fall2018/implementation/Lab3_new_dlmb_wrapper.n
gc"...
Loading design module
"C:/Users/CS152B/Documents/m152b_fall2018/implementation/Lab3_new_dlmb_cntlr_wra
pper.ngc"...
Loading design module
"C:/Users/CS152B/Documents/m152b_fall2018/implementation/Lab3_new_ilmb_cntlr_wra
pper.ngc"...
Loading design module
"C:/Users/CS152B/Documents/m152b_fall2018/implementation/Lab3_new_lmb_bram_wrapp
er.ngc"...
Loading design module
"C:/Users/CS152B/Documents/m152b_fall2018/implementation/Lab3_new_leds_8bit_wrap
per.ngc"...
Loading design module
"C:/Users/CS152B/Documents/m152b_fall2018/implementation/Lab3_new_push_buttons_7
bit_wrapper.ngc"...
Loading design module
"C:/Users/CS152B/Documents/m152b_fall2018/implementation/Lab3_new_dip_switches_8
bit_wrapper.ngc"...
Loading design module
"C:/Users/CS152B/Documents/m152b_fall2018/implementation/Lab3_new_flash_wrapper.
ngc"...
Loading design module
"C:/Users/CS152B/Documents/m152b_fall2018/implementation/Lab3_new_ddr2_sdram_wra
pper.ngc"...
Loading design module
"C:/Users/CS152B/Documents/m152b_fall2018/implementation/Lab3_new_rs232_uart_0_w
rapper.ngc"...
Loading design module
"C:/Users/CS152B/Documents/m152b_fall2018/implementation/Lab3_new_rs232_uart_1_w
rapper.ngc"...
Loading design module
"C:/Users/CS152B/Documents/m152b_fall2018/implementation/Lab3_new_clock_generato
r_0_wrapper.ngc"...
Loading design module
"C:/Users/CS152B/Documents/m152b_fall2018/implementation/Lab3_new_mdm_0_wrapper.
ngc"...
Loading design module
"C:/Users/CS152B/Documents/m152b_fall2018/implementation/Lab3_new_proc_sys_reset
_0_wrapper.ngc"...
Applying constraints in
"C:/Users/CS152B/Documents/m152b_fall2018/implementation/Lab3_new_ddr2_sdram_wra
pper.ncf" to module "DDR2_SDRAM"...
Checking Constraint Associations...
Gathering constraint information from source properties...
Done.

Annotating constraints to design from ucf file "Lab3_new.ucf" ...
Resolving constraint associations...
Checking Constraint Associations...
INFO:ConstraintSystem:178 - TNM 'sys_clk_pin', used in period specification
   'TS_sys_clk_pin', was traced into PLL_ADV instance
   clock_generator_0/PLL0_INST/Using_PLL_ADV.PLL_ADV_inst. The following new TNM
   groups and period specifications were generated at the PLL_ADV output(s): 
   CLKOUT0: <TIMESPEC TS_clock_generator_0_clock_generator_0_SIG_PLL0_CLKOUT0 =
   PERIOD "clock_generator_0_clock_generator_0_SIG_PLL0_CLKOUT0" TS_sys_clk_pin
   * 1.25 PHASE 2 ns HIGH 50%>

INFO:ConstraintSystem:178 - TNM 'sys_clk_pin', used in period specification
   'TS_sys_clk_pin', was traced into PLL_ADV instance
   clock_generator_0/PLL0_INST/Using_PLL_ADV.PLL_ADV_inst. The following new TNM
   groups and period specifications were generated at the PLL_ADV output(s): 
   CLKOUT1: <TIMESPEC TS_clock_generator_0_clock_generator_0_SIG_PLL0_CLKOUT1 =
   PERIOD "clock_generator_0_clock_generator_0_SIG_PLL0_CLKOUT1" TS_sys_clk_pin
   * 1.25 HIGH 50%>

INFO:ConstraintSystem:178 - TNM 'sys_clk_pin', used in period specification
   'TS_sys_clk_pin', was traced into PLL_ADV instance
   clock_generator_0/PLL0_INST/Using_PLL_ADV.PLL_ADV_inst. The following new TNM
   groups and period specifications were generated at the PLL_ADV output(s): 
   CLKOUT2: <TIMESPEC TS_clock_generator_0_clock_generator_0_SIG_PLL0_CLKOUT2 =
   PERIOD "clock_generator_0_clock_generator_0_SIG_PLL0_CLKOUT2" TS_sys_clk_pin
   * 2 HIGH 50%>

INFO:ConstraintSystem:178 - TNM 'sys_clk_pin', used in period specification
   'TS_sys_clk_pin', was traced into PLL_ADV instance
   clock_generator_0/PLL0_INST/Using_PLL_ADV.PLL_ADV_inst. The following new TNM
   groups and period specifications were generated at the PLL_ADV output(s): 
   CLKOUT3: <TIMESPEC TS_clock_generator_0_clock_generator_0_SIG_PLL0_CLKOUT3 =
   PERIOD "clock_generator_0_clock_generator_0_SIG_PLL0_CLKOUT3" TS_sys_clk_pin
   * 0.625 HIGH 50%>

Done...

Processing BMM file "Lab3_new.bmm" ...

Checking expanded design ...
WARNING:NgdBuild:443 - SFF primitive
   'FLASH/FLASH/EMC_CTRL_I/MEM_STATE_MACHINE_I/READ_COMPLETE_PIPE_GEN[6].READ_CO
   MPLETE_PIPE' has unconnected output pin
WARNING:NgdBuild:443 - SFF primitive
   'FLASH/FLASH/EMC_CTRL_I/MEM_STEER_I/RDDATA_PATH_MUX_GEN.ASYNC_ADDR_CNT_GEN.RD
   DATA_EN_GEN_ASYNC[3].RDDATA_EN_REG_ASYNC' has unconnected output pin
WARNING:NgdBuild:443 - SFF primitive
   'FLASH/FLASH/EMC_CTRL_I/MEM_STEER_I/ASYNC_MEM_RDACK_GEN.AALIGN_PIPE_GEN[1].AA
   LIGN_PIPE' has unconnected output pin
WARNING:NgdBuild:443 - SFF primitive
   'FLASH/FLASH/EMC_CTRL_I/ADDR_COUNTER_MUX_I/ADDRESS_STORE_GEN[31].ADDRESS_REG'
   has unconnected output pin
WARNING:NgdBuild:443 - SFF primitive
   'FLASH/FLASH/EMC_CTRL_I/ADDR_COUNTER_MUX_I/ADDRESS_STORE_GEN[30].ADDRESS_REG'
   has unconnected output pin
WARNING:NgdBuild:443 - SFF primitive
   'FLASH/FLASH/MCH_PLB_IPIF_I/NO_CHNL_IF_GEN.PLBV46_SLAVE_BURST_I/I_SLAVE_ATTAC
   HMENT/I_STEER_ADDRESS_COUNTER/GEN_FOR_SHARED.GEN_S_H_SIZE_REG[0].I_SIZE_S_H_R
   EG' has unconnected output pin
WARNING:NgdBuild:443 - SFF primitive
   'FLASH/FLASH/MCH_PLB_IPIF_I/NO_CHNL_IF_GEN.PLBV46_SLAVE_BURST_I/I_SLAVE_ATTAC
   HMENT/I_BUS_ADDRESS_COUNTER/GEN_FOR_SHARED.GEN_S_H_SIZE_REG[0].I_SIZE_S_H_REG
   ' has unconnected output pin
WARNING:NgdBuild:443 - SFF primitive
   'FLASH/FLASH/MCH_PLB_IPIF_I/NO_CHNL_IF_GEN.PLBV46_SLAVE_BURST_I/I_SLAVE_ATTAC
   HMENT/I_BUS_ADDRESS_COUNTER/I_FLEX_ADDR_CNTR/LDMUX_FDRSE_0to3[3].I_FDRSE_BE0t
   o3' has unconnected output pin
WARNING:NgdBuild:443 - SFF primitive
   'FLASH/FLASH/MCH_PLB_IPIF_I/NO_CHNL_IF_GEN.PLBV46_SLAVE_BURST_I/I_SLAVE_ATTAC
   HMENT/I_BUS_ADDRESS_COUNTER/I_FLEX_ADDR_CNTR/LDMUX_FDRSE_0to3[2].I_FDRSE_BE0t
   o3' has unconnected output pin
WARNING:NgdBuild:443 - SFF primitive
   'FLASH/FLASH/MCH_PLB_IPIF_I/NO_CHNL_IF_GEN.PLBV46_SLAVE_BURST_I/I_SLAVE_ATTAC
   HMENT/I_BUS_ADDRESS_COUNTER/I_FLEX_ADDR_CNTR/LDMUX_FDRSE_0to3[1].I_FDRSE_BE0t
   o3' has unconnected output pin
WARNING:NgdBuild:443 - SFF primitive
   'FLASH/FLASH/MCH_PLB_IPIF_I/NO_CHNL_IF_GEN.PLBV46_SLAVE_BURST_I/I_SLAVE_ATTAC
   HMENT/I_BUS_ADDRESS_COUNTER/I_FLEX_ADDR_CNTR/LDMUX_FDRSE_0to3[0].I_FDRSE_BE0t
   o3' has unconnected output pin
WARNING:NgdBuild:443 - SFF primitive
   'FLASH/FLASH/MCH_PLB_IPIF_I/NO_CHNL_IF_GEN.PLBV46_SLAVE_BURST_I/I_SLAVE_ATTAC
   HMENT/I_BURST_SUPPORT/CONTROL_DBEAT_CNTR_I/STRUCTURAL_A_GEN.I_ADDSUB_GEN[5].F
   DRE_I' has unconnected output pin
WARNING:NgdBuild:443 - SFF primitive
   'FLASH/FLASH/MCH_PLB_IPIF_I/NO_CHNL_IF_GEN.PLBV46_SLAVE_BURST_I/I_SLAVE_ATTAC
   HMENT/I_BURST_SUPPORT/RESPONSE_DBEAT_CNTR_I/STRUCTURAL_A_GEN.I_ADDSUB_GEN[5].
   FDRE_I' has unconnected output pin
WARNING:NgdBuild:443 - SFF primitive
   'FLASH/FLASH/MCH_PLB_IPIF_I/NO_CHNL_IF_GEN.PLBV46_SLAVE_BURST_I/I_SLAVE_ATTAC
   HMENT/I_DECODER/GEN_CE_FOR_SHARED.GEN_BKEND_CE_REGISTERS[0].I_BKEND_RDCE_REG'
   has unconnected output pin
WARNING:NgdBuild:443 - SFF primitive
   'FLASH/FLASH/MCH_PLB_IPIF_I/NO_CHNL_IF_GEN.PLBV46_SLAVE_BURST_I/I_SLAVE_ATTAC
   HMENT/I_DECODER/GEN_CE_FOR_SHARED.GEN_BKEND_CE_REGISTERS[0].I_BKEND_WRCE_REG'
   has unconnected output pin
WARNING:NgdBuild:443 - SFF primitive
   'DDR2_SDRAM/DDR2_SDRAM/mpmc_core_0/gen_v5_ddr2_phy.mpmc_phy_if_0/u_phy_io_0/u
   _phy_calib_0/gen_rden[1].u_calib_rden_r' has unconnected output pin
WARNING:NgdBuild:443 - SFF primitive
   'DDR2_SDRAM/DDR2_SDRAM/mpmc_core_0/gen_v5_ddr2_phy.mpmc_phy_if_0/u_phy_io_0/u
   _phy_calib_0/gen_rden[2].u_calib_rden_r' has unconnected output pin
WARNING:NgdBuild:443 - SFF primitive
   'DDR2_SDRAM/DDR2_SDRAM/mpmc_core_0/gen_v5_ddr2_phy.mpmc_phy_if_0/u_phy_io_0/u
   _phy_calib_0/gen_rden[3].u_calib_rden_r' has unconnected output pin
WARNING:NgdBuild:443 - SFF primitive
   'DDR2_SDRAM/DDR2_SDRAM/mpmc_core_0/gen_v5_ddr2_phy.mpmc_phy_if_0/u_phy_io_0/u
   _phy_calib_0/gen_rden[4].u_calib_rden_r' has unconnected output pin
WARNING:NgdBuild:443 - SFF primitive
   'DDR2_SDRAM/DDR2_SDRAM/mpmc_core_0/gen_v5_ddr2_phy.mpmc_phy_if_0/u_phy_io_0/u
   _phy_calib_0/gen_rden[5].u_calib_rden_r' has unconnected output pin
WARNING:NgdBuild:443 - SFF primitive
   'DDR2_SDRAM/DDR2_SDRAM/mpmc_core_0/gen_v5_ddr2_phy.mpmc_phy_if_0/u_phy_io_0/u
   _phy_calib_0/gen_rden[6].u_calib_rden_r' has unconnected output pin
WARNING:NgdBuild:443 - SFF primitive
   'DDR2_SDRAM/DDR2_SDRAM/mpmc_core_0/gen_v5_ddr2_phy.mpmc_phy_if_0/u_phy_io_0/u
   _phy_calib_0/gen_rden[7].u_calib_rden_r' has unconnected output pin
WARNING:NgdBuild:486 - Attribute "INIT_FILE" is not allowed on symbol
   "DDR2_SDRAM/mpmc_core_0/gen_paths.mpmc_data_path_0/gen_read_fifos[0].gen_fifo
   s.mpmc_read_fifo_0/gen_fifos_bram.mpmc_bram_fifo_0/gen_brams_normal.gen_v4.ge
   n_brams[3].bram" of type "RAMB16".  This attribute will be ignored.
WARNING:NgdBuild:486 - Attribute "INIT_FILE" is not allowed on symbol
   "DDR2_SDRAM/mpmc_core_0/gen_paths.mpmc_data_path_0/gen_read_fifos[0].gen_fifo
   s.mpmc_read_fifo_0/gen_fifos_bram.mpmc_bram_fifo_0/gen_brams_normal.gen_v4.ge
   n_brams[2].bram" of type "RAMB16".  This attribute will be ignored.
WARNING:NgdBuild:486 - Attribute "INIT_FILE" is not allowed on symbol
   "DDR2_SDRAM/mpmc_core_0/gen_paths.mpmc_data_path_0/gen_read_fifos[0].gen_fifo
   s.mpmc_read_fifo_0/gen_fifos_bram.mpmc_bram_fifo_0/gen_brams_normal.gen_v4.ge
   n_brams[1].bram" of type "RAMB16".  This attribute will be ignored.
WARNING:NgdBuild:486 - Attribute "INIT_FILE" is not allowed on symbol
   "DDR2_SDRAM/mpmc_core_0/gen_paths.mpmc_data_path_0/gen_read_fifos[0].gen_fifo
   s.mpmc_read_fifo_0/gen_fifos_bram.mpmc_bram_fifo_0/gen_brams_normal.gen_v4.ge
   n_brams[0].bram" of type "RAMB16".  This attribute will be ignored.
WARNING:NgdBuild:486 - Attribute "INIT_FILE" is not allowed on symbol
   "DDR2_SDRAM/mpmc_core_0/gen_paths.mpmc_data_path_0/gen_read_fifos[1].gen_fifo
   s.mpmc_read_fifo_0/gen_fifos_bram.mpmc_bram_fifo_0/gen_brams_normal.gen_v4.ge
   n_brams[3].bram" of type "RAMB16".  This attribute will be ignored.
WARNING:NgdBuild:486 - Attribute "INIT_FILE" is not allowed on symbol
   "DDR2_SDRAM/mpmc_core_0/gen_paths.mpmc_data_path_0/gen_read_fifos[1].gen_fifo
   s.mpmc_read_fifo_0/gen_fifos_bram.mpmc_bram_fifo_0/gen_brams_normal.gen_v4.ge
   n_brams[2].bram" of type "RAMB16".  This attribute will be ignored.
WARNING:NgdBuild:486 - Attribute "INIT_FILE" is not allowed on symbol
   "DDR2_SDRAM/mpmc_core_0/gen_paths.mpmc_data_path_0/gen_read_fifos[1].gen_fifo
   s.mpmc_read_fifo_0/gen_fifos_bram.mpmc_bram_fifo_0/gen_brams_normal.gen_v4.ge
   n_brams[1].bram" of type "RAMB16".  This attribute will be ignored.
WARNING:NgdBuild:486 - Attribute "INIT_FILE" is not allowed on symbol
   "DDR2_SDRAM/mpmc_core_0/gen_paths.mpmc_data_path_0/gen_read_fifos[1].gen_fifo
   s.mpmc_read_fifo_0/gen_fifos_bram.mpmc_bram_fifo_0/gen_brams_normal.gen_v4.ge
   n_brams[0].bram" of type "RAMB16".  This attribute will be ignored.
WARNING:NgdBuild:486 - Attribute "INIT_FILE" is not allowed on symbol
   "DDR2_SDRAM/mpmc_core_0/gen_paths.mpmc_data_path_0/gen_write_fifos[1].gen_fif
   os.mpmc_write_fifo_0/gen_fifo_bram.mpmc_bram_fifo_0/gen_brams_normal.gen_v4.g
   en_brams[3].bram" of type "RAMB16".  This attribute will be ignored.
WARNING:NgdBuild:486 - Attribute "INIT_FILE" is not allowed on symbol
   "DDR2_SDRAM/mpmc_core_0/gen_paths.mpmc_data_path_0/gen_write_fifos[1].gen_fif
   os.mpmc_write_fifo_0/gen_fifo_bram.mpmc_bram_fifo_0/gen_brams_normal.gen_v4.g
   en_brams[2].bram" of type "RAMB16".  This attribute will be ignored.
WARNING:NgdBuild:486 - Attribute "INIT_FILE" is not allowed on symbol
   "DDR2_SDRAM/mpmc_core_0/gen_paths.mpmc_data_path_0/gen_write_fifos[1].gen_fif
   os.mpmc_write_fifo_0/gen_fifo_bram.mpmc_bram_fifo_0/gen_brams_normal.gen_v4.g
   en_brams[1].bram" of type "RAMB16".  This attribute will be ignored.
WARNING:NgdBuild:486 - Attribute "INIT_FILE" is not allowed on symbol
   "DDR2_SDRAM/mpmc_core_0/gen_paths.mpmc_data_path_0/gen_write_fifos[1].gen_fif
   os.mpmc_write_fifo_0/gen_fifo_bram.mpmc_bram_fifo_0/gen_brams_normal.gen_v4.g
   en_brams[0].bram" of type "RAMB16".  This attribute will be ignored.
WARNING:NgdBuild:452 - logical net 'N145' has no driver
WARNING:NgdBuild:452 - logical net 'N146' has no driver
WARNING:NgdBuild:452 - logical net 'N147' has no driver
WARNING:NgdBuild:452 - logical net 'N148' has no driver
WARNING:NgdBuild:452 - logical net 'N149' has no driver
WARNING:NgdBuild:452 - logical net 'N150' has no driver
WARNING:NgdBuild:452 - logical net 'N151' has no driver
WARNING:NgdBuild:452 - logical net 'N152' has no driver
WARNING:NgdBuild:452 - logical net 'N153' has no driver
WARNING:NgdBuild:452 - logical net 'N154' has no driver
WARNING:NgdBuild:452 - logical net 'N155' has no driver
WARNING:NgdBuild:452 - logical net 'N156' has no driver
WARNING:NgdBuild:452 - logical net 'N157' has no driver
WARNING:NgdBuild:452 - logical net 'N158' has no driver
WARNING:NgdBuild:452 - logical net 'N159' has no driver
WARNING:NgdBuild:452 - logical net 'N160' has no driver
WARNING:NgdBuild:452 - logical net 'N161' has no driver
WARNING:NgdBuild:452 - logical net 'N162' has no driver
WARNING:NgdBuild:452 - logical net 'N163' has no driver
WARNING:NgdBuild:452 - logical net 'N164' has no driver
WARNING:NgdBuild:452 - logical net 'N165' has no driver
WARNING:NgdBuild:452 - logical net 'N166' has no driver
WARNING:NgdBuild:452 - logical net 'N167' has no driver
WARNING:NgdBuild:452 - logical net 'N168' has no driver
WARNING:NgdBuild:452 - logical net 'N169' has no driver
WARNING:NgdBuild:452 - logical net 'N170' has no driver
WARNING:NgdBuild:452 - logical net 'N171' has no driver
WARNING:NgdBuild:452 - logical net 'N172' has no driver
WARNING:NgdBuild:452 - logical net 'N173' has no driver
WARNING:NgdBuild:452 - logical net 'N174' has no driver
WARNING:NgdBuild:452 - logical net 'N175' has no driver
WARNING:NgdBuild:452 - logical net 'N176' has no driver
WARNING:NgdBuild:452 - logical net 'N177' has no driver
WARNING:NgdBuild:452 - logical net 'N178' has no driver
WARNING:NgdBuild:452 - logical net 'N179' has no driver
WARNING:NgdBuild:452 - logical net 'N180' has no driver
WARNING:NgdBuild:452 - logical net 'N181' has no driver
WARNING:NgdBuild:452 - logical net 'N182' has no driver
WARNING:NgdBuild:452 - logical net 'N183' has no driver
WARNING:NgdBuild:452 - logical net 'N184' has no driver
WARNING:NgdBuild:452 - logical net 'N185' has no driver
WARNING:NgdBuild:452 - logical net 'N186' has no driver
WARNING:NgdBuild:452 - logical net 'N187' has no driver
WARNING:NgdBuild:452 - logical net 'N188' has no driver
WARNING:NgdBuild:452 - logical net 'N189' has no driver
WARNING:NgdBuild:452 - logical net 'N190' has no driver
WARNING:NgdBuild:452 - logical net 'N191' has no driver
WARNING:NgdBuild:452 - logical net 'N192' has no driver
WARNING:NgdBuild:452 - logical net 'N193' has no driver
WARNING:NgdBuild:452 - logical net 'N194' has no driver
WARNING:NgdBuild:452 - logical net 'N195' has no driver
WARNING:NgdBuild:452 - logical net 'N196' has no driver
WARNING:NgdBuild:452 - logical net 'N197' has no driver
WARNING:NgdBuild:452 - logical net 'N198' has no driver
WARNING:NgdBuild:452 - logical net 'N199' has no driver
WARNING:NgdBuild:452 - logical net 'N200' has no driver
WARNING:NgdBuild:452 - logical net 'N201' has no driver
WARNING:NgdBuild:452 - logical net 'N202' has no driver
WARNING:NgdBuild:452 - logical net 'N203' has no driver
WARNING:NgdBuild:452 - logical net 'N204' has no driver
WARNING:NgdBuild:452 - logical net 'N205' has no driver
WARNING:NgdBuild:452 - logical net 'N206' has no driver
WARNING:NgdBuild:452 - logical net 'N207' has no driver
WARNING:NgdBuild:452 - logical net 'N208' has no driver
WARNING:NgdBuild:452 - logical net 'N224' has no driver
WARNING:NgdBuild:452 - logical net 'N225' has no driver
WARNING:NgdBuild:452 - logical net 'N226' has no driver
WARNING:NgdBuild:452 - logical net 'N227' has no driver
WARNING:NgdBuild:452 - logical net 'N228' has no driver
WARNING:NgdBuild:452 - logical net 'N229' has no driver
WARNING:NgdBuild:452 - logical net 'N230' has no driver
WARNING:NgdBuild:452 - logical net 'N231' has no driver
WARNING:NgdBuild:452 - logical net 'N232' has no driver
WARNING:NgdBuild:452 - logical net 'N233' has no driver
WARNING:NgdBuild:452 - logical net 'N234' has no driver
WARNING:NgdBuild:452 - logical net 'N235' has no driver
WARNING:NgdBuild:452 - logical net 'N236' has no driver
WARNING:NgdBuild:452 - logical net 'N237' has no driver
WARNING:NgdBuild:452 - logical net 'N238' has no driver
WARNING:NgdBuild:452 - logical net 'N239' has no driver

Partition Implementation Status
-------------------------------

  No Partitions were found in this design.

-------------------------------

NGDBUILD Design Results Summary:
  Number of errors:     0
  Number of warnings: 114

Writing NGD file "Lab3_new.ngd" ...
Total REAL time to NGDBUILD completion:  40 sec
Total CPU time to NGDBUILD completion:   40 sec

Writing NGDBUILD log file "Lab3_new.bld"...

NGDBUILD done.



#----------------------------------------------#
# Starting program map
# map -o Lab3_new_map.ncd -w -pr b -ol high -timing -detail Lab3_new.ngd
Lab3_new.pcf 
#----------------------------------------------#
Release 14.6 - Map P.68d (nt64)
Copyright (c) 1995-2013 Xilinx, Inc.  All rights reserved.
PMSPEC -- Overriding Xilinx file
<C:/Xilinx/14.6/ISE_DS/EDK/data/Xdh_PrimTypeLib.xda> with local file
<C:/Xilinx/14.6/ISE_DS/ISE/data/Xdh_PrimTypeLib.xda>
Using target part "5vlx50tff1136-1".
vvvvvvvvvvvvvvvvvvvvvvvvvvvvvvvvvvvvvvvvvvvvvvvvvvvvvvvvvvvvvvvvvvvvvv
INFO:Security:54 - 'xc5vlx50t' is a WebPack part.
WARNING:Security:42 - Your software subscription period has lapsed. Your current
version of Xilinx tools will continue to function, but you no longer qualify for
Xilinx software updates or new releases.
----------------------------------------------------------------------
Mapping design into LUTs...
Writing file Lab3_new_map.ngm...
WARNING:Pack:2874 - Trimming timing constraints from pin
   lmb_bram/lmb_bram/ramb36_0
   of frag REGCLKAU connected to power/ground net
   lmb_bram/lmb_bram/ramb36_0_REGCLKAU_tiesig
WARNING:Pack:2874 - Trimming timing constraints from pin
   lmb_bram/lmb_bram/ramb36_0
   of frag REGCLKAL connected to power/ground net
   lmb_bram/lmb_bram/ramb36_0_REGCLKAL_tiesig
WARNING:Pack:2874 - Trimming timing constraints from pin
   lmb_bram/lmb_bram/ramb36_0
   of frag REGCLKBU connected to power/ground net
   lmb_bram/lmb_bram/ramb36_0_REGCLKBU_tiesig
WARNING:Pack:2874 - Trimming timing constraints from pin
   lmb_bram/lmb_bram/ramb36_0
   of frag REGCLKBL connected to power/ground net
   lmb_bram/lmb_bram/ramb36_0_REGCLKBL_tiesig
WARNING:Pack:2874 - Trimming timing constraints from pin
   lmb_bram/lmb_bram/ramb36_1
   of frag REGCLKAU connected to power/ground net
   lmb_bram/lmb_bram/ramb36_1_REGCLKAU_tiesig
WARNING:Pack:2874 - Trimming timing constraints from pin
   lmb_bram/lmb_bram/ramb36_1
   of frag REGCLKAL connected to power/ground net
   lmb_bram/lmb_bram/ramb36_1_REGCLKAL_tiesig
WARNING:Pack:2874 - Trimming timing constraints from pin
   lmb_bram/lmb_bram/ramb36_1
   of frag REGCLKBU connected to power/ground net
   lmb_bram/lmb_bram/ramb36_1_REGCLKBU_tiesig
WARNING:Pack:2874 - Trimming timing constraints from pin
   lmb_bram/lmb_bram/ramb36_1
   of frag REGCLKBL connected to power/ground net
   lmb_bram/lmb_bram/ramb36_1_REGCLKBL_tiesig
WARNING:Pack:2874 - Trimming timing constraints from pin
   lmb_bram/lmb_bram/ramb36_10
   of frag REGCLKAU connected to power/ground net
   lmb_bram/lmb_bram/ramb36_10_REGCLKAU_tiesig
WARNING:Pack:2874 - Trimming timing constraints from pin
   lmb_bram/lmb_bram/ramb36_10
   of frag REGCLKAL connected to power/ground net
   lmb_bram/lmb_bram/ramb36_10_REGCLKAL_tiesig
WARNING:Pack:2874 - Trimming timing constraints from pin
   lmb_bram/lmb_bram/ramb36_10
   of frag REGCLKBU connected to power/ground net
   lmb_bram/lmb_bram/ramb36_10_REGCLKBU_tiesig
WARNING:Pack:2874 - Trimming timing constraints from pin
   lmb_bram/lmb_bram/ramb36_10
   of frag REGCLKBL connected to power/ground net
   lmb_bram/lmb_bram/ramb36_10_REGCLKBL_tiesig
WARNING:Pack:2874 - Trimming timing constraints from pin
   lmb_bram/lmb_bram/ramb36_11
   of frag REGCLKAU connected to power/ground net
   lmb_bram/lmb_bram/ramb36_11_REGCLKAU_tiesig
WARNING:Pack:2874 - Trimming timing constraints from pin
   lmb_bram/lmb_bram/ramb36_11
   of frag REGCLKAL connected to power/ground net
   lmb_bram/lmb_bram/ramb36_11_REGCLKAL_tiesig
WARNING:Pack:2874 - Trimming timing constraints from pin
   lmb_bram/lmb_bram/ramb36_11
   of frag REGCLKBU connected to power/ground net
   lmb_bram/lmb_bram/ramb36_11_REGCLKBU_tiesig
WARNING:Pack:2874 - Trimming timing constraints from pin
   lmb_bram/lmb_bram/ramb36_11
   of frag REGCLKBL connected to power/ground net
   lmb_bram/lmb_bram/ramb36_11_REGCLKBL_tiesig
WARNING:Pack:2874 - Trimming timing constraints from pin
   lmb_bram/lmb_bram/ramb36_12
   of frag REGCLKAU connected to power/ground net
   lmb_bram/lmb_bram/ramb36_12_REGCLKAU_tiesig
WARNING:Pack:2874 - Trimming timing constraints from pin
   lmb_bram/lmb_bram/ramb36_12
   of frag REGCLKAL connected to power/ground net
   lmb_bram/lmb_bram/ramb36_12_REGCLKAL_tiesig
WARNING:Pack:2874 - Trimming timing constraints from pin
   lmb_bram/lmb_bram/ramb36_12
   of frag REGCLKBU connected to power/ground net
   lmb_bram/lmb_bram/ramb36_12_REGCLKBU_tiesig
WARNING:Pack:2874 - Trimming timing constraints from pin
   lmb_bram/lmb_bram/ramb36_12
   of frag REGCLKBL connected to power/ground net
   lmb_bram/lmb_bram/ramb36_12_REGCLKBL_tiesig
WARNING:Pack:2874 - Trimming timing constraints from pin
   lmb_bram/lmb_bram/ramb36_13
   of frag REGCLKAU connected to power/ground net
   lmb_bram/lmb_bram/ramb36_13_REGCLKAU_tiesig
WARNING:Pack:2874 - Trimming timing constraints from pin
   lmb_bram/lmb_bram/ramb36_13
   of frag REGCLKAL connected to power/ground net
   lmb_bram/lmb_bram/ramb36_13_REGCLKAL_tiesig
WARNING:Pack:2874 - Trimming timing constraints from pin
   lmb_bram/lmb_bram/ramb36_13
   of frag REGCLKBU connected to power/ground net
   lmb_bram/lmb_bram/ramb36_13_REGCLKBU_tiesig
WARNING:Pack:2874 - Trimming timing constraints from pin
   lmb_bram/lmb_bram/ramb36_13
   of frag REGCLKBL connected to power/ground net
   lmb_bram/lmb_bram/ramb36_13_REGCLKBL_tiesig
WARNING:Pack:2874 - Trimming timing constraints from pin
   lmb_bram/lmb_bram/ramb36_14
   of frag REGCLKAU connected to power/ground net
   lmb_bram/lmb_bram/ramb36_14_REGCLKAU_tiesig
WARNING:Pack:2874 - Trimming timing constraints from pin
   lmb_bram/lmb_bram/ramb36_14
   of frag REGCLKAL connected to power/ground net
   lmb_bram/lmb_bram/ramb36_14_REGCLKAL_tiesig
WARNING:Pack:2874 - Trimming timing constraints from pin
   lmb_bram/lmb_bram/ramb36_14
   of frag REGCLKBU connected to power/ground net
   lmb_bram/lmb_bram/ramb36_14_REGCLKBU_tiesig
WARNING:Pack:2874 - Trimming timing constraints from pin
   lmb_bram/lmb_bram/ramb36_14
   of frag REGCLKBL connected to power/ground net
   lmb_bram/lmb_bram/ramb36_14_REGCLKBL_tiesig
WARNING:Pack:2874 - Trimming timing constraints from pin
   lmb_bram/lmb_bram/ramb36_15
   of frag REGCLKAU connected to power/ground net
   lmb_bram/lmb_bram/ramb36_15_REGCLKAU_tiesig
WARNING:Pack:2874 - Trimming timing constraints from pin
   lmb_bram/lmb_bram/ramb36_15
   of frag REGCLKAL connected to power/ground net
   lmb_bram/lmb_bram/ramb36_15_REGCLKAL_tiesig
WARNING:Pack:2874 - Trimming timing constraints from pin
   lmb_bram/lmb_bram/ramb36_15
   of frag REGCLKBU connected to power/ground net
   lmb_bram/lmb_bram/ramb36_15_REGCLKBU_tiesig
WARNING:Pack:2874 - Trimming timing constraints from pin
   lmb_bram/lmb_bram/ramb36_15
   of frag REGCLKBL connected to power/ground net
   lmb_bram/lmb_bram/ramb36_15_REGCLKBL_tiesig
WARNING:Pack:2874 - Trimming timing constraints from pin
   lmb_bram/lmb_bram/ramb36_2
   of frag REGCLKAU connected to power/ground net
   lmb_bram/lmb_bram/ramb36_2_REGCLKAU_tiesig
WARNING:Pack:2874 - Trimming timing constraints from pin
   lmb_bram/lmb_bram/ramb36_2
   of frag REGCLKAL connected to power/ground net
   lmb_bram/lmb_bram/ramb36_2_REGCLKAL_tiesig
WARNING:Pack:2874 - Trimming timing constraints from pin
   lmb_bram/lmb_bram/ramb36_2
   of frag REGCLKBU connected to power/ground net
   lmb_bram/lmb_bram/ramb36_2_REGCLKBU_tiesig
WARNING:Pack:2874 - Trimming timing constraints from pin
   lmb_bram/lmb_bram/ramb36_2
   of frag REGCLKBL connected to power/ground net
   lmb_bram/lmb_bram/ramb36_2_REGCLKBL_tiesig
WARNING:Pack:2874 - Trimming timing constraints from pin
   lmb_bram/lmb_bram/ramb36_3
   of frag REGCLKAU connected to power/ground net
   lmb_bram/lmb_bram/ramb36_3_REGCLKAU_tiesig
WARNING:Pack:2874 - Trimming timing constraints from pin
   lmb_bram/lmb_bram/ramb36_3
   of frag REGCLKAL connected to power/ground net
   lmb_bram/lmb_bram/ramb36_3_REGCLKAL_tiesig
WARNING:Pack:2874 - Trimming timing constraints from pin
   lmb_bram/lmb_bram/ramb36_3
   of frag REGCLKBU connected to power/ground net
   lmb_bram/lmb_bram/ramb36_3_REGCLKBU_tiesig
WARNING:Pack:2874 - Trimming timing constraints from pin
   lmb_bram/lmb_bram/ramb36_3
   of frag REGCLKBL connected to power/ground net
   lmb_bram/lmb_bram/ramb36_3_REGCLKBL_tiesig
WARNING:Pack:2874 - Trimming timing constraints from pin
   lmb_bram/lmb_bram/ramb36_4
   of frag REGCLKAU connected to power/ground net
   lmb_bram/lmb_bram/ramb36_4_REGCLKAU_tiesig
WARNING:Pack:2874 - Trimming timing constraints from pin
   lmb_bram/lmb_bram/ramb36_4
   of frag REGCLKAL connected to power/ground net
   lmb_bram/lmb_bram/ramb36_4_REGCLKAL_tiesig
WARNING:Pack:2874 - Trimming timing constraints from pin
   lmb_bram/lmb_bram/ramb36_4
   of frag REGCLKBU connected to power/ground net
   lmb_bram/lmb_bram/ramb36_4_REGCLKBU_tiesig
WARNING:Pack:2874 - Trimming timing constraints from pin
   lmb_bram/lmb_bram/ramb36_4
   of frag REGCLKBL connected to power/ground net
   lmb_bram/lmb_bram/ramb36_4_REGCLKBL_tiesig
WARNING:Pack:2874 - Trimming timing constraints from pin
   lmb_bram/lmb_bram/ramb36_5
   of frag REGCLKAU connected to power/ground net
   lmb_bram/lmb_bram/ramb36_5_REGCLKAU_tiesig
WARNING:Pack:2874 - Trimming timing constraints from pin
   lmb_bram/lmb_bram/ramb36_5
   of frag REGCLKAL connected to power/ground net
   lmb_bram/lmb_bram/ramb36_5_REGCLKAL_tiesig
WARNING:Pack:2874 - Trimming timing constraints from pin
   lmb_bram/lmb_bram/ramb36_5
   of frag REGCLKBU connected to power/ground net
   lmb_bram/lmb_bram/ramb36_5_REGCLKBU_tiesig
WARNING:Pack:2874 - Trimming timing constraints from pin
   lmb_bram/lmb_bram/ramb36_5
   of frag REGCLKBL connected to power/ground net
   lmb_bram/lmb_bram/ramb36_5_REGCLKBL_tiesig
WARNING:Pack:2874 - Trimming timing constraints from pin
   lmb_bram/lmb_bram/ramb36_6
   of frag REGCLKAU connected to power/ground net
   lmb_bram/lmb_bram/ramb36_6_REGCLKAU_tiesig
WARNING:Pack:2874 - Trimming timing constraints from pin
   lmb_bram/lmb_bram/ramb36_6
   of frag REGCLKAL connected to power/ground net
   lmb_bram/lmb_bram/ramb36_6_REGCLKAL_tiesig
WARNING:Pack:2874 - Trimming timing constraints from pin
   lmb_bram/lmb_bram/ramb36_6
   of frag REGCLKBU connected to power/ground net
   lmb_bram/lmb_bram/ramb36_6_REGCLKBU_tiesig
WARNING:Pack:2874 - Trimming timing constraints from pin
   lmb_bram/lmb_bram/ramb36_6
   of frag REGCLKBL connected to power/ground net
   lmb_bram/lmb_bram/ramb36_6_REGCLKBL_tiesig
WARNING:Pack:2874 - Trimming timing constraints from pin
   lmb_bram/lmb_bram/ramb36_7
   of frag REGCLKAU connected to power/ground net
   lmb_bram/lmb_bram/ramb36_7_REGCLKAU_tiesig
WARNING:Pack:2874 - Trimming timing constraints from pin
   lmb_bram/lmb_bram/ramb36_7
   of frag REGCLKAL connected to power/ground net
   lmb_bram/lmb_bram/ramb36_7_REGCLKAL_tiesig
WARNING:Pack:2874 - Trimming timing constraints from pin
   lmb_bram/lmb_bram/ramb36_7
   of frag REGCLKBU connected to power/ground net
   lmb_bram/lmb_bram/ramb36_7_REGCLKBU_tiesig
WARNING:Pack:2874 - Trimming timing constraints from pin
   lmb_bram/lmb_bram/ramb36_7
   of frag REGCLKBL connected to power/ground net
   lmb_bram/lmb_bram/ramb36_7_REGCLKBL_tiesig
WARNING:Pack:2874 - Trimming timing constraints from pin
   lmb_bram/lmb_bram/ramb36_8
   of frag REGCLKAU connected to power/ground net
   lmb_bram/lmb_bram/ramb36_8_REGCLKAU_tiesig
WARNING:Pack:2874 - Trimming timing constraints from pin
   lmb_bram/lmb_bram/ramb36_8
   of frag REGCLKAL connected to power/ground net
   lmb_bram/lmb_bram/ramb36_8_REGCLKAL_tiesig
WARNING:Pack:2874 - Trimming timing constraints from pin
   lmb_bram/lmb_bram/ramb36_8
   of frag REGCLKBU connected to power/ground net
   lmb_bram/lmb_bram/ramb36_8_REGCLKBU_tiesig
WARNING:Pack:2874 - Trimming timing constraints from pin
   lmb_bram/lmb_bram/ramb36_8
   of frag REGCLKBL connected to power/ground net
   lmb_bram/lmb_bram/ramb36_8_REGCLKBL_tiesig
WARNING:Pack:2874 - Trimming timing constraints from pin
   lmb_bram/lmb_bram/ramb36_9
   of frag REGCLKAU connected to power/ground net
   lmb_bram/lmb_bram/ramb36_9_REGCLKAU_tiesig
WARNING:Pack:2874 - Trimming timing constraints from pin
   lmb_bram/lmb_bram/ramb36_9
   of frag REGCLKAL connected to power/ground net
   lmb_bram/lmb_bram/ramb36_9_REGCLKAL_tiesig
WARNING:Pack:2874 - Trimming timing constraints from pin
   lmb_bram/lmb_bram/ramb36_9
   of frag REGCLKBU connected to power/ground net
   lmb_bram/lmb_bram/ramb36_9_REGCLKBU_tiesig
WARNING:Pack:2874 - Trimming timing constraints from pin
   lmb_bram/lmb_bram/ramb36_9
   of frag REGCLKBL connected to power/ground net
   lmb_bram/lmb_bram/ramb36_9_REGCLKBL_tiesig
WARNING:Pack:2874 - Trimming timing constraints from pin
   microblaze_0/microblaze_0/MicroBlaze_Core_I/Performance.Using_DCache.Using_Wr
   iteThrough.DCache_I1/DATA_RAM_Module/Using_B16_S36.Using_RAMB36.The_BRAMs[0].
   RAMB36_I1
   of frag REGCLKAU connected to power/ground net
   microblaze_0/microblaze_0/MicroBlaze_Core_I/Performance.Using_DCache.Using_Wr
   iteThrough.DCache_I1/DATA_RAM_Module/Using_B16_S36.Using_RAMB36.The_BRAMs[0].
   RAMB36_I1_REGCLKAU_tiesig
WARNING:Pack:2874 - Trimming timing constraints from pin
   microblaze_0/microblaze_0/MicroBlaze_Core_I/Performance.Using_DCache.Using_Wr
   iteThrough.DCache_I1/DATA_RAM_Module/Using_B16_S36.Using_RAMB36.The_BRAMs[0].
   RAMB36_I1
   of frag REGCLKAL connected to power/ground net
   microblaze_0/microblaze_0/MicroBlaze_Core_I/Performance.Using_DCache.Using_Wr
   iteThrough.DCache_I1/DATA_RAM_Module/Using_B16_S36.Using_RAMB36.The_BRAMs[0].
   RAMB36_I1_REGCLKAL_tiesig
WARNING:Pack:2874 - Trimming timing constraints from pin
   microblaze_0/microblaze_0/MicroBlaze_Core_I/Performance.Using_DCache.Using_Wr
   iteThrough.DCache_I1/DATA_RAM_Module/Using_B16_S36.Using_RAMB36.The_BRAMs[0].
   RAMB36_I1
   of frag REGCLKBU connected to power/ground net
   microblaze_0/microblaze_0/MicroBlaze_Core_I/Performance.Using_DCache.Using_Wr
   iteThrough.DCache_I1/DATA_RAM_Module/Using_B16_S36.Using_RAMB36.The_BRAMs[0].
   RAMB36_I1_REGCLKBU_tiesig
WARNING:Pack:2874 - Trimming timing constraints from pin
   microblaze_0/microblaze_0/MicroBlaze_Core_I/Performance.Using_DCache.Using_Wr
   iteThrough.DCache_I1/DATA_RAM_Module/Using_B16_S36.Using_RAMB36.The_BRAMs[0].
   RAMB36_I1
   of frag REGCLKBL connected to power/ground net
   microblaze_0/microblaze_0/MicroBlaze_Core_I/Performance.Using_DCache.Using_Wr
   iteThrough.DCache_I1/DATA_RAM_Module/Using_B16_S36.Using_RAMB36.The_BRAMs[0].
   RAMB36_I1_REGCLKBL_tiesig
WARNING:Pack:2874 - Trimming timing constraints from pin
   microblaze_0/microblaze_0/MicroBlaze_Core_I/Performance.Using_DCache.Using_Wr
   iteThrough.DCache_I1/TAG_RAM_Module/Using_B16_S36.Using_RAMB36.The_BRAMs[0].R
   AMB36_I1
   of frag REGCLKAU connected to power/ground net
   microblaze_0/microblaze_0/MicroBlaze_Core_I/Performance.Using_DCache.Using_Wr
   iteThrough.DCache_I1/TAG_RAM_Module/Using_B16_S36.Using_RAMB36.The_BRAMs[0].R
   AMB36_I1_REGCLKAU_tiesig
WARNING:Pack:2874 - Trimming timing constraints from pin
   microblaze_0/microblaze_0/MicroBlaze_Core_I/Performance.Using_DCache.Using_Wr
   iteThrough.DCache_I1/TAG_RAM_Module/Using_B16_S36.Using_RAMB36.The_BRAMs[0].R
   AMB36_I1
   of frag REGCLKAL connected to power/ground net
   microblaze_0/microblaze_0/MicroBlaze_Core_I/Performance.Using_DCache.Using_Wr
   iteThrough.DCache_I1/TAG_RAM_Module/Using_B16_S36.Using_RAMB36.The_BRAMs[0].R
   AMB36_I1_REGCLKAL_tiesig
WARNING:Pack:2874 - Trimming timing constraints from pin
   microblaze_0/microblaze_0/MicroBlaze_Core_I/Performance.Using_DCache.Using_Wr
   iteThrough.DCache_I1/TAG_RAM_Module/Using_B16_S36.Using_RAMB36.The_BRAMs[0].R
   AMB36_I1
   of frag REGCLKBU connected to power/ground net
   microblaze_0/microblaze_0/MicroBlaze_Core_I/Performance.Using_DCache.Using_Wr
   iteThrough.DCache_I1/TAG_RAM_Module/Using_B16_S36.Using_RAMB36.The_BRAMs[0].R
   AMB36_I1_REGCLKBU_tiesig
WARNING:Pack:2874 - Trimming timing constraints from pin
   microblaze_0/microblaze_0/MicroBlaze_Core_I/Performance.Using_DCache.Using_Wr
   iteThrough.DCache_I1/TAG_RAM_Module/Using_B16_S36.Using_RAMB36.The_BRAMs[0].R
   AMB36_I1
   of frag REGCLKBL connected to power/ground net
   microblaze_0/microblaze_0/MicroBlaze_Core_I/Performance.Using_DCache.Using_Wr
   iteThrough.DCache_I1/TAG_RAM_Module/Using_B16_S36.Using_RAMB36.The_BRAMs[0].R
   AMB36_I1_REGCLKBL_tiesig
WARNING:Pack:2874 - Trimming timing constraints from pin
   microblaze_0/microblaze_0/MicroBlaze_Core_I/Performance.Using_ICache.ICache_I
   1/Data_RAM_Module/Using_B16_S36.Using_RAMB36.The_BRAMs[0].RAMB36_I1
   of frag REGCLKAU connected to power/ground net
   microblaze_0/microblaze_0/MicroBlaze_Core_I/Performance.Using_ICache.ICache_I
   1/Data_RAM_Module/Using_B16_S36.Using_RAMB36.The_BRAMs[0].RAMB36_I1_REGCLKAU_
   tiesig
WARNING:Pack:2874 - Trimming timing constraints from pin
   microblaze_0/microblaze_0/MicroBlaze_Core_I/Performance.Using_ICache.ICache_I
   1/Data_RAM_Module/Using_B16_S36.Using_RAMB36.The_BRAMs[0].RAMB36_I1
   of frag REGCLKAL connected to power/ground net
   microblaze_0/microblaze_0/MicroBlaze_Core_I/Performance.Using_ICache.ICache_I
   1/Data_RAM_Module/Using_B16_S36.Using_RAMB36.The_BRAMs[0].RAMB36_I1_REGCLKAL_
   tiesig
WARNING:Pack:2874 - Trimming timing constraints from pin
   microblaze_0/microblaze_0/MicroBlaze_Core_I/Performance.Using_ICache.ICache_I
   1/Data_RAM_Module/Using_B16_S36.Using_RAMB36.The_BRAMs[0].RAMB36_I1
   of frag REGCLKBU connected to power/ground net
   microblaze_0/microblaze_0/MicroBlaze_Core_I/Performance.Using_ICache.ICache_I
   1/Data_RAM_Module/Using_B16_S36.Using_RAMB36.The_BRAMs[0].RAMB36_I1_REGCLKBU_
   tiesig
WARNING:Pack:2874 - Trimming timing constraints from pin
   microblaze_0/microblaze_0/MicroBlaze_Core_I/Performance.Using_ICache.ICache_I
   1/Data_RAM_Module/Using_B16_S36.Using_RAMB36.The_BRAMs[0].RAMB36_I1
   of frag REGCLKBL connected to power/ground net
   microblaze_0/microblaze_0/MicroBlaze_Core_I/Performance.Using_ICache.ICache_I
   1/Data_RAM_Module/Using_B16_S36.Using_RAMB36.The_BRAMs[0].RAMB36_I1_REGCLKBL_
   tiesig
WARNING:Pack:2874 - Trimming timing constraints from pin
   microblaze_0/microblaze_0/MicroBlaze_Core_I/Performance.Using_ICache.ICache_I
   1/Tag_RAM_Module/Using_B16_S36.Using_RAMB36.The_BRAMs[0].RAMB36_I1
   of frag REGCLKAU connected to power/ground net
   microblaze_0/microblaze_0/MicroBlaze_Core_I/Performance.Using_ICache.ICache_I
   1/Tag_RAM_Module/Using_B16_S36.Using_RAMB36.The_BRAMs[0].RAMB36_I1_REGCLKAU_t
   iesig
WARNING:Pack:2874 - Trimming timing constraints from pin
   microblaze_0/microblaze_0/MicroBlaze_Core_I/Performance.Using_ICache.ICache_I
   1/Tag_RAM_Module/Using_B16_S36.Using_RAMB36.The_BRAMs[0].RAMB36_I1
   of frag REGCLKAL connected to power/ground net
   microblaze_0/microblaze_0/MicroBlaze_Core_I/Performance.Using_ICache.ICache_I
   1/Tag_RAM_Module/Using_B16_S36.Using_RAMB36.The_BRAMs[0].RAMB36_I1_REGCLKAL_t
   iesig
WARNING:Pack:2874 - Trimming timing constraints from pin
   microblaze_0/microblaze_0/MicroBlaze_Core_I/Performance.Using_ICache.ICache_I
   1/Tag_RAM_Module/Using_B16_S36.Using_RAMB36.The_BRAMs[0].RAMB36_I1
   of frag REGCLKBU connected to power/ground net
   microblaze_0/microblaze_0/MicroBlaze_Core_I/Performance.Using_ICache.ICache_I
   1/Tag_RAM_Module/Using_B16_S36.Using_RAMB36.The_BRAMs[0].RAMB36_I1_REGCLKBU_t
   iesig
WARNING:Pack:2874 - Trimming timing constraints from pin
   microblaze_0/microblaze_0/MicroBlaze_Core_I/Performance.Using_ICache.ICache_I
   1/Tag_RAM_Module/Using_B16_S36.Using_RAMB36.The_BRAMs[0].RAMB36_I1
   of frag REGCLKBL connected to power/ground net
   microblaze_0/microblaze_0/MicroBlaze_Core_I/Performance.Using_ICache.ICache_I
   1/Tag_RAM_Module/Using_B16_S36.Using_RAMB36.The_BRAMs[0].RAMB36_I1_REGCLKBL_t
   iesig
Running directed packing...
Running delay-based LUT packing...
Updating timing models...
INFO:Map:215 - The Interim Design Summary has been generated in the MAP Report
   (.mrp).
Running timing-driven placement...
Total REAL time at the beginning of Placer: 24 secs 
Total CPU  time at the beginning of Placer: 24 secs 

Phase 1.1  Initial Placement Analysis
Phase 1.1  Initial Placement Analysis (Checksum:ae20ee4b) REAL time: 26 secs 

Phase 2.7  Design Feasibility Check
Phase 2.7  Design Feasibility Check (Checksum:ae20ee4b) REAL time: 26 secs 

Phase 3.31  Local Placement Optimization
Phase 3.31  Local Placement Optimization (Checksum:424880b1) REAL time: 26 secs 

Phase 4.37  Local Placement Optimization
Phase 4.37  Local Placement Optimization (Checksum:8e91a12e) REAL time: 26 secs 

Phase 5.33  Local Placement Optimization
Phase 5.33  Local Placement Optimization (Checksum:8e91a12e) REAL time: 44 secs 

Phase 6.32  Local Placement Optimization
Phase 6.32  Local Placement Optimization (Checksum:8e91a12e) REAL time: 44 secs 

Phase 7.2  Initial Clock and IO Placement



There are 12 clock regions on the target FPGA device:
|------------------------------------------|------------------------------------------|
| CLOCKREGION_X0Y5:                        | CLOCKREGION_X1Y5:                        |
|   2 BUFRs available, 0 in use            |   2 BUFRs available, 0 in use            |
|   4 Regional Clock Spines, 0 in use      |   4 Regional Clock Spines, 0 in use      |
|   4 edge BUFIOs available, 3 in use      |   4 edge BUFIOs available, 0 in use      |
|   0 center BUFIOs available, 0 in use    |   0 center BUFIOs available, 0 in use    |
|                                          |                                          |
|------------------------------------------|------------------------------------------|
| CLOCKREGION_X0Y4:                        | CLOCKREGION_X1Y4:                        |
|   2 BUFRs available, 0 in use            |   2 BUFRs available, 0 in use            |
|   4 Regional Clock Spines, 0 in use      |   4 Regional Clock Spines, 0 in use      |
|   4 edge BUFIOs available, 0 in use      |   4 edge BUFIOs available, 0 in use      |
|   2 center BUFIOs available, 0 in use    |   0 center BUFIOs available, 0 in use    |
|                                          |                                          |
|------------------------------------------|------------------------------------------|
| CLOCKREGION_X0Y3:                        | CLOCKREGION_X1Y3:                        |
|   2 BUFRs available, 0 in use            |   2 BUFRs available, 0 in use            |
|   4 Regional Clock Spines, 0 in use      |   4 Regional Clock Spines, 0 in use      |
|   4 edge BUFIOs available, 0 in use      |   4 edge BUFIOs available, 0 in use      |
|   2 center BUFIOs available, 0 in use    |   0 center BUFIOs available, 0 in use    |
|                                          |                                          |
|------------------------------------------|------------------------------------------|
| CLOCKREGION_X0Y2:                        | CLOCKREGION_X1Y2:                        |
|   2 BUFRs available, 0 in use            |   2 BUFRs available, 0 in use            |
|   4 Regional Clock Spines, 0 in use      |   4 Regional Clock Spines, 0 in use      |
|   4 edge BUFIOs available, 0 in use      |   4 edge BUFIOs available, 0 in use      |
|   2 center BUFIOs available, 0 in use    |   0 center BUFIOs available, 0 in use    |
|                                          |                                          |
|------------------------------------------|------------------------------------------|
| CLOCKREGION_X0Y1:                        | CLOCKREGION_X1Y1:                        |
|   2 BUFRs available, 0 in use            |   2 BUFRs available, 0 in use            |
|   4 Regional Clock Spines, 0 in use      |   4 Regional Clock Spines, 0 in use      |
|   4 edge BUFIOs available, 3 in use      |   4 edge BUFIOs available, 0 in use      |
|   2 center BUFIOs available, 0 in use    |   0 center BUFIOs available, 0 in use    |
|                                          |                                          |
|------------------------------------------|------------------------------------------|
| CLOCKREGION_X0Y0:                        | CLOCKREGION_X1Y0:                        |
|   2 BUFRs available, 0 in use            |   2 BUFRs available, 0 in use            |
|   4 Regional Clock Spines, 0 in use      |   4 Regional Clock Spines, 0 in use      |
|   4 edge BUFIOs available, 2 in use      |   4 edge BUFIOs available, 0 in use      |
|   0 center BUFIOs available, 0 in use    |   0 center BUFIOs available, 0 in use    |
|                                          |                                          |
|------------------------------------------|------------------------------------------|


Clock-Region: <CLOCKREGION_X0Y0>
  key resource utilizations (used/available): edge-bufios - 2/4; bufrs - 0/2; regional-clock-spines - 0/4
|-----------------------------------------------------------------------------------------------------------------------------------------------------------
|       |    clock    | BRAM |     |    |        |        |       |       |       |      |      |     |      |
|       |    region   | FIFO | DCM | GT | ILOGIC | OLOGIC |   FF  |  LUTM |  LUTL | MULT | EMAC | PPC | PCIe | <- (Types of Resources in Clock Region)
|-------|-------------|------|-----|----|--------|--------|-------|-------|-------|------|------|-----|------|----------------------------------------------
|       | Upper Region|   8  |  2  |  0 |   60   |   60   |  2240 |  1280 |  3200 |   8  |   0  |  0  |   0  | <- Available resources in the upper region
|-------|-------------|------|-----|----|--------|--------|-------|-------|-------|------|------|-----|------|----------------------------------------------
|       |CurrentRegion|   8  |  4  |  0 |   40   |   40   |  2240 |  1280 |  3200 |   8  |   0  |  0  |   0  | <- Available resources in the current region
|-------|-------------|------|-----|----|--------|--------|-------|-------|-------|------|------|-----|------|----------------------------------------------
| clock |    region   |                                                                                      -----------------------------------------------
|  type |  expansion  |                                                                                      | <IO/Regional clock Net Name>
|-------|-------------|------|-----|----|--------|--------|-------|-------|-------|------|------|-----|------|----------------------------------------------
| BUFIO |             |   0  |  0  |  0 |    9   |    0   |     0 |     0 |     0 |   0  |   0  |  0  |   0  | "DDR2_SDRAM/DDR2_SDRAM/mpmc_core_0/gen_v5_ddr2_phy.mpmc_phy_if_0/u_phy_io_0/delayed_dqs<1>"
|-------|-------------|------|-----|----|--------|--------|-------|-------|-------|------|------|-----|------|----------------------------------------------
| BUFIO |             |   0  |  0  |  0 |    9   |    0   |     0 |     0 |     0 |   0  |   0  |  0  |   0  | "DDR2_SDRAM/DDR2_SDRAM/mpmc_core_0/gen_v5_ddr2_phy.mpmc_phy_if_0/u_phy_io_0/delayed_dqs<2>"
|-------|-------------|------|-----|----|--------|--------|-------|-------|-------|------|------|-----|------|----------------------------------------------


Clock-Region: <CLOCKREGION_X0Y1>
  key resource utilizations (used/available): edge-bufios - 3/4; center-bufios - 0/2; bufrs - 0/2; regional-clock-spines - 0/4
|-----------------------------------------------------------------------------------------------------------------------------------------------------------
|       |    clock    | BRAM |     |    |        |        |       |       |       |      |      |     |      |
|       |    region   | FIFO | DCM | GT | ILOGIC | OLOGIC |   FF  |  LUTM |  LUTL | MULT | EMAC | PPC | PCIe | <- (Types of Resources in Clock Region)
|-------|-------------|------|-----|----|--------|--------|-------|-------|-------|------|------|-----|------|----------------------------------------------
|       | Upper Region|   8  |  0  |  0 |   60   |   60   |  2240 |  1280 |  3200 |   8  |   0  |  0  |   0  | <- Available resources in the upper region
|-------|-------------|------|-----|----|--------|--------|-------|-------|-------|------|------|-----|------|----------------------------------------------
|       |CurrentRegion|   8  |  2  |  0 |   60   |   60   |  2240 |  1280 |  3200 |   8  |   0  |  0  |   0  | <- Available resources in the current region
|-------|-------------|------|-----|----|--------|--------|-------|-------|-------|------|------|-----|------|----------------------------------------------
|       | Lower Region|   8  |  4  |  0 |   40   |   40   |  2240 |  1280 |  3200 |   8  |   0  |  0  |   0  | <- Available resources in the lower region
|-------|-------------|------|-----|----|--------|--------|-------|-------|-------|------|------|-----|------|----------------------------------------------
| clock |    region   |                                                                                      -----------------------------------------------
|  type |  expansion  |                                                                                      | <IO/Regional clock Net Name>
|-------|-------------|------|-----|----|--------|--------|-------|-------|-------|------|------|-----|------|----------------------------------------------
| BUFIO |             |   0  |  0  |  0 |    9   |    0   |     0 |     0 |     0 |   0  |   0  |  0  |   0  | "DDR2_SDRAM/DDR2_SDRAM/mpmc_core_0/gen_v5_ddr2_phy.mpmc_phy_if_0/u_phy_io_0/delayed_dqs<0>"
|-------|-------------|------|-----|----|--------|--------|-------|-------|-------|------|------|-----|------|----------------------------------------------
| BUFIO |             |   0  |  0  |  0 |    9   |    0   |     0 |     0 |     0 |   0  |   0  |  0  |   0  | "DDR2_SDRAM/DDR2_SDRAM/mpmc_core_0/gen_v5_ddr2_phy.mpmc_phy_if_0/u_phy_io_0/delayed_dqs<4>"
|-------|-------------|------|-----|----|--------|--------|-------|-------|-------|------|------|-----|------|----------------------------------------------
| BUFIO |             |   0  |  0  |  0 |    9   |    0   |     0 |     0 |     0 |   0  |   0  |  0  |   0  | "DDR2_SDRAM/DDR2_SDRAM/mpmc_core_0/gen_v5_ddr2_phy.mpmc_phy_if_0/u_phy_io_0/delayed_dqs<3>"
|-------|-------------|------|-----|----|--------|--------|-------|-------|-------|------|------|-----|------|----------------------------------------------


Clock-Region: <CLOCKREGION_X0Y5>
  key resource utilizations (used/available): edge-bufios - 3/4; bufrs - 0/2; regional-clock-spines - 0/4
|-----------------------------------------------------------------------------------------------------------------------------------------------------------
|       |    clock    | BRAM |     |    |        |        |       |       |       |      |      |     |      |
|       |    region   | FIFO | DCM | GT | ILOGIC | OLOGIC |   FF  |  LUTM |  LUTL | MULT | EMAC | PPC | PCIe | <- (Types of Resources in Clock Region)
|-------|-------------|------|-----|----|--------|--------|-------|-------|-------|------|------|-----|------|----------------------------------------------
|       |CurrentRegion|   8  |  4  |  0 |   40   |   40   |  2240 |  1280 |  3200 |   8  |   0  |  0  |   0  | <- Available resources in the current region
|-------|-------------|------|-----|----|--------|--------|-------|-------|-------|------|------|-----|------|----------------------------------------------
|       | Lower Region|   8  |  2  |  0 |   60   |   60   |  2240 |  1280 |  3200 |   8  |   0  |  0  |   0  | <- Available resources in the lower region
|-------|-------------|------|-----|----|--------|--------|-------|-------|-------|------|------|-----|------|----------------------------------------------
| clock |    region   |                                                                                      -----------------------------------------------
|  type |  expansion  |                                                                                      | <IO/Regional clock Net Name>
|-------|-------------|------|-----|----|--------|--------|-------|-------|-------|------|------|-----|------|----------------------------------------------
| BUFIO |             |   0  |  0  |  0 |    9   |    0   |     0 |     0 |     0 |   0  |   0  |  0  |   0  | "DDR2_SDRAM/DDR2_SDRAM/mpmc_core_0/gen_v5_ddr2_phy.mpmc_phy_if_0/u_phy_io_0/delayed_dqs<7>"
|-------|-------------|------|-----|----|--------|--------|-------|-------|-------|------|------|-----|------|----------------------------------------------
| BUFIO |             |   0  |  0  |  0 |    9   |    0   |     0 |     0 |     0 |   0  |   0  |  0  |   0  | "DDR2_SDRAM/DDR2_SDRAM/mpmc_core_0/gen_v5_ddr2_phy.mpmc_phy_if_0/u_phy_io_0/delayed_dqs<5>"
|-------|-------------|------|-----|----|--------|--------|-------|-------|-------|------|------|-----|------|----------------------------------------------
| BUFIO |             |   0  |  0  |  0 |    9   |    0   |     0 |     0 |     0 |   0  |   0  |  0  |   0  | "DDR2_SDRAM/DDR2_SDRAM/mpmc_core_0/gen_v5_ddr2_phy.mpmc_phy_if_0/u_phy_io_0/delayed_dqs<6>"
|-------|-------------|------|-----|----|--------|--------|-------|-------|-------|------|------|-----|------|----------------------------------------------




######################################################################################
# REGIONAL CLOCKING RESOURCE DISTRIBUTION UCF REPORT:
#
# Number of Regional Clocking Regions in the device: 12  (4 clock spines in each)
# Number of Regional Clock Networks used in this design: 8 (each network can be
# composed of up to 3 clock spines and cover up to 3 regional clock regions)
# 
######################################################################################

# IO-Clock "DDR2_SDRAM/DDR2_SDRAM/mpmc_core_0/gen_v5_ddr2_phy.mpmc_phy_if_0/u_phy_io_0/delayed_dqs<7>" driven by
"BUFIO_X0Y23"
INST "DDR2_SDRAM/DDR2_SDRAM/mpmc_core_0/gen_v5_ddr2_phy.mpmc_phy_if_0/u_phy_io_0/gen_dqs[7].u_iob_dqs/u_bufio_dqs" LOC =
"BUFIO_X0Y23" ;
NET "DDR2_SDRAM/DDR2_SDRAM/mpmc_core_0/gen_v5_ddr2_phy.mpmc_phy_if_0/u_phy_io_0/delayed_dqs<7>" TNM_NET =
"TN_DDR2_SDRAM/DDR2_SDRAM/mpmc_core_0/gen_v5_ddr2_phy.mpmc_phy_if_0/u_phy_io_0/delayed_dqs<7>" ;
TIMEGRP "TN_DDR2_SDRAM/DDR2_SDRAM/mpmc_core_0/gen_v5_ddr2_phy.mpmc_phy_if_0/u_phy_io_0/delayed_dqs<7>" AREA_GROUP =
"CLKAG_DDR2_SDRAM/DDR2_SDRAM/mpmc_core_0/gen_v5_ddr2_phy.mpmc_phy_if_0/u_phy_io_0/delayed_dqs<7>" ;
AREA_GROUP "CLKAG_DDR2_SDRAM/DDR2_SDRAM/mpmc_core_0/gen_v5_ddr2_phy.mpmc_phy_if_0/u_phy_io_0/delayed_dqs<7>" RANGE =
CLOCKREGION_X0Y5;


# IO-Clock "DDR2_SDRAM/DDR2_SDRAM/mpmc_core_0/gen_v5_ddr2_phy.mpmc_phy_if_0/u_phy_io_0/delayed_dqs<0>" driven by
"BUFIO_X0Y5"
INST "DDR2_SDRAM/DDR2_SDRAM/mpmc_core_0/gen_v5_ddr2_phy.mpmc_phy_if_0/u_phy_io_0/gen_dqs[0].u_iob_dqs/u_bufio_dqs" LOC =
"BUFIO_X0Y5" ;
NET "DDR2_SDRAM/DDR2_SDRAM/mpmc_core_0/gen_v5_ddr2_phy.mpmc_phy_if_0/u_phy_io_0/delayed_dqs<0>" TNM_NET =
"TN_DDR2_SDRAM/DDR2_SDRAM/mpmc_core_0/gen_v5_ddr2_phy.mpmc_phy_if_0/u_phy_io_0/delayed_dqs<0>" ;
TIMEGRP "TN_DDR2_SDRAM/DDR2_SDRAM/mpmc_core_0/gen_v5_ddr2_phy.mpmc_phy_if_0/u_phy_io_0/delayed_dqs<0>" AREA_GROUP =
"CLKAG_DDR2_SDRAM/DDR2_SDRAM/mpmc_core_0/gen_v5_ddr2_phy.mpmc_phy_if_0/u_phy_io_0/delayed_dqs<0>" ;
AREA_GROUP "CLKAG_DDR2_SDRAM/DDR2_SDRAM/mpmc_core_0/gen_v5_ddr2_phy.mpmc_phy_if_0/u_phy_io_0/delayed_dqs<0>" RANGE =
CLOCKREGION_X0Y1;


# IO-Clock "DDR2_SDRAM/DDR2_SDRAM/mpmc_core_0/gen_v5_ddr2_phy.mpmc_phy_if_0/u_phy_io_0/delayed_dqs<4>" driven by
"BUFIO_X0Y7"
INST "DDR2_SDRAM/DDR2_SDRAM/mpmc_core_0/gen_v5_ddr2_phy.mpmc_phy_if_0/u_phy_io_0/gen_dqs[4].u_iob_dqs/u_bufio_dqs" LOC =
"BUFIO_X0Y7" ;
NET "DDR2_SDRAM/DDR2_SDRAM/mpmc_core_0/gen_v5_ddr2_phy.mpmc_phy_if_0/u_phy_io_0/delayed_dqs<4>" TNM_NET =
"TN_DDR2_SDRAM/DDR2_SDRAM/mpmc_core_0/gen_v5_ddr2_phy.mpmc_phy_if_0/u_phy_io_0/delayed_dqs<4>" ;
TIMEGRP "TN_DDR2_SDRAM/DDR2_SDRAM/mpmc_core_0/gen_v5_ddr2_phy.mpmc_phy_if_0/u_phy_io_0/delayed_dqs<4>" AREA_GROUP =
"CLKAG_DDR2_SDRAM/DDR2_SDRAM/mpmc_core_0/gen_v5_ddr2_phy.mpmc_phy_if_0/u_phy_io_0/delayed_dqs<4>" ;
AREA_GROUP "CLKAG_DDR2_SDRAM/DDR2_SDRAM/mpmc_core_0/gen_v5_ddr2_phy.mpmc_phy_if_0/u_phy_io_0/delayed_dqs<4>" RANGE =
CLOCKREGION_X0Y1;


# IO-Clock "DDR2_SDRAM/DDR2_SDRAM/mpmc_core_0/gen_v5_ddr2_phy.mpmc_phy_if_0/u_phy_io_0/delayed_dqs<1>" driven by
"BUFIO_X0Y0"
INST "DDR2_SDRAM/DDR2_SDRAM/mpmc_core_0/gen_v5_ddr2_phy.mpmc_phy_if_0/u_phy_io_0/gen_dqs[1].u_iob_dqs/u_bufio_dqs" LOC =
"BUFIO_X0Y0" ;
NET "DDR2_SDRAM/DDR2_SDRAM/mpmc_core_0/gen_v5_ddr2_phy.mpmc_phy_if_0/u_phy_io_0/delayed_dqs<1>" TNM_NET =
"TN_DDR2_SDRAM/DDR2_SDRAM/mpmc_core_0/gen_v5_ddr2_phy.mpmc_phy_if_0/u_phy_io_0/delayed_dqs<1>" ;
TIMEGRP "TN_DDR2_SDRAM/DDR2_SDRAM/mpmc_core_0/gen_v5_ddr2_phy.mpmc_phy_if_0/u_phy_io_0/delayed_dqs<1>" AREA_GROUP =
"CLKAG_DDR2_SDRAM/DDR2_SDRAM/mpmc_core_0/gen_v5_ddr2_phy.mpmc_phy_if_0/u_phy_io_0/delayed_dqs<1>" ;
AREA_GROUP "CLKAG_DDR2_SDRAM/DDR2_SDRAM/mpmc_core_0/gen_v5_ddr2_phy.mpmc_phy_if_0/u_phy_io_0/delayed_dqs<1>" RANGE =
CLOCKREGION_X0Y0;


# IO-Clock "DDR2_SDRAM/DDR2_SDRAM/mpmc_core_0/gen_v5_ddr2_phy.mpmc_phy_if_0/u_phy_io_0/delayed_dqs<5>" driven by
"BUFIO_X0Y21"
INST "DDR2_SDRAM/DDR2_SDRAM/mpmc_core_0/gen_v5_ddr2_phy.mpmc_phy_if_0/u_phy_io_0/gen_dqs[5].u_iob_dqs/u_bufio_dqs" LOC =
"BUFIO_X0Y21" ;
NET "DDR2_SDRAM/DDR2_SDRAM/mpmc_core_0/gen_v5_ddr2_phy.mpmc_phy_if_0/u_phy_io_0/delayed_dqs<5>" TNM_NET =
"TN_DDR2_SDRAM/DDR2_SDRAM/mpmc_core_0/gen_v5_ddr2_phy.mpmc_phy_if_0/u_phy_io_0/delayed_dqs<5>" ;
TIMEGRP "TN_DDR2_SDRAM/DDR2_SDRAM/mpmc_core_0/gen_v5_ddr2_phy.mpmc_phy_if_0/u_phy_io_0/delayed_dqs<5>" AREA_GROUP =
"CLKAG_DDR2_SDRAM/DDR2_SDRAM/mpmc_core_0/gen_v5_ddr2_phy.mpmc_phy_if_0/u_phy_io_0/delayed_dqs<5>" ;
AREA_GROUP "CLKAG_DDR2_SDRAM/DDR2_SDRAM/mpmc_core_0/gen_v5_ddr2_phy.mpmc_phy_if_0/u_phy_io_0/delayed_dqs<5>" RANGE =
CLOCKREGION_X0Y5;


# IO-Clock "DDR2_SDRAM/DDR2_SDRAM/mpmc_core_0/gen_v5_ddr2_phy.mpmc_phy_if_0/u_phy_io_0/delayed_dqs<2>" driven by
"BUFIO_X0Y3"
INST "DDR2_SDRAM/DDR2_SDRAM/mpmc_core_0/gen_v5_ddr2_phy.mpmc_phy_if_0/u_phy_io_0/gen_dqs[2].u_iob_dqs/u_bufio_dqs" LOC =
"BUFIO_X0Y3" ;
NET "DDR2_SDRAM/DDR2_SDRAM/mpmc_core_0/gen_v5_ddr2_phy.mpmc_phy_if_0/u_phy_io_0/delayed_dqs<2>" TNM_NET =
"TN_DDR2_SDRAM/DDR2_SDRAM/mpmc_core_0/gen_v5_ddr2_phy.mpmc_phy_if_0/u_phy_io_0/delayed_dqs<2>" ;
TIMEGRP "TN_DDR2_SDRAM/DDR2_SDRAM/mpmc_core_0/gen_v5_ddr2_phy.mpmc_phy_if_0/u_phy_io_0/delayed_dqs<2>" AREA_GROUP =
"CLKAG_DDR2_SDRAM/DDR2_SDRAM/mpmc_core_0/gen_v5_ddr2_phy.mpmc_phy_if_0/u_phy_io_0/delayed_dqs<2>" ;
AREA_GROUP "CLKAG_DDR2_SDRAM/DDR2_SDRAM/mpmc_core_0/gen_v5_ddr2_phy.mpmc_phy_if_0/u_phy_io_0/delayed_dqs<2>" RANGE =
CLOCKREGION_X0Y0;


# IO-Clock "DDR2_SDRAM/DDR2_SDRAM/mpmc_core_0/gen_v5_ddr2_phy.mpmc_phy_if_0/u_phy_io_0/delayed_dqs<6>" driven by
"BUFIO_X0Y22"
INST "DDR2_SDRAM/DDR2_SDRAM/mpmc_core_0/gen_v5_ddr2_phy.mpmc_phy_if_0/u_phy_io_0/gen_dqs[6].u_iob_dqs/u_bufio_dqs" LOC =
"BUFIO_X0Y22" ;
NET "DDR2_SDRAM/DDR2_SDRAM/mpmc_core_0/gen_v5_ddr2_phy.mpmc_phy_if_0/u_phy_io_0/delayed_dqs<6>" TNM_NET =
"TN_DDR2_SDRAM/DDR2_SDRAM/mpmc_core_0/gen_v5_ddr2_phy.mpmc_phy_if_0/u_phy_io_0/delayed_dqs<6>" ;
TIMEGRP "TN_DDR2_SDRAM/DDR2_SDRAM/mpmc_core_0/gen_v5_ddr2_phy.mpmc_phy_if_0/u_phy_io_0/delayed_dqs<6>" AREA_GROUP =
"CLKAG_DDR2_SDRAM/DDR2_SDRAM/mpmc_core_0/gen_v5_ddr2_phy.mpmc_phy_if_0/u_phy_io_0/delayed_dqs<6>" ;
AREA_GROUP "CLKAG_DDR2_SDRAM/DDR2_SDRAM/mpmc_core_0/gen_v5_ddr2_phy.mpmc_phy_if_0/u_phy_io_0/delayed_dqs<6>" RANGE =
CLOCKREGION_X0Y5;


# IO-Clock "DDR2_SDRAM/DDR2_SDRAM/mpmc_core_0/gen_v5_ddr2_phy.mpmc_phy_if_0/u_phy_io_0/delayed_dqs<3>" driven by
"BUFIO_X0Y6"
INST "DDR2_SDRAM/DDR2_SDRAM/mpmc_core_0/gen_v5_ddr2_phy.mpmc_phy_if_0/u_phy_io_0/gen_dqs[3].u_iob_dqs/u_bufio_dqs" LOC =
"BUFIO_X0Y6" ;
NET "DDR2_SDRAM/DDR2_SDRAM/mpmc_core_0/gen_v5_ddr2_phy.mpmc_phy_if_0/u_phy_io_0/delayed_dqs<3>" TNM_NET =
"TN_DDR2_SDRAM/DDR2_SDRAM/mpmc_core_0/gen_v5_ddr2_phy.mpmc_phy_if_0/u_phy_io_0/delayed_dqs<3>" ;
TIMEGRP "TN_DDR2_SDRAM/DDR2_SDRAM/mpmc_core_0/gen_v5_ddr2_phy.mpmc_phy_if_0/u_phy_io_0/delayed_dqs<3>" AREA_GROUP =
"CLKAG_DDR2_SDRAM/DDR2_SDRAM/mpmc_core_0/gen_v5_ddr2_phy.mpmc_phy_if_0/u_phy_io_0/delayed_dqs<3>" ;
AREA_GROUP "CLKAG_DDR2_SDRAM/DDR2_SDRAM/mpmc_core_0/gen_v5_ddr2_phy.mpmc_phy_if_0/u_phy_io_0/delayed_dqs<3>" RANGE =
CLOCKREGION_X0Y1;


Phase 7.2  Initial Clock and IO Placement (Checksum:5d2adc26) REAL time: 46 secs 

Phase 8.36  Local Placement Optimization
Phase 8.36  Local Placement Optimization (Checksum:5d2adc26) REAL time: 46 secs 

Phase 9.30  Global Clock Region Assignment
Phase 9.30  Global Clock Region Assignment (Checksum:5d2adc26) REAL time: 46 secs 

Phase 10.3  Local Placement Optimization
Phase 10.3  Local Placement Optimization (Checksum:5d2adc26) REAL time: 46 secs 

Phase 11.5  Local Placement Optimization
Phase 11.5  Local Placement Optimization (Checksum:5d2adc26) REAL time: 46 secs 

Phase 12.8  Global Placement
...........................
........................................................
.................................
.........................................................................
..............................
..............................
................
................
Phase 12.8  Global Placement (Checksum:ebb1f975) REAL time: 1 mins 11 secs 

Phase 13.29  Local Placement Optimization
Phase 13.29  Local Placement Optimization (Checksum:ebb1f975) REAL time: 1 mins 11 secs 

Phase 14.5  Local Placement Optimization
Phase 14.5  Local Placement Optimization (Checksum:ebb1f975) REAL time: 1 mins 11 secs 

Phase 15.18  Placement Optimization
Phase 15.18  Placement Optimization (Checksum:6abbc367) REAL time: 1 mins 47 secs 

Phase 16.5  Local Placement Optimization
Phase 16.5  Local Placement Optimization (Checksum:6abbc367) REAL time: 1 mins 48 secs 

Phase 17.34  Placement Validation
Phase 17.34  Placement Validation (Checksum:6abbc367) REAL time: 1 mins 48 secs 

Total REAL time to Placer completion: 1 mins 48 secs 
Total CPU  time to Placer completion: 1 mins 47 secs 
Running post-placement packing...
Writing output files...

Design Summary:
Number of errors:      0
Number of warnings:   84
Slice Logic Utilization:
  Number of Slice Registers:                 6,160 out of  28,800   21%
    Number used as Flip Flops:               6,156
    Number used as Latch-thrus:                  4
  Number of Slice LUTs:                      5,488 out of  28,800   19%
    Number used as logic:                    5,121 out of  28,800   17%
      Number using O6 output only:           4,813
      Number using O5 output only:              94
      Number using O5 and O6:                  214
    Number used as Memory:                     350 out of   7,680    4%
      Number used as Dual Port RAM:            176
        Number using O6 output only:            12
        Number using O5 output only:            36
        Number using O5 and O6:                128
      Number used as Shift Register:           174
        Number using O6 output only:           173
        Number using O5 output only:             1
    Number used as exclusive route-thru:        17
  Number of route-thrus:                       126
    Number using O6 output only:               106
    Number using O5 output only:                17
    Number using O5 and O6:                      3

Slice Logic Distribution:
  Number of occupied Slices:                 3,224 out of   7,200   44%
  Number of LUT Flip Flop pairs used:        8,523
    Number with an unused Flip Flop:         2,363 out of   8,523   27%
    Number with an unused LUT:               3,035 out of   8,523   35%
    Number of fully used LUT-FF pairs:       3,125 out of   8,523   36%
    Number of unique control sets:             681
    Number of slice register sites lost
      to control set restrictions:           1,470 out of  28,800    5%

  A LUT Flip Flop pair for this architecture represents one LUT paired with
  one Flip Flop within a slice.  A control set is a unique combination of
  clock, reset, set, and enable signals for a registered element.
  The Slice Logic Distribution report is not meaningful if the design is
  over-mapped for a non-slice resource or if Placement fails.
  OVERMAPPING of BRAM resources should be ignored if the design is
  over-mapped for a non-BRAM resource or if placement fails.

IO Utilization:
  Number of bonded IOBs:                       189 out of     480   39%
    Number of LOCed IOBs:                      189 out of     189  100%
    IOB Flip Flops:                            367

Specific Feature Utilization:
  Number of BlockRAM/FIFO:                      33 out of      60   55%
    Number using BlockRAM only:                 33
    Total primitives used:
      Number of 36k BlockRAM used:              33
    Total Memory used (KB):                  1,188 out of   2,160   55%
  Number of BUFG/BUFGCTRLs:                      5 out of      32   15%
    Number used as BUFGs:                        5
  Number of IDELAYCTRLs:                         3 out of      16   18%
  Number of BSCANs:                              1 out of       4   25%
  Number of BUFIOs:                              8 out of      56   14%
  Number of DSP48Es:                             3 out of      48    6%
  Number of PLL_ADVs:                            1 out of       6   16%

Average Fanout of Non-Clock Nets:                3.57

Peak Memory Usage:  702 MB
Total REAL time to MAP completion:  1 mins 55 secs 
Total CPU time to MAP completion:   1 mins 53 secs 

Mapping completed.
See MAP report file "Lab3_new_map.mrp" for details.



#----------------------------------------------#
# Starting program par
# par -w -ol high Lab3_new_map.ncd Lab3_new.ncd Lab3_new.pcf 
#----------------------------------------------#
Release 14.6 - par P.68d (nt64)
Copyright (c) 1995-2013 Xilinx, Inc.  All rights reserved.
PMSPEC -- Overriding Xilinx file <C:/Xilinx/14.6/ISE_DS/EDK/data/parBmgr.acd> with local file
<C:/Xilinx/14.6/ISE_DS/ISE/data/parBmgr.acd>



Constraints file: Lab3_new.pcf.
Loading device for application Rf_Device from file '5vlx50t.nph' in environment
C:\Xilinx\14.6\ISE_DS\ISE\;C:\Xilinx\14.6\ISE_DS\EDK.
   "Lab3_new" is an NCD, version 3.2, device xc5vlx50t, package ff1136, speed -1
vvvvvvvvvvvvvvvvvvvvvvvvvvvvvvvvvvvvvvvvvvvvvvvvvvvvvvvvvvvvvvvvvvvvvv
INFO:Security:54 - 'xc5vlx50t' is a WebPack part.
WARNING:Security:42 - Your software subscription period has lapsed. Your current version of Xilinx tools will continue
to function, but you no longer qualify for Xilinx software updates or new releases.

----------------------------------------------------------------------

Initializing temperature to 85.000 Celsius. (default - Range: 0.000 to 85.000 Celsius)
Initializing voltage to 0.950 Volts. (default - Range: 0.950 to 1.050 Volts)


Device speed data version:  "PRODUCTION 1.73 2013-06-08".



Device Utilization Summary:

   Number of BSCANs                          1 out of 4      25%
   Number of BUFGs                           5 out of 32     15%
   Number of BUFIOs                          8 out of 56     14%
   Number of DSP48Es                         3 out of 48      6%
   Number of IDELAYCTRLs                     3 out of 16     18%
      Number of LOCed IDELAYCTRLs            3 out of 3     100%

   Number of ILOGICs                        89 out of 560    15%
      Number of LOCed ILOGICs                8 out of 89      8%

   Number of External IOBs                 189 out of 480    39%
      Number of LOCed IOBs                 189 out of 189   100%

   Number of IODELAYs                       80 out of 560    14%
      Number of LOCed IODELAYs               8 out of 80     10%

   Number of OLOGICs                       182 out of 560    32%
   Number of PLL_ADVs                        1 out of 6      16%
   Number of RAMB36_EXPs                    33 out of 60     55%
   Number of Slices                       3224 out of 7200   44%
   Number of Slice Registers              6160 out of 28800  21%
      Number used as Flip Flops           6156
      Number used as Latches                 0
      Number used as LatchThrus              4

   Number of Slice LUTS                   5488 out of 28800  19%
   Number of Slice LUT-Flip Flop pairs    8523 out of 28800  29%


Overall effort level (-ol):   High 
Router effort level (-rl):    High 

INFO:Timing:3386 - Intersecting Constraints found and resolved.  For more information, see the TSI report.  Please
   consult the Xilinx Command Line Tools User Guide for information on generating a TSI report.
Starting initial Timing Analysis.  REAL time: 13 secs 
Finished initial Timing Analysis.  REAL time: 13 secs 

WARNING:Par:288 - The signal dlmb_LMB_ABus<30> has no load.  PAR will not attempt to route this signal.
WARNING:Par:288 - The signal dlmb_LMB_ABus<31> has no load.  PAR will not attempt to route this signal.
Starting Router


Phase  1  : 40809 unrouted;      REAL time: 14 secs 
INFO:Route:538 - One or more MIG cores have been detected in your design and have been successfully
   placed and routed. These MIG core(s) have critical skew and delay requirements 
   that are independent of the user (UCF) timing constraints. These MIG-related timing 
   constraints have been successfully met in this design. However, the user must verify
   separately that all timing constraints specified in the UCF file have been met.


Phase  2  : 33397 unrouted;      REAL time: 17 secs 

Phase  3  : 11726 unrouted;      REAL time: 25 secs 

Phase  4  : 11797 unrouted; (Setup:9785, Hold:0, Component Switching Limit:0)     REAL time: 32 secs 

Updating file: Lab3_new.ncd with current fully routed design.

Phase  5  : 0 unrouted; (Setup:14411, Hold:0, Component Switching Limit:0)     REAL time: 44 secs 

Phase  6  : 0 unrouted; (Setup:14411, Hold:0, Component Switching Limit:0)     REAL time: 46 secs 

Phase  7  : 0 unrouted; (Setup:10924, Hold:0, Component Switching Limit:0)     REAL time: 1 mins 5 secs 

Updating file: Lab3_new.ncd with current fully routed design.

Phase  8  : 0 unrouted; (Setup:10924, Hold:0, Component Switching Limit:0)     REAL time: 1 mins 20 secs 

Phase  9  : 0 unrouted; (Setup:10924, Hold:0, Component Switching Limit:0)     REAL time: 1 mins 20 secs 

Phase 10  : 0 unrouted; (Setup:10163, Hold:0, Component Switching Limit:0)     REAL time: 1 mins 22 secs 
Total REAL time to Router completion: 1 mins 22 secs 
Total CPU time to Router completion: 1 mins 26 secs 

Partition Implementation Status
-------------------------------

  No Partitions were found in this design.

-------------------------------

Generating "PAR" statistics.

**************************
Generating Clock Report
**************************

+---------------------+--------------+------+------+------------+-------------+
|        Clock Net    |   Resource   |Locked|Fanout|Net Skew(ns)|Max Delay(ns)|
+---------------------+--------------+------+------+------------+-------------+
| clk_125_0000MHzPLL0 | BUFGCTRL_X0Y1| No   | 2301 |  0.416     |  1.920      |
+---------------------+--------------+------+------+------------+-------------+
|  clk_62_5000MHzPLL0 | BUFGCTRL_X0Y3| No   |  481 |  0.328     |  1.869      |
+---------------------+--------------+------+------+------------+-------------+
|     mdm_0/Dbg_Clk_1 |BUFGCTRL_X0Y31| No   |   71 |  0.264     |  1.784      |
+---------------------+--------------+------+------+------------+-------------+
|clk_125_0000MHz90PLL |              |      |      |            |             |
|                   0 | BUFGCTRL_X0Y0| No   |  160 |  0.245     |  1.841      |
+---------------------+--------------+------+------+------------+-------------+
|DDR2_SDRAM/DDR2_SDRA |              |      |      |            |             |
|M/mpmc_core_0/gen_v5 |              |      |      |            |             |
|_ddr2_phy.mpmc_phy_i |              |      |      |            |             |
|f_0/u_phy_io_0/delay |              |      |      |            |             |
|           ed_dqs<0> |        IO Clk| No   |   17 |  0.095     |  0.419      |
+---------------------+--------------+------+------+------------+-------------+
|DDR2_SDRAM/DDR2_SDRA |              |      |      |            |             |
|M/mpmc_core_0/gen_v5 |              |      |      |            |             |
|_ddr2_phy.mpmc_phy_i |              |      |      |            |             |
|f_0/u_phy_io_0/delay |              |      |      |            |             |
|           ed_dqs<1> |        IO Clk| No   |   17 |  0.083     |  0.380      |
+---------------------+--------------+------+------+------------+-------------+
|DDR2_SDRAM/DDR2_SDRA |              |      |      |            |             |
|M/mpmc_core_0/gen_v5 |              |      |      |            |             |
|_ddr2_phy.mpmc_phy_i |              |      |      |            |             |
|f_0/u_phy_io_0/delay |              |      |      |            |             |
|           ed_dqs<2> |        IO Clk| No   |   17 |  0.101     |  0.425      |
+---------------------+--------------+------+------+------------+-------------+
|DDR2_SDRAM/DDR2_SDRA |              |      |      |            |             |
|M/mpmc_core_0/gen_v5 |              |      |      |            |             |
|_ddr2_phy.mpmc_phy_i |              |      |      |            |             |
|f_0/u_phy_io_0/delay |              |      |      |            |             |
|           ed_dqs<3> |        IO Clk| No   |   17 |  0.107     |  0.404      |
+---------------------+--------------+------+------+------------+-------------+
|DDR2_SDRAM/DDR2_SDRA |              |      |      |            |             |
|M/mpmc_core_0/gen_v5 |              |      |      |            |             |
|_ddr2_phy.mpmc_phy_i |              |      |      |            |             |
|f_0/u_phy_io_0/delay |              |      |      |            |             |
|           ed_dqs<5> |        IO Clk| No   |   17 |  0.101     |  0.425      |
+---------------------+--------------+------+------+------------+-------------+
|DDR2_SDRAM/DDR2_SDRA |              |      |      |            |             |
|M/mpmc_core_0/gen_v5 |              |      |      |            |             |
|_ddr2_phy.mpmc_phy_i |              |      |      |            |             |
|f_0/u_phy_io_0/delay |              |      |      |            |             |
|           ed_dqs<4> |        IO Clk| No   |   17 |  0.101     |  0.425      |
+---------------------+--------------+------+------+------------+-------------+
|DDR2_SDRAM/DDR2_SDRA |              |      |      |            |             |
|M/mpmc_core_0/gen_v5 |              |      |      |            |             |
|_ddr2_phy.mpmc_phy_i |              |      |      |            |             |
|f_0/u_phy_io_0/delay |              |      |      |            |             |
|           ed_dqs<6> |        IO Clk| No   |   17 |  0.096     |  0.393      |
+---------------------+--------------+------+------+------------+-------------+
|DDR2_SDRAM/DDR2_SDRA |              |      |      |            |             |
|M/mpmc_core_0/gen_v5 |              |      |      |            |             |
|_ddr2_phy.mpmc_phy_i |              |      |      |            |             |
|f_0/u_phy_io_0/delay |              |      |      |            |             |
|           ed_dqs<7> |        IO Clk| No   |   17 |  0.101     |  0.425      |
+---------------------+--------------+------+------+------------+-------------+
|     clk_200_0000MHz | BUFGCTRL_X0Y2| No   |    3 |  0.052     |  1.692      |
+---------------------+--------------+------+------+------------+-------------+
|  mdm_0/Dbg_Update_1 |         Local|      |   21 |  3.104     |  4.385      |
+---------------------+--------------+------+------+------------+-------------+

* Net Skew is the difference between the minimum and maximum routing
only delays for the net. Note this is different from Clock Skew which
is reported in TRCE timing report. Clock Skew is the difference between
the minimum and maximum path delays which includes logic delays.

* The fanout is the number of component pins not the individual BEL loads,
for example SLICE loads not FF loads.

Timing Score: 10163 (Setup: 10163, Hold: 0, Component Switching Limit: 0)

WARNING:Par:468 - Your design did not meet timing.  The following are some suggestions to assist you to meet timing in
   your design.

   Review the timing report using Timing Analyzer (In ISE select "Post-Place &
   Route Static Timing Report"). Go to the failing constraint(s) and evaluate the failing paths for each constraint.

   Try the Design Goal and Strategies for Timing Performance(In ISE select Project -> Design Goals & Strategies) to
   ensure the best options are set in the tools for timing closure.

   Use the Xilinx "SmartXplorer" script to try special combinations of
   options known to produce very good results.

   Visit the Xilinx technical support web at http://support.xilinx.com and go to
   either "Troubleshoot->Tech Tips->Timing & Constraints" or "
   TechXclusives->Timing Closure" for tips and suggestions for meeting timing
   in your design.

Number of Timing Constraints that were not applied: 3

Asterisk (*) preceding a constraint indicates it was not met.
   This may be due to a setup or hold violation.

----------------------------------------------------------------------------------------------------------
  Constraint                                |    Check    | Worst Case |  Best Case | Timing |   Timing   
                                            |             |    Slack   | Achievable | Errors |    Score   
----------------------------------------------------------------------------------------------------------
* TS_clock_generator_0_clock_generator_0_SI | SETUP       |    -0.930ns|     8.930ns|      26|       10163
  G_PLL0_CLKOUT1 = PERIOD TIMEGRP         " | HOLD        |     0.004ns|            |       0|           0
  clock_generator_0_clock_generator_0_SIG_P |             |            |            |        |            
  LL0_CLKOUT1" TS_sys_clk_pin         * 1.2 |             |            |            |        |            
  5 HIGH 50%                                |             |            |            |        |            
----------------------------------------------------------------------------------------------------------
  NET         "DDR2_SDRAM/DDR2_SDRAM/mpmc_c | MAXDELAY    |     0.012ns|     0.838ns|       0|           0
  ore_0/gen_v5_ddr2_phy.mpmc_phy_if_0/u_phy |             |            |            |        |            
  _io_0/gen_dqs[7].u_iob_dqs/en_dqs_sync"   |             |            |            |        |            
         MAXDELAY = 0.85 ns                 |             |            |            |        |            
----------------------------------------------------------------------------------------------------------
  TS_DQ_CE = MAXDELAY FROM TIMEGRP "TNM_DQ_ | SETUP       |     0.037ns|     1.863ns|       0|           0
  CE_IDDR" TO TIMEGRP "TNM_DQS_FLOPS"       | HOLD        |     0.998ns|            |       0|           0
     1.9 ns                                 |             |            |            |        |            
----------------------------------------------------------------------------------------------------------
  NET         "DDR2_SDRAM/DDR2_SDRAM/mpmc_c | MAXDELAY    |     0.045ns|     0.805ns|       0|           0
  ore_0/gen_v5_ddr2_phy.mpmc_phy_if_0/u_phy |             |            |            |        |            
  _io_0/gen_dqs[0].u_iob_dqs/en_dqs_sync"   |             |            |            |        |            
         MAXDELAY = 0.85 ns                 |             |            |            |        |            
----------------------------------------------------------------------------------------------------------
  NET         "DDR2_SDRAM/DDR2_SDRAM/mpmc_c | MAXDELAY    |     0.045ns|     0.805ns|       0|           0
  ore_0/gen_v5_ddr2_phy.mpmc_phy_if_0/u_phy |             |            |            |        |            
  _io_0/gen_dqs[1].u_iob_dqs/en_dqs_sync"   |             |            |            |        |            
         MAXDELAY = 0.85 ns                 |             |            |            |        |            
----------------------------------------------------------------------------------------------------------
  NET         "DDR2_SDRAM/DDR2_SDRAM/mpmc_c | MAXDELAY    |     0.045ns|     0.805ns|       0|           0
  ore_0/gen_v5_ddr2_phy.mpmc_phy_if_0/u_phy |             |            |            |        |            
  _io_0/gen_dqs[5].u_iob_dqs/en_dqs_sync"   |             |            |            |        |            
         MAXDELAY = 0.85 ns                 |             |            |            |        |            
----------------------------------------------------------------------------------------------------------
  NET         "DDR2_SDRAM/DDR2_SDRAM/mpmc_c | MAXDELAY    |     0.047ns|     0.803ns|       0|           0
  ore_0/gen_v5_ddr2_phy.mpmc_phy_if_0/u_phy |             |            |            |        |            
  _io_0/gen_dqs[2].u_iob_dqs/en_dqs_sync"   |             |            |            |        |            
         MAXDELAY = 0.85 ns                 |             |            |            |        |            
----------------------------------------------------------------------------------------------------------
  NET         "DDR2_SDRAM/DDR2_SDRAM/mpmc_c | MAXDELAY    |     0.047ns|     0.803ns|       0|           0
  ore_0/gen_v5_ddr2_phy.mpmc_phy_if_0/u_phy |             |            |            |        |            
  _io_0/gen_dqs[6].u_iob_dqs/en_dqs_sync"   |             |            |            |        |            
         MAXDELAY = 0.85 ns                 |             |            |            |        |            
----------------------------------------------------------------------------------------------------------
  NET         "DDR2_SDRAM/DDR2_SDRAM/mpmc_c | MAXDELAY    |     0.047ns|     0.803ns|       0|           0
  ore_0/gen_v5_ddr2_phy.mpmc_phy_if_0/u_phy |             |            |            |        |            
  _io_0/gen_dqs[4].u_iob_dqs/en_dqs_sync"   |             |            |            |        |            
         MAXDELAY = 0.85 ns                 |             |            |            |        |            
----------------------------------------------------------------------------------------------------------
  NET         "DDR2_SDRAM/DDR2_SDRAM/mpmc_c | MAXDELAY    |     0.047ns|     0.803ns|       0|           0
  ore_0/gen_v5_ddr2_phy.mpmc_phy_if_0/u_phy |             |            |            |        |            
  _io_0/gen_dqs[3].u_iob_dqs/en_dqs_sync"   |             |            |            |        |            
         MAXDELAY = 0.85 ns                 |             |            |            |        |            
----------------------------------------------------------------------------------------------------------
  NET         "DDR2_SDRAM/DDR2_SDRAM/mpmc_c | MAXDELAY    |     0.069ns|     0.531ns|       0|           0
  ore_0/gen_v5_ddr2_phy.mpmc_phy_if_0/u_phy |             |            |            |        |            
  _io_0/en_dqs<6>"         MAXDELAY = 0.6 n |             |            |            |        |            
  s                                         |             |            |            |        |            
----------------------------------------------------------------------------------------------------------
  NET         "DDR2_SDRAM/DDR2_SDRAM/mpmc_c | MAXDELAY    |     0.072ns|     0.528ns|       0|           0
  ore_0/gen_v5_ddr2_phy.mpmc_phy_if_0/u_phy |             |            |            |        |            
  _io_0/en_dqs<1>"         MAXDELAY = 0.6 n |             |            |            |        |            
  s                                         |             |            |            |        |            
----------------------------------------------------------------------------------------------------------
  NET         "DDR2_SDRAM/DDR2_SDRAM/mpmc_c | MAXDELAY    |     0.073ns|     0.527ns|       0|           0
  ore_0/gen_v5_ddr2_phy.mpmc_phy_if_0/u_phy |             |            |            |        |            
  _io_0/en_dqs<3>"         MAXDELAY = 0.6 n |             |            |            |        |            
  s                                         |             |            |            |        |            
----------------------------------------------------------------------------------------------------------
  NET         "DDR2_SDRAM/DDR2_SDRAM/mpmc_c | MAXDELAY    |     0.078ns|     0.522ns|       0|           0
  ore_0/gen_v5_ddr2_phy.mpmc_phy_if_0/u_phy |             |            |            |        |            
  _io_0/en_dqs<0>"         MAXDELAY = 0.6 n |             |            |            |        |            
  s                                         |             |            |            |        |            
----------------------------------------------------------------------------------------------------------
  NET         "DDR2_SDRAM/DDR2_SDRAM/mpmc_c | MAXDELAY    |     0.078ns|     0.522ns|       0|           0
  ore_0/gen_v5_ddr2_phy.mpmc_phy_if_0/u_phy |             |            |            |        |            
  _io_0/en_dqs<2>"         MAXDELAY = 0.6 n |             |            |            |        |            
  s                                         |             |            |            |        |            
----------------------------------------------------------------------------------------------------------
  NET         "DDR2_SDRAM/DDR2_SDRAM/mpmc_c | MAXDELAY    |     0.078ns|     0.522ns|       0|           0
  ore_0/gen_v5_ddr2_phy.mpmc_phy_if_0/u_phy |             |            |            |        |            
  _io_0/en_dqs<4>"         MAXDELAY = 0.6 n |             |            |            |        |            
  s                                         |             |            |            |        |            
----------------------------------------------------------------------------------------------------------
  NET         "DDR2_SDRAM/DDR2_SDRAM/mpmc_c | MAXDELAY    |     0.078ns|     0.522ns|       0|           0
  ore_0/gen_v5_ddr2_phy.mpmc_phy_if_0/u_phy |             |            |            |        |            
  _io_0/en_dqs<5>"         MAXDELAY = 0.6 n |             |            |            |        |            
  s                                         |             |            |            |        |            
----------------------------------------------------------------------------------------------------------
  NET         "DDR2_SDRAM/DDR2_SDRAM/mpmc_c | MAXDELAY    |     0.078ns|     0.522ns|       0|           0
  ore_0/gen_v5_ddr2_phy.mpmc_phy_if_0/u_phy |             |            |            |        |            
  _io_0/en_dqs<7>"         MAXDELAY = 0.6 n |             |            |            |        |            
  s                                         |             |            |            |        |            
----------------------------------------------------------------------------------------------------------
  TS_MC_PHY_INIT_DATA_SEL_90 = MAXDELAY FRO | SETUP       |     0.813ns|     4.187ns|       0|           0
  M TIMEGRP "TNM_PHY_INIT_DATA_SEL" TO      | HOLD        |     0.257ns|            |       0|           0
      TIMEGRP "FFS" TS_sys_clk_pin * 2      |             |            |            |        |            
----------------------------------------------------------------------------------------------------------
  TS_MC_RD_DATA_SEL = MAXDELAY FROM TIMEGRP | SETUP       |     0.950ns|     4.050ns|       0|           0
   "TNM_RD_DATA_SEL" TO TIMEGRP "FFS"       | HOLD        |     0.111ns|            |       0|           0
     TS_sys_clk_pin * 2                     |             |            |            |        |            
----------------------------------------------------------------------------------------------------------
  TS_MC_GATE_DLY = MAXDELAY FROM TIMEGRP "T | SETUP       |     1.780ns|     3.220ns|       0|           0
  NM_GATE_DLY" TO TIMEGRP "FFS"         TS_ | HOLD        |     0.208ns|            |       0|           0
  sys_clk_pin * 2                           |             |            |            |        |            
----------------------------------------------------------------------------------------------------------
  TS_clock_generator_0_clock_generator_0_SI | SETUP       |     2.010ns|     5.288ns|       0|           0
  G_PLL0_CLKOUT0 = PERIOD TIMEGRP         " | HOLD        |     0.383ns|            |       0|           0
  clock_generator_0_clock_generator_0_SIG_P |             |            |            |        |            
  LL0_CLKOUT0" TS_sys_clk_pin         * 1.2 |             |            |            |        |            
  5 PHASE 2 ns HIGH 50%                     |             |            |            |        |            
----------------------------------------------------------------------------------------------------------
  TS_clock_generator_0_clock_generator_0_SI | SETUP       |     2.591ns|    10.818ns|       0|           0
  G_PLL0_CLKOUT3 = PERIOD TIMEGRP         " | HOLD        |     0.007ns|            |       0|           0
  clock_generator_0_clock_generator_0_SIG_P |             |            |            |        |            
  LL0_CLKOUT3" TS_sys_clk_pin         * 0.6 |             |            |            |        |            
  25 HIGH 50%                               |             |            |            |        |            
----------------------------------------------------------------------------------------------------------
  TS_MC_CAL_RDEN_DLY = MAXDELAY FROM TIMEGR | SETUP       |     3.091ns|     1.909ns|       0|           0
  P "TNM_CAL_RDEN_DLY" TO TIMEGRP "FFS"     | HOLD        |     0.137ns|            |       0|           0
       TS_sys_clk_pin * 2                   |             |            |            |        |            
----------------------------------------------------------------------------------------------------------
  TS_MC_RDEN_DLY = MAXDELAY FROM TIMEGRP "T | SETUP       |     3.128ns|     1.872ns|       0|           0
  NM_RDEN_DLY" TO TIMEGRP "FFS"         TS_ | HOLD        |     0.155ns|            |       0|           0
  sys_clk_pin * 2                           |             |            |            |        |            
----------------------------------------------------------------------------------------------------------
  TS_sys_clk_pin = PERIOD TIMEGRP "sys_clk_ | MINLOWPULSE |     6.000ns|     4.000ns|       0|           0
  pin" 100 MHz HIGH 50%                     |             |            |            |        |            
----------------------------------------------------------------------------------------------------------
  TS_clock_generator_0_clock_generator_0_SI | MINPERIOD   |     3.334ns|     1.666ns|       0|           0
  G_PLL0_CLKOUT2 = PERIOD TIMEGRP         " |             |            |            |        |            
  clock_generator_0_clock_generator_0_SIG_P |             |            |            |        |            
  LL0_CLKOUT2" TS_sys_clk_pin         * 2 H |             |            |            |        |            
  IGH 50%                                   |             |            |            |        |            
----------------------------------------------------------------------------------------------------------
  TS_MC_PHY_INIT_DATA_SEL_0 = MAXDELAY FROM | N/A         |         N/A|         N/A|     N/A|         N/A
   TIMEGRP "TNM_PHY_INIT_DATA_SEL" TO       |             |            |            |        |            
     TIMEGRP "FFS" TS_sys_clk_pin * 2       |             |            |            |        |            
----------------------------------------------------------------------------------------------------------


Derived Constraint Report
Review Timing Report for more details on the following derived constraints.
To create a Timing Report, run "trce -v 12 -fastpaths -o design_timing_report design.ncd design.pcf"
or "Run Timing Analysis" from Timing Analyzer (timingan).
Derived Constraints for TS_sys_clk_pin
+-------------------------------+-------------+-------------+-------------+-------------+-------------+-------------+-------------+
|                               |   Period    |       Actual Period       |      Timing Errors        |      Paths Analyzed       |
|           Constraint          | Requirement |-------------+-------------|-------------+-------------|-------------+-------------|
|                               |             |   Direct    | Derivative  |   Direct    | Derivative  |   Direct    | Derivative  |
+-------------------------------+-------------+-------------+-------------+-------------+-------------+-------------+-------------+
|TS_sys_clk_pin                 |     10.000ns|      4.000ns|     11.163ns|            0|           26|            0|       596723|
| TS_MC_RD_DATA_SEL             |      5.000ns|      4.050ns|          N/A|            0|            0|          384|            0|
| TS_MC_PHY_INIT_DATA_SEL_0     |      5.000ns|          N/A|          N/A|            0|            0|            0|            0|
| TS_MC_PHY_INIT_DATA_SEL_90    |      5.000ns|      4.187ns|          N/A|            0|            0|           36|            0|
| TS_MC_GATE_DLY                |      5.000ns|      3.220ns|          N/A|            0|            0|           40|            0|
| TS_MC_RDEN_DLY                |      5.000ns|      1.872ns|          N/A|            0|            0|            5|            0|
| TS_MC_CAL_RDEN_DLY            |      5.000ns|      1.909ns|          N/A|            0|            0|            5|            0|
| TS_clock_generator_0_clock_gen|      8.000ns|      5.288ns|          N/A|            0|            0|          898|            0|
| erator_0_SIG_PLL0_CLKOUT0     |             |             |             |             |             |             |             |
| TS_clock_generator_0_clock_gen|      8.000ns|      8.930ns|          N/A|           26|            0|       584060|            0|
| erator_0_SIG_PLL0_CLKOUT1     |             |             |             |             |             |             |             |
| TS_clock_generator_0_clock_gen|      5.000ns|      1.666ns|          N/A|            0|            0|            0|            0|
| erator_0_SIG_PLL0_CLKOUT2     |             |             |             |             |             |             |             |
| TS_clock_generator_0_clock_gen|     16.000ns|     10.818ns|          N/A|            0|            0|        11295|            0|
| erator_0_SIG_PLL0_CLKOUT3     |             |             |             |             |             |             |             |
+-------------------------------+-------------+-------------+-------------+-------------+-------------+-------------+-------------+

1 constraint not met.
INFO:Timing:2761 - N/A entries in the Constraints List may indicate that the 
   constraint is not analyzed due to the following: No paths covered by this 
   constraint; Other constraints intersect with this constraint; or This 
   constraint was disabled by a Path Tracing Control. Please run the Timespec 
   Interaction Report (TSI) via command line (trce tsi) or Timing Analyzer GUI.


Generating Pad Report.

All signals are completely routed.

WARNING:Par:283 - There are 2 loadless signals in this design. This design will cause Bitgen to issue DRC warnings.

Total REAL time to PAR completion: 1 mins 38 secs 
Total CPU time to PAR completion: 1 mins 32 secs 

Peak Memory Usage:  667 MB

Placer: Placement generated during map.
Routing: Completed - No errors found.
Timing: Completed - 26 errors found.

Number of error messages: 0
Number of warning messages: 5
Number of info messages: 2

Writing design to file Lab3_new.ncd



PAR done!



#----------------------------------------------#
# Starting program post_par_trce
# trce -e 3 -xml Lab3_new.twx Lab3_new.ncd Lab3_new.pcf 
#----------------------------------------------#
Release 14.6 - Trace  (nt64)
Copyright (c) 1995-2013 Xilinx, Inc.  All rights reserved.


PMSPEC -- Overriding Xilinx file
<C:/Xilinx/14.6/ISE_DS/EDK/virtex5/data/virtex5.acd> with local file
<C:/Xilinx/14.6/ISE_DS/ISE/virtex5/data/virtex5.acd>
Loading device for application Rf_Device from file '5vlx50t.nph' in environment
C:\Xilinx\14.6\ISE_DS\ISE\;C:\Xilinx\14.6\ISE_DS\EDK.
   "Lab3_new" is an NCD, version 3.2, device xc5vlx50t, package ff1136, speed -1
INFO:Timing:3386 - Intersecting Constraints found and resolved.  For more
   information, see the TSI report.  Please consult the Xilinx Command Line
   Tools User Guide for information on generating a TSI report.
--------------------------------------------------------------------------------
Release 14.6 Trace  (nt64)
Copyright (c) 1995-2013 Xilinx, Inc.  All rights reserved.

C:\Xilinx\14.6\ISE_DS\ISE\bin\nt64\unwrapped\trce.exe -e 3 -xml Lab3_new.twx
Lab3_new.ncd Lab3_new.pcf


Design file:              Lab3_new.ncd
Physical constraint file: Lab3_new.pcf
Device,speed:             xc5vlx50t,-1 (PRODUCTION 1.73 2013-06-08, STEPPING
level 0)
Report level:             error report
--------------------------------------------------------------------------------

INFO:Timing:3412 - To improve timing, see the Timing Closure User Guide (UG612).
INFO:Timing:2752 - To get complete path coverage, use the unconstrained paths
   option. All paths that are not constrained will be reported in the
   unconstrained paths section(s) of the report.
INFO:Timing:3339 - The clock-to-out numbers in this timing report are based on a
   50 Ohm transmission line loading model.  For the details of this model, and
   for more information on accounting for different loading conditions, please
   see the device datasheet.


Timing summary:
---------------

Timing errors: 26  Score: 10163 (Setup/Max: 10163, Hold: 0)

Constraints cover 596851 paths, 16 nets, and 35075 connections

Design statistics:
   Minimum period:  10.818ns (Maximum frequency:  92.439MHz)
   Maximum path delay from/to any node:   4.187ns
   Maximum net delay:   0.838ns


Analysis completed Fri Oct 19 13:53:28 2018
--------------------------------------------------------------------------------

Generating Report ...

Number of warnings: 0
Number of info messages: 4
Total time: 17 secs 


