13:26:21 **** Build of project mariokart_bsp ****
make -k all 
libgen -hw ../Lab4_hw_platform/system.xml\
	       \
	       -pe microblaze_0 \
	       -log libgen.log \
	       system.mss
libgen
Xilinx EDK 14.6 Build EDK_P.68d
Copyright (c) 1995-2012 Xilinx, Inc.  All rights reserved.

Command Line: libgen -hw ../Lab4_hw_platform/system.xml -pe microblaze_0 -log
libgen.log system.mss 


Staging source files.
Running DRCs.
Running generate.
Running post_generate.
Running include - 'make -s include "COMPILER=mb-gcc" "ARCHIVER=mb-ar"
"COMPILER_FLAGS=-mno-xl-soft-mul -mxl-barrel-shift -mxl-pattern-compare
-mcpu=v8.50.b  -O2 -c" "EXTRA_COMPILER_FLAGS=-g -ffunction-sections
-fdata-sections"'.

Running libs - 'make -s libs "COMPILER=mb-gcc" "ARCHIVER=mb-ar"
"COMPILER_FLAGS=-mno-xl-soft-mul -mxl-barrel-shift -mxl-pattern-compare
-mcpu=v8.50.b  -O2 -c" "EXTRA_COMPILER_FLAGS=-g -ffunction-sections
-fdata-sections"'.
Compiling common
Compiling lldma
Compiling standalone
Compiling mpmc
Compiling gpio
Compiling bram
Compiling uartlite
Compiling uartns550
Compiling cpu
Running execs_generate.
Finished building libraries
13:26:42 **** Build of configuration Debug for project mariokart ****
make all 
Building file: ../src/helloworld.c
Invoking: MicroBlaze gcc compiler
mb-gcc -Wall -O0 -g3 -c -fmessage-length=0 -I../../mariokart_bsp/microblaze_0/include -mxl-barrel-shift -mxl-pattern-compare -mcpu=v8.50.b -mno-xl-soft-mul -Wl,--no-relax -ffunction-sections -fdata-sections -MMD -MP -MF"src/helloworld.d" -MT"src/helloworld.d" -o "src/helloworld.o" "../src/helloworld.c"
Finished building: ../src/helloworld.c
 
Building file: ../src/platform.c
Invoking: MicroBlaze gcc compiler
mb-gcc -Wall -O0 -g3 -c -fmessage-length=0 -I../../mariokart_bsp/microblaze_0/include -mxl-barrel-shift -mxl-pattern-compare -mcpu=v8.50.b -mno-xl-soft-mul -Wl,--no-relax -ffunction-sections -fdata-sections -MMD -MP -MF"src/platform.d" -MT"src/platform.d" -o "src/platform.o" "../src/platform.c"
Finished building: ../src/platform.c
 
Building target: mariokart.elf
Invoking: MicroBlaze gcc linker
mb-gcc -Wl,-T -Wl,../src/lscript.ld -L../../mariokart_bsp/microblaze_0/lib -mxl-barrel-shift -mxl-pattern-compare -mcpu=v8.50.b -mno-xl-soft-mul -Wl,--no-relax -Wl,--gc-sections -o "mariokart.elf"  ./src/helloworld.o ./src/platform.o   -Wl,--start-group,-lxil,-lgcc,-lc,--end-group
Finished building target: mariokart.elf
 
Invoking: MicroBlaze Print Size
mb-size mariokart.elf  |tee "mariokart.elf.size"
   text	   data	    bss	    dec	    hex	filename
   2490	    268	   2090	   4848	   12f0	mariokart.elf
Finished building: mariokart.elf.size
 
Invoking: Xilinx ELF Check
elfcheck mariokart.elf -hw ../../Lab4_hw_platform/system.xml -pe microblaze_0  |tee "mariokart.elf.elfcheck"
elfcheck
Xilinx EDK 14.6 Build EDK_P.68d
Copyright (c) 1995-2012 Xilinx, Inc.  All rights reserved.

Command Line: elfcheck -hw ../../Lab4_hw_platform/system.xml -pe microblaze_0
mariokart.elf 

ELF file	: mariokart.elf
elfcheck passed.
Finished building: mariokart.elf.elfcheck
 
