11:09:32.978 INFO  - Processing command line option -hwspec C:\Users\CS152B\Documents\m152b_fall2018\Lab4_New\proj\SDK\SDK_Export\hw\system.xml. 
11:23:01.770 ERROR - FPGA Configuration failed.Connection to Board Failed


    Failed to Open JTAG Cable
    Cable target is not connected to the host
 
11:23:17.825 INFO  - FPGA configured successfully with bitstream "C:/Users/CS152B/Documents/m152b_fall2018/Lab4_New/proj/proj_hw_platform/download.bit" 
11:27:10.470 ERROR - Unexpected error while launching program. java.lang.RuntimeException: The program file specified in the launch configuration does not exist
	at com.xilinx.sdk.debug.core.XilinxAppLaunchConfigurationDelegate.runApplication(Unknown Source)
	at com.xilinx.sdk.debug.core.XilinxAppLaunchConfigurationDelegate.launch(Unknown Source)

11:28:03.095 INFO  - FPGA configured successfully with bitstream "C:/Users/CS152B/Documents/m152b_fall2018/Lab4_New/proj/proj_hw_platform/download.bit" 
11:28:09.570 ERROR - Unexpected error while launching program. java.lang.RuntimeException: The program file specified in the launch configuration does not exist
	at com.xilinx.sdk.debug.core.XilinxAppLaunchConfigurationDelegate.runApplication(Unknown Source)
	at com.xilinx.sdk.debug.core.XilinxAppLaunchConfigurationDelegate.launch(Unknown Source)

11:28:15.141 ERROR - Unexpected error while launching program. java.lang.RuntimeException: The program file specified in the launch configuration does not exist
	at com.xilinx.sdk.debug.core.XilinxAppLaunchConfigurationDelegate.runApplication(Unknown Source)
	at com.xilinx.sdk.debug.core.XilinxAppLaunchConfigurationDelegate.launch(Unknown Source)

11:31:21.810 INFO  - microblaze_0 Processor is in use. Please stop existing Run or Debug sessions before launching. 
11:31:44.887 INFO  - microblaze_0 Processor is in use. Please stop existing Run or Debug sessions before launching. 
11:33:21.108 WARN  - Terminating existing sessions on processor microblaze_0 
11:33:26.038 INFO  - FPGA configured successfully with bitstream "C:/Users/CS152B/Documents/m152b_fall2018/Lab4_New/proj/proj_hw_platform/download.bit" 
11:36:05.785 INFO  - microblaze_0 Processor is in use. Please stop existing Run or Debug sessions before launching. 
11:36:34.322 WARN  - Terminating existing sessions on processor microblaze_0 
11:36:39.253 INFO  - FPGA configured successfully with bitstream "C:/Users/CS152B/Documents/m152b_fall2018/Lab4_New/proj/proj_hw_platform/download.bit" 
11:37:21.286 INFO  - microblaze_0 Processor is in use. Please stop existing Run or Debug sessions before launching. 
11:37:58.512 INFO  - microblaze_0 Processor is in use. Please stop existing Run or Debug sessions before launching. 
11:38:35.365 WARN  - Terminating existing sessions on processor microblaze_0 
11:38:40.172 INFO  - FPGA configured successfully with bitstream "C:/Users/CS152B/Documents/m152b_fall2018/Lab4_New/proj/proj_hw_platform/download.bit" 
11:40:05.392 INFO  - microblaze_0 Processor is in use. Please stop existing Run or Debug sessions before launching. 
11:41:51.093 INFO  - microblaze_0 Processor is in use. Please stop existing Run or Debug sessions before launching. 
11:49:23.516 ERROR - Unexpected error while parsing XMD response ?: com.google.gson.JsonSyntaxException: com.google.gson.stream.MalformedJsonException: invalid number or unquoted string near  
14:51:33.961 ERROR - Checking FPGA configuration failed..Connection to Board Failed


    Failed to Open JTAG Cable
    Cable target is not connected to the host
 
15:22:42.895 ERROR - Unexpected error while parsing XMD response ?: com.google.gson.JsonSyntaxException: com.google.gson.stream.MalformedJsonException: invalid number or unquoted string near  
13:58:23.875 INFO  - FPGA configured successfully with bitstream "C:/Users/CS152B/Documents/m152b_fall2018/Lab4/proj/proj_hw_platform/download.bit" 
14:00:14.450 INFO  - microblaze_0 Processor is in use. Please stop existing Run or Debug sessions before launching. 
14:02:15.960 INFO  - microblaze_0 Processor is in use. Please stop existing Run or Debug sessions before launching. 
14:03:08.236 INFO  - microblaze_0 Processor is in use. Please stop existing Run or Debug sessions before launching. 
14:03:32.808 INFO  - microblaze_0 Processor is in use. Please stop existing Run or Debug sessions before launching. 
14:04:35.240 INFO  - microblaze_0 Processor is in use. Please stop existing Run or Debug sessions before launching. 
14:05:10.154 INFO  - microblaze_0 Processor is in use. Please stop existing Run or Debug sessions before launching. 
14:06:11.666 INFO  - microblaze_0 Processor is in use. Please stop existing Run or Debug sessions before launching. 
14:07:04.863 INFO  - microblaze_0 Processor is in use. Please stop existing Run or Debug sessions before launching. 
14:07:52.085 INFO  - microblaze_0 Processor is in use. Please stop existing Run or Debug sessions before launching. 
14:08:12.912 INFO  - microblaze_0 Processor is in use. Please stop existing Run or Debug sessions before launching. 
14:12:10.721 INFO  - microblaze_0 Processor is in use. Please stop existing Run or Debug sessions before launching. 
14:13:27.822 ERROR - Unexpected error while launching program. java.lang.RuntimeException: Debug Operation Not Supported on the Target

	at com.xilinx.sdk.targetmanager.internal.TM.setBreakPoint(Unknown Source)
	at com.xilinx.sdk.debug.core.internal.AppRunner.run(Unknown Source)

14:13:42.611 INFO  - microblaze_0 Processor is in use. Please stop existing Run or Debug sessions before launching. 
14:13:44.795 ERROR - Unexpected error while launching program. java.lang.RuntimeException: No Active System

	at com.xilinx.sdk.targetmanager.internal.TM.stop(Unknown Source)
	at com.xilinx.sdk.targetmanager.internal.CPURunSession.terminate(Unknown Source)

14:14:09.226 WARN  - Terminating existing sessions on processor microblaze_0 
14:14:21.175 ERROR - Unexpected error while parsing XMD response ?: com.google.gson.JsonSyntaxException: com.google.gson.stream.MalformedJsonException: invalid number or unquoted string near  
