10:51:29 **** Build of project HelloCamera_bsp ****
make -k all 
libgen -hw ../camera_hw_platform/system.xml\
	       -lp C:/sw_repository/drivers -lp C:/sw_repository\
	       -pe microblaze_0 \
	       -log libgen.log \
	       system.mss
libgen
Xilinx EDK 14.6 Build EDK_P.68d
Copyright (c) 1995-2012 Xilinx, Inc.  All rights reserved.

Command Line: libgen -hw ../camera_hw_platform/system.xml -lp
C:/sw_repository/drivers -lp C:/sw_repository -pe microblaze_0 -log libgen.log
system.mss 


Staging source files.
Running DRCs.
Running generate.
Running post_generate.
Running include - 'make -s include "COMPILER=mb-gcc" "ARCHIVER=mb-ar"
"COMPILER_FLAGS=-mno-xl-soft-mul -mxl-barrel-shift -mxl-pattern-compare
-mcpu=v8.50.b  -O2 -c" "EXTRA_COMPILER_FLAGS=-g -ffunction-sections
-fdata-sections"'.

Running libs - 'make -s libs "COMPILER=mb-gcc" "ARCHIVER=mb-ar"
"COMPILER_FLAGS=-mno-xl-soft-mul -mxl-barrel-shift -mxl-pattern-compare
-mcpu=v8.50.b  -O2 -c" "EXTRA_COMPILER_FLAGS=-g -ffunction-sections
-fdata-sections"'.
Compiling common
Compiling lldma
Compiling standalone
Compiling iic
Compiling mpmc
Compiling bram
Compiling uartlite
Compiling gpio
Compiling spi
Compiling tmrctr
Compiling cpu
Running execs_generate.
Finished building libraries

10:51:41 Build Finished (took 12s.87ms)

