10:53:28 **** Auto Build of configuration Debug for project HelloCamera ****
make all 
Building file: ../src/main.c
Invoking: MicroBlaze gcc compiler
mb-gcc -Wall -O0 -g3 -c -fmessage-length=0 -I../../HelloCamera_bsp/microblaze_0/include -mxl-barrel-shift -mxl-pattern-compare -mcpu=v8.50.b -mno-xl-soft-mul -Wl,--no-relax -ffunction-sections -fdata-sections -MMD -MP -MF"src/main.d" -MT"src/main.d" -o "src/main.o" "../src/main.c"
../src/main.c:23:6: warning: return type of 'main' is not 'int' [-Wmain]
../src/main.c: In function 'main':
../src/main.c:27:6: warning: unused variable 'color' [-Wunused-variable]
Finished building: ../src/main.c
 
Building target: HelloCamera.elf
Invoking: MicroBlaze gcc linker
mb-gcc -Wl,-T -Wl,../src/lscript.ld -L../../HelloCamera_bsp/microblaze_0/lib -mxl-barrel-shift -mxl-pattern-compare -mcpu=v8.50.b -mno-xl-soft-mul -Wl,--no-relax -Wl,--gc-sections -o "HelloCamera.elf"  ./src/cam_ctrl.o ./src/main.o ./src/vmodcam_cfg.o   -Wl,--start-group,-lxil,-lgcc,-lc,--end-group
Finished building target: HelloCamera.elf
 
Invoking: MicroBlaze Print Size
mb-size HelloCamera.elf  |tee "HelloCamera.elf.size"
   text	   data	    bss	    dec	    hex	filename
   2398	    268	   2080	   4746	   128a	HelloCamera.elf
Finished building: HelloCamera.elf.size
 
Invoking: Xilinx ELF Check
elfcheck HelloCamera.elf -hw ../../camera_hw_platform/system.xml -pe microblaze_0  |tee "HelloCamera.elf.elfcheck"
elfcheck
Xilinx EDK 14.6 Build EDK_P.68d
Copyright (c) 1995-2012 Xilinx, Inc.  All rights reserved.

Command Line: elfcheck -hw ../../camera_hw_platform/system.xml -pe microblaze_0
HelloCamera.elf 

ELF file	: HelloCamera.elf
elfcheck passed.
Finished building: HelloCamera.elf.elfcheck
 

10:53:29 Build Finished (took 1s.688ms)

