C:\Users\CS152B\Documents\m152b_fall2018\implementation\Lab3_new.ngc 1540583219
C:/Users/CS152B/Documents/m152b_fall2018/implementation/Lab3_new_microblaze_0_wrapper.ngc 1540582936
C:/Users/CS152B/Documents/m152b_fall2018/implementation/Lab3_new_mb_plb_wrapper.ngc 1540582967
C:/Users/CS152B/Documents/m152b_fall2018/implementation/Lab3_new_ilmb_wrapper.ngc 1540582936
C:/Users/CS152B/Documents/m152b_fall2018/implementation/Lab3_new_dlmb_wrapper.ngc 1540582936
C:/Users/CS152B/Documents/m152b_fall2018/implementation/Lab3_new_dlmb_cntlr_wrapper.ngc 1540582936
C:/Users/CS152B/Documents/m152b_fall2018/implementation/Lab3_new_ilmb_cntlr_wrapper.ngc 1540582936
C:/Users/CS152B/Documents/m152b_fall2018/implementation/Lab3_new_lmb_bram_wrapper.ngc 1540582936
C:/Users/CS152B/Documents/m152b_fall2018/implementation/Lab3_new_leds_8bit_wrapper.ngc 1540582982
C:/Users/CS152B/Documents/m152b_fall2018/implementation/Lab3_new_push_buttons_7bit_wrapper.ngc 1540582997
C:/Users/CS152B/Documents/m152b_fall2018/implementation/Lab3_new_dip_switches_8bit_wrapper.ngc 1540583011
C:/Users/CS152B/Documents/m152b_fall2018/implementation/Lab3_new_flash_wrapper.ngc 1540582936
C:/Users/CS152B/Documents/m152b_fall2018/implementation/Lab3_new_ddr2_sdram_wrapper.ngc 1540582938
C:/Users/CS152B/Documents/m152b_fall2018/implementation/Lab3_new_rs232_uart_0_wrapper.ngc 1540582938
C:/Users/CS152B/Documents/m152b_fall2018/implementation/Lab3_new_rs232_uart_1_wrapper.ngc 1540582938
C:/Users/CS152B/Documents/m152b_fall2018/implementation/Lab3_new_clock_generator_0_wrapper.ngc 1540583038
C:/Users/CS152B/Documents/m152b_fall2018/implementation/Lab3_new_mdm_0_wrapper.ngc 1540582938
C:/Users/CS152B/Documents/m152b_fall2018/implementation/Lab3_new_proc_sys_reset_0_wrapper.ngc 1540582938
C:/Users/CS152B/Documents/m152b_fall2018/implementation/Lab3_new_keypad_gpio_wrapper.ngc 1540583032
OK
