16:50:01 **** Build of project mario_bsp ****
make -k all 
libgen -hw ../proj_hw_platform/system.xml\
	       \
	       -pe microblaze_0 \
	       -log libgen.log \
	       system.mss
libgen
Xilinx EDK 14.6 Build EDK_P.68d
Copyright (c) 1995-2012 Xilinx, Inc.  All rights reserved.

Command Line: libgen -hw ../proj_hw_platform/system.xml -pe microblaze_0 -log
libgen.log system.mss 


Staging source files.
Running DRCs.
Running generate.
Running post_generate.
Running include - 'make -s include "COMPILER=mb-gcc" "ARCHIVER=mb-ar"
"COMPILER_FLAGS=-mno-xl-soft-mul -mxl-barrel-shift -mxl-pattern-compare
-mcpu=v8.50.b  -O2 -c" "EXTRA_COMPILER_FLAGS=-g -ffunction-sections
-fdata-sections"'.

Running libs - 'make -s libs "COMPILER=mb-gcc" "ARCHIVER=mb-ar"
"COMPILER_FLAGS=-mno-xl-soft-mul -mxl-barrel-shift -mxl-pattern-compare
-mcpu=v8.50.b  -O2 -c" "EXTRA_COMPILER_FLAGS=-g -ffunction-sections
-fdata-sections"'.
Compiling common
Compiling lldma
Compiling standalone
Compiling gpio
Compiling iic
Compiling mpmc
Compiling bram
Compiling uartlite
Compiling intc
Compiling spi
Compiling tmrctr
Compiling cpu
Running execs_generate.
Finished building libraries
16:50:22 **** Build of configuration Debug for project mario ****
make all 
Building file: ../src/helloworld.c
Invoking: MicroBlaze gcc compiler
mb-gcc -Wall -O0 -g3 -c -fmessage-length=0 -I../../mario_bsp/microblaze_0/include -mxl-barrel-shift -mxl-pattern-compare -mcpu=v8.50.b -mno-xl-soft-mul -Wl,--no-relax -ffunction-sections -fdata-sections -MMD -MP -MF"src/helloworld.d" -MT"src/helloworld.d" -o "src/helloworld.o" "../src/helloworld.c"
Finished building: ../src/helloworld.c
 
Building file: ../src/platform.c
Invoking: MicroBlaze gcc compiler
mb-gcc -Wall -O0 -g3 -c -fmessage-length=0 -I../../mario_bsp/microblaze_0/include -mxl-barrel-shift -mxl-pattern-compare -mcpu=v8.50.b -mno-xl-soft-mul -Wl,--no-relax -ffunction-sections -fdata-sections -MMD -MP -MF"src/platform.d" -MT"src/platform.d" -o "src/platform.o" "../src/platform.c"
Finished building: ../src/platform.c
 
Building target: mario.elf
Invoking: MicroBlaze gcc linker
mb-gcc -Wl,-T -Wl,../src/lscript.ld -L../../mario_bsp/microblaze_0/lib -mxl-barrel-shift -mxl-pattern-compare -mcpu=v8.50.b -mno-xl-soft-mul -Wl,--no-relax -Wl,--gc-sections -o "mario.elf"  ./src/helloworld.o ./src/platform.o   -Wl,--start-group,-lxil,-lgcc,-lc,--end-group
Finished building target: mario.elf
 
Invoking: MicroBlaze Print Size
mb-size mario.elf  |tee "mario.elf.size"
   text	   data	    bss	    dec	    hex	filename
   2430	    308	   2080	   4818	   12d2	mario.elf
Finished building: mario.elf.size
 
Invoking: Xilinx ELF Check
elfcheck mario.elf -hw ../../proj_hw_platform/system.xml -pe microblaze_0  |tee "mario.elf.elfcheck"
elfcheck
Xilinx EDK 14.6 Build EDK_P.68d
Copyright (c) 1995-2012 Xilinx, Inc.  All rights reserved.

Command Line: elfcheck -hw ../../proj_hw_platform/system.xml -pe microblaze_0
mario.elf 

ELF file	: mario.elf
elfcheck passed.
Finished building: mario.elf.elfcheck
 
16:52:12 **** Auto Build of configuration Debug for project mario ****
make all 
make: Nothing to be done for `all'.
16:52:21 **** Incremental Build of configuration Debug for project mario ****
make all 
make: Nothing to be done for `all'.
16:53:19 **** Auto Build of configuration Debug for project mario ****
make all 
Building file: ../src/cam_ctrl.c
Invoking: MicroBlaze gcc compiler
mb-gcc -Wall -O0 -g3 -c -fmessage-length=0 -I../../mario_bsp/microblaze_0/include -mxl-barrel-shift -mxl-pattern-compare -mcpu=v8.50.b -mno-xl-soft-mul -Wl,--no-relax -ffunction-sections -fdata-sections -MMD -MP -MF"src/cam_ctrl.d" -MT"src/cam_ctrl.d" -o "src/cam_ctrl.o" "../src/cam_ctrl.c"
../src/cam_ctrl.c: In function 'CamStatus':
../src/cam_ctrl.c:124:1: warning: control reaches end of non-void function [-Wreturn-type]
Finished building: ../src/cam_ctrl.c
 
Building file: ../src/main.c
Invoking: MicroBlaze gcc compiler
mb-gcc -Wall -O0 -g3 -c -fmessage-length=0 -I../../mario_bsp/microblaze_0/include -mxl-barrel-shift -mxl-pattern-compare -mcpu=v8.50.b -mno-xl-soft-mul -Wl,--no-relax -ffunction-sections -fdata-sections -MMD -MP -MF"src/main.d" -MT"src/main.d" -o "src/main.o" "../src/main.c"
../src/main.c:23:6: warning: return type of 'main' is not 'int' [-Wmain]
../src/main.c: In function 'main':
../src/main.c:26:6: warning: unused variable 'color' [-Wunused-variable]
Finished building: ../src/main.c
 
Building file: ../src/vmodcam_cfg.c
Invoking: MicroBlaze gcc compiler
mb-gcc -Wall -O0 -g3 -c -fmessage-length=0 -I../../mario_bsp/microblaze_0/include -mxl-barrel-shift -mxl-pattern-compare -mcpu=v8.50.b -mno-xl-soft-mul -Wl,--no-relax -ffunction-sections -fdata-sections -MMD -MP -MF"src/vmodcam_cfg.d" -MT"src/vmodcam_cfg.d" -o "src/vmodcam_cfg.o" "../src/vmodcam_cfg.c"
../src/vmodcam_cfg.c: In function 'CamIicCfg':
../src/vmodcam_cfg.c:102:2: warning: implicit declaration of function 'CamIicSetupPLL' [-Wimplicit-function-declaration]
../src/vmodcam_cfg.c: In function 'CamIicSingleRead':
../src/vmodcam_cfg.c:334:6: warning: unused variable 'lCamIicReadHeader' [-Wunused-variable]
../src/vmodcam_cfg.c: In function 'CamIicSingleWrite':
../src/vmodcam_cfg.c:392:3: warning: 'return' with no value, in function returning non-void [-Wreturn-type]
../src/vmodcam_cfg.c:388:6: warning: unused variable 'cWriteBytes' [-Wunused-variable]
../src/vmodcam_cfg.c:387:6: warning: unused variable 'lCamIicRegData' [-Wunused-variable]
../src/vmodcam_cfg.c: In function 'ClearScreen':
../src/vmodcam_cfg.c:475:2: warning: 'return' with a value, in function returning void [enabled by default]
../src/vmodcam_cfg.c: In function 'CamIicInit':
../src/vmodcam_cfg.c:306:1: warning: control reaches end of non-void function [-Wreturn-type]
../src/vmodcam_cfg.c: In function 'CamIicPowerUp':
../src/vmodcam_cfg.c:168:1: warning: control reaches end of non-void function [-Wreturn-type]
../src/vmodcam_cfg.c: In function 'CamIicSetupPLL':
../src/vmodcam_cfg.c:140:1: warning: control reaches end of non-void function [-Wreturn-type]
Finished building: ../src/vmodcam_cfg.c
 
Building target: mario.elf
Invoking: MicroBlaze gcc linker
mb-gcc -Wl,-T -Wl,../src/lscript.ld -L../../mario_bsp/microblaze_0/lib -mxl-barrel-shift -mxl-pattern-compare -mcpu=v8.50.b -mno-xl-soft-mul -Wl,--no-relax -Wl,--gc-sections -o "mario.elf"  ./src/cam_ctrl.o ./src/helloworld.o ./src/main.o ./src/platform.o ./src/vmodcam_cfg.o   -Wl,--start-group,-lxil,-lgcc,-lc,--end-group
./src/main.o: In function `main':
C:\Users\CS152B\Documents\m152b_fall2018\mariokart2\mario\Debug/../src/main.c:23: multiple definition of `main'
./src/helloworld.o:C:\Users\CS152B\Documents\m152b_fall2018\mariokart2\mario\Debug/../src/helloworld.c:40: first defined here
collect2: ld returned 1 exit status
make: *** [mario.elf] Error 1
16:53:35 **** Auto Build of configuration Debug for project mario ****
make all 
Building file: ../src/main.c
Invoking: MicroBlaze gcc compiler
mb-gcc -Wall -O0 -g3 -c -fmessage-length=0 -I../../mario_bsp/microblaze_0/include -mxl-barrel-shift -mxl-pattern-compare -mcpu=v8.50.b -mno-xl-soft-mul -Wl,--no-relax -ffunction-sections -fdata-sections -MMD -MP -MF"src/main.d" -MT"src/main.d" -o "src/main.o" "../src/main.c"
../src/main.c: In function 'main1':
../src/main.c:26:6: warning: unused variable 'color' [-Wunused-variable]
Finished building: ../src/main.c
 
Building target: mario.elf
Invoking: MicroBlaze gcc linker
mb-gcc -Wl,-T -Wl,../src/lscript.ld -L../../mario_bsp/microblaze_0/lib -mxl-barrel-shift -mxl-pattern-compare -mcpu=v8.50.b -mno-xl-soft-mul -Wl,--no-relax -Wl,--gc-sections -o "mario.elf"  ./src/cam_ctrl.o ./src/helloworld.o ./src/main.o ./src/platform.o ./src/vmodcam_cfg.o   -Wl,--start-group,-lxil,-lgcc,-lc,--end-group
Finished building target: mario.elf
 
Invoking: MicroBlaze Print Size
mb-size mario.elf  |tee "mario.elf.size"
   text	   data	    bss	    dec	    hex	filename
   2430	    308	   2080	   4818	   12d2	mario.elf
Finished building: mario.elf.size
 
Invoking: Xilinx ELF Check
elfcheck mario.elf -hw ../../proj_hw_platform/system.xml -pe microblaze_0  |tee "mario.elf.elfcheck"
elfcheck
Xilinx EDK 14.6 Build EDK_P.68d
Copyright (c) 1995-2012 Xilinx, Inc.  All rights reserved.

Command Line: elfcheck -hw ../../proj_hw_platform/system.xml -pe microblaze_0
mario.elf 

ELF file	: mario.elf
elfcheck passed.
Finished building: mario.elf.elfcheck
 
