C:\Users\CS152B\Documents\m152b_fall2018\Mariokart\VmodCam\proj\implementation\system.ngc 1542220874
C:/Users/CS152B/Documents/m152b_fall2018/Mariokart/VmodCam/proj/implementation/system_microblaze_0_wrapper.ngc 1542220633
C:/Users/CS152B/Documents/m152b_fall2018/Mariokart/VmodCam/proj/implementation/system_mb_plb_wrapper.ngc 1542220659
C:/Users/CS152B/Documents/m152b_fall2018/Mariokart/VmodCam/proj/implementation/system_ilmb_wrapper.ngc 1542220633
C:/Users/CS152B/Documents/m152b_fall2018/Mariokart/VmodCam/proj/implementation/system_dlmb_wrapper.ngc 1542220633
C:/Users/CS152B/Documents/m152b_fall2018/Mariokart/VmodCam/proj/implementation/system_dlmb_cntlr_wrapper.ngc 1542220633
C:/Users/CS152B/Documents/m152b_fall2018/Mariokart/VmodCam/proj/implementation/system_ilmb_cntlr_wrapper.ngc 1542220633
C:/Users/CS152B/Documents/m152b_fall2018/Mariokart/VmodCam/proj/implementation/system_lmb_bram_wrapper.ngc 1542220633
C:/Users/CS152B/Documents/m152b_fall2018/Mariokart/VmodCam/proj/implementation/system_rs232_uart_0_wrapper.ngc 1542220633
C:/Users/CS152B/Documents/m152b_fall2018/Mariokart/VmodCam/proj/implementation/system_ddr2_sdram_wrapper.ngc 1542220633
C:/Users/CS152B/Documents/m152b_fall2018/Mariokart/VmodCam/proj/implementation/system_clock_generator_0_wrapper.ngc 1542220670
C:/Users/CS152B/Documents/m152b_fall2018/Mariokart/VmodCam/proj/implementation/system_mdm_0_wrapper.ngc 1542220633
C:/Users/CS152B/Documents/m152b_fall2018/Mariokart/VmodCam/proj/implementation/system_proc_sys_reset_0_wrapper.ngc 1542220633
C:/Users/CS152B/Documents/m152b_fall2018/Mariokart/VmodCam/proj/implementation/system_dvma_0_wrapper.ngc 1542220633
C:/Users/CS152B/Documents/m152b_fall2018/Mariokart/VmodCam/proj/implementation/system_hdmi_0_wrapper.ngc 1542220633
C:/Users/CS152B/Documents/m152b_fall2018/Mariokart/VmodCam/proj/implementation/system_cam_ctrl_0_wrapper.ngc 1542220633
C:/Users/CS152B/Documents/m152b_fall2018/Mariokart/VmodCam/proj/implementation/system_cam_ctrl_1_wrapper.ngc 1542220633
C:/Users/CS152B/Documents/m152b_fall2018/Mariokart/VmodCam/proj/implementation/system_cam_iic_0_wrapper.ngc 1542220633
C:/Users/CS152B/Documents/m152b_fall2018/Mariokart/VmodCam/proj/implementation/system_cam_iic_1_wrapper.ngc 1542220633
C:/Users/CS152B/Documents/m152b_fall2018/Mariokart/VmodCam/proj/implementation/system_pmod_bt2_ja_wrapper.ngc 1542220633
C:/Users/CS152B/Documents/m152b_fall2018/Mariokart/VmodCam/proj/implementation/system_pmod_bt2_jb_wrapper.ngc 1542220633
C:/Users/CS152B/Documents/m152b_fall2018/Mariokart/VmodCam/proj/implementation/system_spi_gyro_wrapper.ngc 1542220633
C:/Users/CS152B/Documents/m152b_fall2018/Mariokart/VmodCam/proj/implementation/system_xps_timer_0_wrapper.ngc 1542220633
OK
