Release 14.6 Xflow P.68d (nt64)
Copyright (c) 1995-2013 Xilinx, Inc.  All rights reserved.
xflow.exe -wd implementation -p xc5vlx50tff1136-1 -implement xflow.opt
system.ngc  
PMSPEC -- Overriding Xilinx file
<C:/Xilinx/14.6/ISE_DS/EDK/virtex5/data/virtex5.acd> with local file
<C:/Xilinx/14.6/ISE_DS/ISE/virtex5/data/virtex5.acd>

Using Flow File:
C:/Users/CS152B/Documents/m152b_fall2018/Mariokart/VmodCam/proj/implementation/f
pga.flw 
Using Option File(s): 
 C:/Users/CS152B/Documents/m152b_fall2018/Mariokart/VmodCam/proj/implementation/
xflow.opt 

Creating Script File ... 

#----------------------------------------------#
# Starting program ngdbuild
# ngdbuild -p xc5vlx50tff1136-1 -nt timestamp -bm system.bmm
"C:/Users/CS152B/Documents/m152b_fall2018/Mariokart/VmodCam/proj/implementation/
system.ngc" -uc system.ucf system.ngd 
#----------------------------------------------#
Release 14.6 - ngdbuild P.68d (nt64)
Copyright (c) 1995-2013 Xilinx, Inc.  All rights reserved.
PMSPEC -- Overriding Xilinx file
<C:/Xilinx/14.6/ISE_DS/EDK/virtex5/data/virtex5.acd> with local file
<C:/Xilinx/14.6/ISE_DS/ISE/virtex5/data/virtex5.acd>

Command Line: C:\Xilinx\14.6\ISE_DS\ISE\bin\nt64\unwrapped\ngdbuild.exe -p
xc5vlx50tff1136-1 -nt timestamp -bm system.bmm
C:/Users/CS152B/Documents/m152b_fall2018/Mariokart/VmodCam/proj/implementation/s
ystem.ngc -uc system.ucf system.ngd

Reading NGO file
"C:/Users/CS152B/Documents/m152b_fall2018/Mariokart/VmodCam/proj/implementation/
system.ngc" ...
Loading design module
"C:/Users/CS152B/Documents/m152b_fall2018/Mariokart/VmodCam/proj/implementation/
system_microblaze_0_wrapper.ngc"...
Loading design module
"C:/Users/CS152B/Documents/m152b_fall2018/Mariokart/VmodCam/proj/implementation/
system_mb_plb_wrapper.ngc"...
Loading design module
"C:/Users/CS152B/Documents/m152b_fall2018/Mariokart/VmodCam/proj/implementation/
system_ilmb_wrapper.ngc"...
Loading design module
"C:/Users/CS152B/Documents/m152b_fall2018/Mariokart/VmodCam/proj/implementation/
system_dlmb_wrapper.ngc"...
Loading design module
"C:/Users/CS152B/Documents/m152b_fall2018/Mariokart/VmodCam/proj/implementation/
system_dlmb_cntlr_wrapper.ngc"...
Loading design module
"C:/Users/CS152B/Documents/m152b_fall2018/Mariokart/VmodCam/proj/implementation/
system_ilmb_cntlr_wrapper.ngc"...
Loading design module
"C:/Users/CS152B/Documents/m152b_fall2018/Mariokart/VmodCam/proj/implementation/
system_lmb_bram_wrapper.ngc"...
Loading design module
"C:/Users/CS152B/Documents/m152b_fall2018/Mariokart/VmodCam/proj/implementation/
system_ddr2_sdram_wrapper.ngc"...
Loading design module
"C:/Users/CS152B/Documents/m152b_fall2018/Mariokart/VmodCam/proj/implementation/
system_clock_generator_0_wrapper.ngc"...
Loading design module
"C:/Users/CS152B/Documents/m152b_fall2018/Mariokart/VmodCam/proj/implementation/
system_mdm_0_wrapper.ngc"...
Loading design module
"C:/Users/CS152B/Documents/m152b_fall2018/Mariokart/VmodCam/proj/implementation/
system_proc_sys_reset_0_wrapper.ngc"...
Loading design module
"C:/Users/CS152B/Documents/m152b_fall2018/Mariokart/VmodCam/proj/implementation/
system_dvma_0_wrapper.ngc"...
Loading design module
"C:/Users/CS152B/Documents/m152b_fall2018/Mariokart/VmodCam/proj/implementation/
system_hdmi_0_wrapper.ngc"...
Loading design module
"C:/Users/CS152B/Documents/m152b_fall2018/Mariokart/VmodCam/proj/implementation/
system_cam_ctrl_0_wrapper.ngc"...
Loading design module
"C:/Users/CS152B/Documents/m152b_fall2018/Mariokart/VmodCam/proj/implementation/
system_cam_ctrl_1_wrapper.ngc"...
Loading design module
"C:/Users/CS152B/Documents/m152b_fall2018/Mariokart/VmodCam/proj/implementation/
system_cam_iic_0_wrapper.ngc"...
Loading design module
"C:/Users/CS152B/Documents/m152b_fall2018/Mariokart/VmodCam/proj/implementation/
system_cam_iic_1_wrapper.ngc"...
Loading design module
"C:/Users/CS152B/Documents/m152b_fall2018/Mariokart/VmodCam/proj/implementation/
system_pmod_bt2_ja_wrapper.ngc"...
Loading design module
"C:/Users/CS152B/Documents/m152b_fall2018/Mariokart/VmodCam/proj/implementation/
system_pmod_bt2_jb_wrapper.ngc"...
Loading design module
"C:/Users/CS152B/Documents/m152b_fall2018/Mariokart/VmodCam/proj/implementation/
system_spi_gyro_wrapper.ngc"...
Loading design module
"C:/Users/CS152B/Documents/m152b_fall2018/Mariokart/VmodCam/proj/implementation/
system_xps_timer_0_wrapper.ngc"...
Loading design module
"C:/Users/CS152B/Documents/m152b_fall2018/Mariokart/VmodCam/proj/implementation/
system_xps_uart16550_0_wrapper.ngc"...
Loading design module
"C:/Users/CS152B/Documents/m152b_fall2018/Mariokart/VmodCam/proj/implementation/
system_xps_uart16550_1_wrapper.ngc"...
Loading design module
"C:/Users/CS152B/Documents/m152b_fall2018/Mariokart/VmodCam/proj/implementation/
system_rs232_uart_0_wrapper.ngc"...
Applying constraints in
"C:/Users/CS152B/Documents/m152b_fall2018/Mariokart/VmodCam/proj/implementation/
system_ddr2_sdram_wrapper.ncf" to module "DDR2_SDRAM"...
Checking Constraint Associations...
Gathering constraint information from source properties...
Done.

Annotating constraints to design from ucf file "system.ucf" ...
Resolving constraint associations...
Checking Constraint Associations...
WARNING:ConstraintSystem:56 - Constraint <TIMESPEC TS_Cam_Ctrl_0_CAM_PCLK_pin =
   PERIOD Cam_Ctrl_0_CAM_PCLK_pin 80000 kHz;> [system.ucf(46)]: Unable to find
   an active 'TNM' or 'TimeGrp' constraint named 'Cam_Ctrl_0_CAM_PCLK_pin'.

WARNING:ConstraintSystem:56 - Constraint <TIMESPEC TS_Cam_Ctrl_0_CAM_MCLK_pin =
   PERIOD Cam_Ctrl_0_CAM_MCLK_pin 25000 kHz;> [system.ucf(47)]: Unable to find
   an active 'TNM' or 'TimeGrp' constraint named 'Cam_Ctrl_0_CAM_MCLK_pin'.

WARNING:ConstraintSystem:56 - Constraint <TIMESPEC TS_Cam_Ctrl_1_CAM_PCLK_pin =
   PERIOD Cam_Ctrl_1_CAM_PCLK_pin 80000 kHz;> [system.ucf(69)]: Unable to find
   an active 'TNM' or 'TimeGrp' constraint named 'Cam_Ctrl_1_CAM_PCLK_pin'.

WARNING:ConstraintSystem:56 - Constraint <TIMESPEC TS_Cam_Ctrl_1_CAM_MCLK_pin =
   PERIOD Cam_Ctrl_1_CAM_MCLK_pin 25000 kHz;> [system.ucf(70)]: Unable to find
   an active 'TNM' or 'TimeGrp' constraint named 'Cam_Ctrl_1_CAM_MCLK_pin'.

ERROR:ConstraintSystem:59 - Constraint <Net fpga_0_RS232_Uart_0_RX_pin LOC =
   AG15  |> [system.ucf(101)]: NET "fpga_0_RS232_Uart_0_RX_pin" not found. 
   Please verify that:
   1. The specified design element actually exists in the original design.
   2. The specified object is spelled correctly in the constraint source file.

WARNING:ConstraintSystem - A target design object for the Locate constraint
   '<Net fpga_0_RS232_Uart_0_RX_pin LOC = AG15  |> [system.ucf(101)]' could not
   be found and so the Locate constraint will be removed.

ERROR:ConstraintSystem:59 - Constraint <IOSTANDARD = LVCMOS33;>
   [system.ucf(101)]: NET "fpga_0_RS232_Uart_0_RX_pin" not found.  Please verify
   that:
   1. The specified design element actually exists in the original design.
   2. The specified object is spelled correctly in the constraint source file.

ERROR:ConstraintSystem:59 - Constraint <Net fpga_0_RS232_Uart_0_TX_pin LOC =
   AF19  |> [system.ucf(102)]: NET "fpga_0_RS232_Uart_0_TX_pin" not found. 
   Please verify that:
   1. The specified design element actually exists in the original design.
   2. The specified object is spelled correctly in the constraint source file.

WARNING:ConstraintSystem - A target design object for the Locate constraint
   '<Net fpga_0_RS232_Uart_0_TX_pin LOC = AF19  |> [system.ucf(102)]' could not
   be found and so the Locate constraint will be removed.

ERROR:ConstraintSystem:59 - Constraint <IOSTANDARD = LVCMOS33;>
   [system.ucf(102)]: NET "fpga_0_RS232_Uart_0_TX_pin" not found.  Please verify
   that:
   1. The specified design element actually exists in the original design.
   2. The specified object is spelled correctly in the constraint source file.

INFO:ConstraintSystem:178 - TNM 'sys_clk_pin', used in period specification
   'TS_sys_clk_pin', was traced into PLL_ADV instance
   clock_generator_0/PLL1_INST/Using_PLL_ADV.PLL_ADV_inst. The following new TNM
   groups and period specifications were generated at the PLL_ADV output(s): 
   CLKOUT0: <TIMESPEC TS_clock_generator_0_clock_generator_0_SIG_PLL1_CLKOUT0 =
   PERIOD "clock_generator_0_clock_generator_0_SIG_PLL1_CLKOUT0" TS_sys_clk_pin
   * 2 HIGH 50%>

INFO:ConstraintSystem:178 - TNM 'sys_clk_pin', used in period specification
   'TS_sys_clk_pin', was traced into PLL_ADV instance
   clock_generator_0/PLL1_INST/Using_PLL_ADV.PLL_ADV_inst. The following new TNM
   groups and period specifications were generated at the PLL_ADV output(s): 
   CLKOUT1: <TIMESPEC TS_clock_generator_0_clock_generator_0_SIG_PLL1_CLKOUT1 =
   PERIOD "clock_generator_0_clock_generator_0_SIG_PLL1_CLKOUT1" TS_sys_clk_pin
   * 0.75 HIGH 50%>

INFO:ConstraintSystem:178 - TNM 'sys_clk_pin', used in period specification
   'TS_sys_clk_pin', was traced into PLL_ADV instance
   clock_generator_0/PLL1_INST/Using_PLL_ADV.PLL_ADV_inst. The following new TNM
   groups and period specifications were generated at the PLL_ADV output(s): 
   CLKOUT2: <TIMESPEC TS_clock_generator_0_clock_generator_0_SIG_PLL1_CLKOUT2 =
   PERIOD "clock_generator_0_clock_generator_0_SIG_PLL1_CLKOUT2" TS_sys_clk_pin
   * 0.25 HIGH 50%>

INFO:ConstraintSystem:178 - TNM 'sys_clk_pin', used in period specification
   'TS_sys_clk_pin', was traced into PLL_ADV instance
   clock_generator_0/PLL0_INST/Using_PLL_ADV.PLL_ADV_inst. The following new TNM
   groups and period specifications were generated at the PLL_ADV output(s): 
   CLKOUT0: <TIMESPEC TS_clock_generator_0_clock_generator_0_SIG_PLL0_CLKOUT0 =
   PERIOD "clock_generator_0_clock_generator_0_SIG_PLL0_CLKOUT0" TS_sys_clk_pin
   * 1.25 PHASE 2 ns HIGH 50%>

INFO:ConstraintSystem:178 - TNM 'sys_clk_pin', used in period specification
   'TS_sys_clk_pin', was traced into PLL_ADV instance
   clock_generator_0/PLL0_INST/Using_PLL_ADV.PLL_ADV_inst. The following new TNM
   groups and period specifications were generated at the PLL_ADV output(s): 
   CLKOUT1: <TIMESPEC TS_clock_generator_0_clock_generator_0_SIG_PLL0_CLKOUT1 =
   PERIOD "clock_generator_0_clock_generator_0_SIG_PLL0_CLKOUT1" TS_sys_clk_pin
   * 1.25 HIGH 50%>

INFO:ConstraintSystem:178 - TNM 'sys_clk_pin', used in period specification
   'TS_sys_clk_pin', was traced into PLL_ADV instance
   clock_generator_0/PLL0_INST/Using_PLL_ADV.PLL_ADV_inst. The following new TNM
   groups and period specifications were generated at the PLL_ADV output(s): 
   CLKOUT2: <TIMESPEC TS_clock_generator_0_clock_generator_0_SIG_PLL0_CLKOUT2 =
   PERIOD "clock_generator_0_clock_generator_0_SIG_PLL0_CLKOUT2" TS_sys_clk_pin
   * 0.625 HIGH 50%>

Done...

Processing BMM file "system.bmm" ...

Checking expanded design ...
WARNING:NgdBuild:443 - SFF primitive
   'DDR2_SDRAM/DDR2_SDRAM/mpmc_core_0/gen_v5_ddr2_phy.mpmc_phy_if_0/u_phy_io_0/u
   _phy_calib_0/gen_rden[1].u_calib_rden_r' has unconnected output pin
WARNING:NgdBuild:443 - SFF primitive
   'DDR2_SDRAM/DDR2_SDRAM/mpmc_core_0/gen_v5_ddr2_phy.mpmc_phy_if_0/u_phy_io_0/u
   _phy_calib_0/gen_rden[2].u_calib_rden_r' has unconnected output pin
WARNING:NgdBuild:443 - SFF primitive
   'DDR2_SDRAM/DDR2_SDRAM/mpmc_core_0/gen_v5_ddr2_phy.mpmc_phy_if_0/u_phy_io_0/u
   _phy_calib_0/gen_rden[3].u_calib_rden_r' has unconnected output pin
WARNING:NgdBuild:443 - SFF primitive
   'DDR2_SDRAM/DDR2_SDRAM/mpmc_core_0/gen_v5_ddr2_phy.mpmc_phy_if_0/u_phy_io_0/u
   _phy_calib_0/gen_rden[4].u_calib_rden_r' has unconnected output pin
WARNING:NgdBuild:443 - SFF primitive
   'DDR2_SDRAM/DDR2_SDRAM/mpmc_core_0/gen_v5_ddr2_phy.mpmc_phy_if_0/u_phy_io_0/u
   _phy_calib_0/gen_rden[5].u_calib_rden_r' has unconnected output pin
WARNING:NgdBuild:443 - SFF primitive
   'DDR2_SDRAM/DDR2_SDRAM/mpmc_core_0/gen_v5_ddr2_phy.mpmc_phy_if_0/u_phy_io_0/u
   _phy_calib_0/gen_rden[6].u_calib_rden_r' has unconnected output pin
WARNING:NgdBuild:443 - SFF primitive
   'DDR2_SDRAM/DDR2_SDRAM/mpmc_core_0/gen_v5_ddr2_phy.mpmc_phy_if_0/u_phy_io_0/u
   _phy_calib_0/gen_rden[7].u_calib_rden_r' has unconnected output pin
WARNING:NgdBuild:486 - Attribute "INIT_FILE" is not allowed on symbol
   "DDR2_SDRAM/mpmc_core_0/gen_paths.mpmc_data_path_0/gen_read_fifos[0].gen_fifo
   s.mpmc_read_fifo_0/gen_fifos_bram.mpmc_bram_fifo_0/gen_brams_normal.gen_v4.ge
   n_brams[3].bram" of type "RAMB16".  This attribute will be ignored.
WARNING:NgdBuild:486 - Attribute "INIT_FILE" is not allowed on symbol
   "DDR2_SDRAM/mpmc_core_0/gen_paths.mpmc_data_path_0/gen_read_fifos[0].gen_fifo
   s.mpmc_read_fifo_0/gen_fifos_bram.mpmc_bram_fifo_0/gen_brams_normal.gen_v4.ge
   n_brams[2].bram" of type "RAMB16".  This attribute will be ignored.
WARNING:NgdBuild:486 - Attribute "INIT_FILE" is not allowed on symbol
   "DDR2_SDRAM/mpmc_core_0/gen_paths.mpmc_data_path_0/gen_read_fifos[0].gen_fifo
   s.mpmc_read_fifo_0/gen_fifos_bram.mpmc_bram_fifo_0/gen_brams_normal.gen_v4.ge
   n_brams[1].bram" of type "RAMB16".  This attribute will be ignored.
WARNING:NgdBuild:486 - Attribute "INIT_FILE" is not allowed on symbol
   "DDR2_SDRAM/mpmc_core_0/gen_paths.mpmc_data_path_0/gen_read_fifos[0].gen_fifo
   s.mpmc_read_fifo_0/gen_fifos_bram.mpmc_bram_fifo_0/gen_brams_normal.gen_v4.ge
   n_brams[0].bram" of type "RAMB16".  This attribute will be ignored.
WARNING:NgdBuild:486 - Attribute "INIT_FILE" is not allowed on symbol
   "DDR2_SDRAM/mpmc_core_0/gen_paths.mpmc_data_path_0/gen_read_fifos[1].gen_fifo
   s.mpmc_read_fifo_0/gen_fifos_bram.mpmc_bram_fifo_0/gen_brams_normal.gen_v4.ge
   n_brams[3].bram" of type "RAMB16".  This attribute will be ignored.
WARNING:NgdBuild:486 - Attribute "INIT_FILE" is not allowed on symbol
   "DDR2_SDRAM/mpmc_core_0/gen_paths.mpmc_data_path_0/gen_read_fifos[1].gen_fifo
   s.mpmc_read_fifo_0/gen_fifos_bram.mpmc_bram_fifo_0/gen_brams_normal.gen_v4.ge
   n_brams[2].bram" of type "RAMB16".  This attribute will be ignored.
WARNING:NgdBuild:486 - Attribute "INIT_FILE" is not allowed on symbol
   "DDR2_SDRAM/mpmc_core_0/gen_paths.mpmc_data_path_0/gen_read_fifos[1].gen_fifo
   s.mpmc_read_fifo_0/gen_fifos_bram.mpmc_bram_fifo_0/gen_brams_normal.gen_v4.ge
   n_brams[1].bram" of type "RAMB16".  This attribute will be ignored.
WARNING:NgdBuild:486 - Attribute "INIT_FILE" is not allowed on symbol
   "DDR2_SDRAM/mpmc_core_0/gen_paths.mpmc_data_path_0/gen_read_fifos[1].gen_fifo
   s.mpmc_read_fifo_0/gen_fifos_bram.mpmc_bram_fifo_0/gen_brams_normal.gen_v4.ge
   n_brams[0].bram" of type "RAMB16".  This attribute will be ignored.
WARNING:NgdBuild:486 - Attribute "INIT_FILE" is not allowed on symbol
   "DDR2_SDRAM/mpmc_core_0/gen_paths.mpmc_data_path_0/gen_read_fifos[2].gen_fifo
   s.mpmc_read_fifo_0/gen_fifos_bram.mpmc_bram_fifo_0/gen_brams_normal.gen_v4.ge
   n_brams[3].bram" of type "RAMB16".  This attribute will be ignored.
WARNING:NgdBuild:486 - Attribute "INIT_FILE" is not allowed on symbol
   "DDR2_SDRAM/mpmc_core_0/gen_paths.mpmc_data_path_0/gen_read_fifos[2].gen_fifo
   s.mpmc_read_fifo_0/gen_fifos_bram.mpmc_bram_fifo_0/gen_brams_normal.gen_v4.ge
   n_brams[2].bram" of type "RAMB16".  This attribute will be ignored.
WARNING:NgdBuild:486 - Attribute "INIT_FILE" is not allowed on symbol
   "DDR2_SDRAM/mpmc_core_0/gen_paths.mpmc_data_path_0/gen_read_fifos[2].gen_fifo
   s.mpmc_read_fifo_0/gen_fifos_bram.mpmc_bram_fifo_0/gen_brams_normal.gen_v4.ge
   n_brams[1].bram" of type "RAMB16".  This attribute will be ignored.
WARNING:NgdBuild:486 - Attribute "INIT_FILE" is not allowed on symbol
   "DDR2_SDRAM/mpmc_core_0/gen_paths.mpmc_data_path_0/gen_read_fifos[2].gen_fifo
   s.mpmc_read_fifo_0/gen_fifos_bram.mpmc_bram_fifo_0/gen_brams_normal.gen_v4.ge
   n_brams[0].bram" of type "RAMB16".  This attribute will be ignored.
WARNING:NgdBuild:486 - Attribute "INIT_FILE" is not allowed on symbol
   "DDR2_SDRAM/mpmc_core_0/gen_paths.mpmc_data_path_0/gen_read_fifos[3].gen_fifo
   s.mpmc_read_fifo_0/gen_fifos_bram.mpmc_bram_fifo_0/gen_brams_normal.gen_v4.ge
   n_brams[3].bram" of type "RAMB16".  This attribute will be ignored.
WARNING:NgdBuild:486 - Attribute "INIT_FILE" is not allowed on symbol
   "DDR2_SDRAM/mpmc_core_0/gen_paths.mpmc_data_path_0/gen_read_fifos[3].gen_fifo
   s.mpmc_read_fifo_0/gen_fifos_bram.mpmc_bram_fifo_0/gen_brams_normal.gen_v4.ge
   n_brams[2].bram" of type "RAMB16".  This attribute will be ignored.
WARNING:NgdBuild:486 - Attribute "INIT_FILE" is not allowed on symbol
   "DDR2_SDRAM/mpmc_core_0/gen_paths.mpmc_data_path_0/gen_read_fifos[3].gen_fifo
   s.mpmc_read_fifo_0/gen_fifos_bram.mpmc_bram_fifo_0/gen_brams_normal.gen_v4.ge
   n_brams[1].bram" of type "RAMB16".  This attribute will be ignored.
WARNING:NgdBuild:486 - Attribute "INIT_FILE" is not allowed on symbol
   "DDR2_SDRAM/mpmc_core_0/gen_paths.mpmc_data_path_0/gen_read_fifos[3].gen_fifo
   s.mpmc_read_fifo_0/gen_fifos_bram.mpmc_bram_fifo_0/gen_brams_normal.gen_v4.ge
   n_brams[0].bram" of type "RAMB16".  This attribute will be ignored.
WARNING:NgdBuild:486 - Attribute "INIT_FILE" is not allowed on symbol
   "DDR2_SDRAM/mpmc_core_0/gen_paths.mpmc_data_path_0/gen_write_fifos[0].gen_fif
   os.mpmc_write_fifo_0/gen_fifo_bram.mpmc_bram_fifo_0/gen_brams_normal.gen_v4.g
   en_brams[3].bram" of type "RAMB16".  This attribute will be ignored.
WARNING:NgdBuild:486 - Attribute "INIT_FILE" is not allowed on symbol
   "DDR2_SDRAM/mpmc_core_0/gen_paths.mpmc_data_path_0/gen_write_fifos[0].gen_fif
   os.mpmc_write_fifo_0/gen_fifo_bram.mpmc_bram_fifo_0/gen_brams_normal.gen_v4.g
   en_brams[2].bram" of type "RAMB16".  This attribute will be ignored.
WARNING:NgdBuild:486 - Attribute "INIT_FILE" is not allowed on symbol
   "DDR2_SDRAM/mpmc_core_0/gen_paths.mpmc_data_path_0/gen_write_fifos[0].gen_fif
   os.mpmc_write_fifo_0/gen_fifo_bram.mpmc_bram_fifo_0/gen_brams_normal.gen_v4.g
   en_brams[1].bram" of type "RAMB16".  This attribute will be ignored.
WARNING:NgdBuild:486 - Attribute "INIT_FILE" is not allowed on symbol
   "DDR2_SDRAM/mpmc_core_0/gen_paths.mpmc_data_path_0/gen_write_fifos[0].gen_fif
   os.mpmc_write_fifo_0/gen_fifo_bram.mpmc_bram_fifo_0/gen_brams_normal.gen_v4.g
   en_brams[0].bram" of type "RAMB16".  This attribute will be ignored.
WARNING:NgdBuild:486 - Attribute "INIT_FILE" is not allowed on symbol
   "DDR2_SDRAM/mpmc_core_0/gen_paths.mpmc_data_path_0/gen_write_fifos[1].gen_fif
   os.mpmc_write_fifo_0/gen_fifo_bram.mpmc_bram_fifo_0/gen_brams_normal.gen_v4.g
   en_brams[3].bram" of type "RAMB16".  This attribute will be ignored.
WARNING:NgdBuild:486 - Attribute "INIT_FILE" is not allowed on symbol
   "DDR2_SDRAM/mpmc_core_0/gen_paths.mpmc_data_path_0/gen_write_fifos[1].gen_fif
   os.mpmc_write_fifo_0/gen_fifo_bram.mpmc_bram_fifo_0/gen_brams_normal.gen_v4.g
   en_brams[2].bram" of type "RAMB16".  This attribute will be ignored.
WARNING:NgdBuild:486 - Attribute "INIT_FILE" is not allowed on symbol
   "DDR2_SDRAM/mpmc_core_0/gen_paths.mpmc_data_path_0/gen_write_fifos[1].gen_fif
   os.mpmc_write_fifo_0/gen_fifo_bram.mpmc_bram_fifo_0/gen_brams_normal.gen_v4.g
   en_brams[1].bram" of type "RAMB16".  This attribute will be ignored.
WARNING:NgdBuild:486 - Attribute "INIT_FILE" is not allowed on symbol
   "DDR2_SDRAM/mpmc_core_0/gen_paths.mpmc_data_path_0/gen_write_fifos[1].gen_fif
   os.mpmc_write_fifo_0/gen_fifo_bram.mpmc_bram_fifo_0/gen_brams_normal.gen_v4.g
   en_brams[0].bram" of type "RAMB16".  This attribute will be ignored.
WARNING:NgdBuild:486 - Attribute "INIT_FILE" is not allowed on symbol
   "DDR2_SDRAM/mpmc_core_0/gen_paths.mpmc_data_path_0/gen_write_fifos[2].gen_fif
   os.mpmc_write_fifo_0/gen_fifo_bram.mpmc_bram_fifo_0/gen_brams_normal.gen_v4.g
   en_brams[3].bram" of type "RAMB16".  This attribute will be ignored.
WARNING:NgdBuild:486 - Attribute "INIT_FILE" is not allowed on symbol
   "DDR2_SDRAM/mpmc_core_0/gen_paths.mpmc_data_path_0/gen_write_fifos[2].gen_fif
   os.mpmc_write_fifo_0/gen_fifo_bram.mpmc_bram_fifo_0/gen_brams_normal.gen_v4.g
   en_brams[2].bram" of type "RAMB16".  This attribute will be ignored.
WARNING:NgdBuild:486 - Attribute "INIT_FILE" is not allowed on symbol
   "DDR2_SDRAM/mpmc_core_0/gen_paths.mpmc_data_path_0/gen_write_fifos[2].gen_fif
   os.mpmc_write_fifo_0/gen_fifo_bram.mpmc_bram_fifo_0/gen_brams_normal.gen_v4.g
   en_brams[1].bram" of type "RAMB16".  This attribute will be ignored.
WARNING:NgdBuild:486 - Attribute "INIT_FILE" is not allowed on symbol
   "DDR2_SDRAM/mpmc_core_0/gen_paths.mpmc_data_path_0/gen_write_fifos[2].gen_fif
   os.mpmc_write_fifo_0/gen_fifo_bram.mpmc_bram_fifo_0/gen_brams_normal.gen_v4.g
   en_brams[0].bram" of type "RAMB16".  This attribute will be ignored.
WARNING:NgdBuild:486 - Attribute "INIT_FILE" is not allowed on symbol
   "DDR2_SDRAM/mpmc_core_0/gen_paths.mpmc_data_path_0/gen_write_fifos[3].gen_fif
   os.mpmc_write_fifo_0/gen_fifo_bram.mpmc_bram_fifo_0/gen_brams_normal.gen_v4.g
   en_brams[3].bram" of type "RAMB16".  This attribute will be ignored.
WARNING:NgdBuild:486 - Attribute "INIT_FILE" is not allowed on symbol
   "DDR2_SDRAM/mpmc_core_0/gen_paths.mpmc_data_path_0/gen_write_fifos[3].gen_fif
   os.mpmc_write_fifo_0/gen_fifo_bram.mpmc_bram_fifo_0/gen_brams_normal.gen_v4.g
   en_brams[2].bram" of type "RAMB16".  This attribute will be ignored.
WARNING:NgdBuild:486 - Attribute "INIT_FILE" is not allowed on symbol
   "DDR2_SDRAM/mpmc_core_0/gen_paths.mpmc_data_path_0/gen_write_fifos[3].gen_fif
   os.mpmc_write_fifo_0/gen_fifo_bram.mpmc_bram_fifo_0/gen_brams_normal.gen_v4.g
   en_brams[1].bram" of type "RAMB16".  This attribute will be ignored.
WARNING:NgdBuild:486 - Attribute "INIT_FILE" is not allowed on symbol
   "DDR2_SDRAM/mpmc_core_0/gen_paths.mpmc_data_path_0/gen_write_fifos[3].gen_fif
   os.mpmc_write_fifo_0/gen_fifo_bram.mpmc_bram_fifo_0/gen_brams_normal.gen_v4.g
   en_brams[0].bram" of type "RAMB16".  This attribute will be ignored.
WARNING:NgdBuild:486 - Attribute "INIT_FILE" is not allowed on symbol
   "DDR2_SDRAM/VFBC3_INST.vfbc/VFBC1_PIM_NGC/UVFBC/GEN_RDDATA_FIFOS[0].GEN_RDDAT
   A_PORT_ENABLE.URdDataFifo/memory0/GEN_DIFFERENT_WIDTH.gen_ram_ibit[1].GEN_VIR
   TEX4_RAM.ramb16_i" of type "RAMB16".  This attribute will be ignored.
WARNING:NgdBuild:486 - Attribute "INIT_FILE" is not allowed on symbol
   "DDR2_SDRAM/VFBC3_INST.vfbc/VFBC1_PIM_NGC/UVFBC/GEN_RDDATA_FIFOS[0].GEN_RDDAT
   A_PORT_ENABLE.URdDataFifo/memory0/GEN_DIFFERENT_WIDTH.gen_ram_ibit[0].GEN_VIR
   TEX4_RAM.ramb16_i" of type "RAMB16".  This attribute will be ignored.
WARNING:NgdBuild:486 - Attribute "INIT_FILE" is not allowed on symbol
   "DDR2_SDRAM/VFBC3_INST.vfbc/VFBC1_PIM_NGC/UVFBC/GEN_WRDATA_FIFOS[1].GEN_WRDAT
   A_PORT_ENABLE.UWrDataFifo/memory0/GEN_DIFFERENT_WIDTH.gen_ram_ibit[1].GEN_VIR
   TEX4_RAM.ramb16_i" of type "RAMB16".  This attribute will be ignored.
WARNING:NgdBuild:486 - Attribute "INIT_FILE" is not allowed on symbol
   "DDR2_SDRAM/VFBC3_INST.vfbc/VFBC1_PIM_NGC/UVFBC/GEN_WRDATA_FIFOS[1].GEN_WRDAT
   A_PORT_ENABLE.UWrDataFifo/memory0/GEN_DIFFERENT_WIDTH.gen_ram_ibit[0].GEN_VIR
   TEX4_RAM.ramb16_i" of type "RAMB16".  This attribute will be ignored.
WARNING:NgdBuild:486 - Attribute "INIT_FILE" is not allowed on symbol
   "DDR2_SDRAM/VFBC2_INST.vfbc/VFBC1_PIM_NGC/UVFBC/GEN_RDDATA_FIFOS[0].GEN_RDDAT
   A_PORT_ENABLE.URdDataFifo/memory0/GEN_DIFFERENT_WIDTH.gen_ram_ibit[1].GEN_VIR
   TEX4_RAM.ramb16_i" of type "RAMB16".  This attribute will be ignored.
WARNING:NgdBuild:486 - Attribute "INIT_FILE" is not allowed on symbol
   "DDR2_SDRAM/VFBC2_INST.vfbc/VFBC1_PIM_NGC/UVFBC/GEN_RDDATA_FIFOS[0].GEN_RDDAT
   A_PORT_ENABLE.URdDataFifo/memory0/GEN_DIFFERENT_WIDTH.gen_ram_ibit[0].GEN_VIR
   TEX4_RAM.ramb16_i" of type "RAMB16".  This attribute will be ignored.
WARNING:NgdBuild:486 - Attribute "INIT_FILE" is not allowed on symbol
   "DDR2_SDRAM/VFBC2_INST.vfbc/VFBC1_PIM_NGC/UVFBC/GEN_WRDATA_FIFOS[1].GEN_WRDAT
   A_PORT_ENABLE.UWrDataFifo/memory0/GEN_DIFFERENT_WIDTH.gen_ram_ibit[1].GEN_VIR
   TEX4_RAM.ramb16_i" of type "RAMB16".  This attribute will be ignored.
WARNING:NgdBuild:486 - Attribute "INIT_FILE" is not allowed on symbol
   "DDR2_SDRAM/VFBC2_INST.vfbc/VFBC1_PIM_NGC/UVFBC/GEN_WRDATA_FIFOS[1].GEN_WRDAT
   A_PORT_ENABLE.UWrDataFifo/memory0/GEN_DIFFERENT_WIDTH.gen_ram_ibit[0].GEN_VIR
   TEX4_RAM.ramb16_i" of type "RAMB16".  This attribute will be ignored.
WARNING:NgdBuild:486 - Attribute "INIT_FILE" is not allowed on symbol
   "DDR2_SDRAM/VFBC1_INST.vfbc/VFBC1_PIM_NGC/UVFBC/GEN_RDDATA_FIFOS[0].GEN_RDDAT
   A_PORT_ENABLE.URdDataFifo/memory0/GEN_DIFFERENT_WIDTH.gen_ram_ibit[1].GEN_VIR
   TEX4_RAM.ramb16_i" of type "RAMB16".  This attribute will be ignored.
WARNING:NgdBuild:486 - Attribute "INIT_FILE" is not allowed on symbol
   "DDR2_SDRAM/VFBC1_INST.vfbc/VFBC1_PIM_NGC/UVFBC/GEN_RDDATA_FIFOS[0].GEN_RDDAT
   A_PORT_ENABLE.URdDataFifo/memory0/GEN_DIFFERENT_WIDTH.gen_ram_ibit[0].GEN_VIR
   TEX4_RAM.ramb16_i" of type "RAMB16".  This attribute will be ignored.
WARNING:NgdBuild:486 - Attribute "INIT_FILE" is not allowed on symbol
   "DDR2_SDRAM/VFBC1_INST.vfbc/VFBC1_PIM_NGC/UVFBC/GEN_WRDATA_FIFOS[1].GEN_WRDAT
   A_PORT_ENABLE.UWrDataFifo/memory0/GEN_DIFFERENT_WIDTH.gen_ram_ibit[1].GEN_VIR
   TEX4_RAM.ramb16_i" of type "RAMB16".  This attribute will be ignored.
WARNING:NgdBuild:486 - Attribute "INIT_FILE" is not allowed on symbol
   "DDR2_SDRAM/VFBC1_INST.vfbc/VFBC1_PIM_NGC/UVFBC/GEN_WRDATA_FIFOS[1].GEN_WRDAT
   A_PORT_ENABLE.UWrDataFifo/memory0/GEN_DIFFERENT_WIDTH.gen_ram_ibit[0].GEN_VIR
   TEX4_RAM.ramb16_i" of type "RAMB16".  This attribute will be ignored.
WARNING:NgdBuild:443 - SFF primitive
   'xps_timer_0/xps_timer_0/TC_CORE_I/TIMER_CONTROL_I/TCSR0_GENERATE[0].TCSR0_FF
   _I' has unconnected output pin
WARNING:NgdBuild:443 - SFF primitive
   'xps_timer_0/xps_timer_0/TC_CORE_I/TIMER_CONTROL_I/TCSR0_GENERATE[1].TCSR0_FF
   _I' has unconnected output pin
WARNING:NgdBuild:443 - SFF primitive
   'xps_timer_0/xps_timer_0/TC_CORE_I/TIMER_CONTROL_I/TCSR0_GENERATE[2].TCSR0_FF
   _I' has unconnected output pin
WARNING:NgdBuild:443 - SFF primitive
   'xps_timer_0/xps_timer_0/TC_CORE_I/TIMER_CONTROL_I/TCSR0_GENERATE[3].TCSR0_FF
   _I' has unconnected output pin
WARNING:NgdBuild:443 - SFF primitive
   'xps_timer_0/xps_timer_0/TC_CORE_I/TIMER_CONTROL_I/TCSR0_GENERATE[4].TCSR0_FF
   _I' has unconnected output pin
WARNING:NgdBuild:443 - SFF primitive
   'xps_timer_0/xps_timer_0/TC_CORE_I/TIMER_CONTROL_I/TCSR0_GENERATE[5].TCSR0_FF
   _I' has unconnected output pin
WARNING:NgdBuild:443 - SFF primitive
   'xps_timer_0/xps_timer_0/TC_CORE_I/TIMER_CONTROL_I/TCSR0_GENERATE[6].TCSR0_FF
   _I' has unconnected output pin
WARNING:NgdBuild:443 - SFF primitive
   'xps_timer_0/xps_timer_0/TC_CORE_I/TIMER_CONTROL_I/TCSR0_GENERATE[7].TCSR0_FF
   _I' has unconnected output pin
WARNING:NgdBuild:443 - SFF primitive
   'xps_timer_0/xps_timer_0/TC_CORE_I/TIMER_CONTROL_I/TCSR0_GENERATE[8].TCSR0_FF
   _I' has unconnected output pin
WARNING:NgdBuild:443 - SFF primitive
   'xps_timer_0/xps_timer_0/TC_CORE_I/TIMER_CONTROL_I/TCSR0_GENERATE[9].TCSR0_FF
   _I' has unconnected output pin
WARNING:NgdBuild:443 - SFF primitive
   'xps_timer_0/xps_timer_0/TC_CORE_I/TIMER_CONTROL_I/TCSR0_GENERATE[10].TCSR0_F
   F_I' has unconnected output pin
WARNING:NgdBuild:443 - SFF primitive
   'xps_timer_0/xps_timer_0/TC_CORE_I/TIMER_CONTROL_I/TCSR0_GENERATE[11].TCSR0_F
   F_I' has unconnected output pin
WARNING:NgdBuild:443 - SFF primitive
   'xps_timer_0/xps_timer_0/TC_CORE_I/TIMER_CONTROL_I/TCSR0_GENERATE[12].TCSR0_F
   F_I' has unconnected output pin
WARNING:NgdBuild:443 - SFF primitive
   'xps_timer_0/xps_timer_0/TC_CORE_I/TIMER_CONTROL_I/TCSR0_GENERATE[13].TCSR0_F
   F_I' has unconnected output pin
WARNING:NgdBuild:443 - SFF primitive
   'xps_timer_0/xps_timer_0/TC_CORE_I/TIMER_CONTROL_I/TCSR0_GENERATE[14].TCSR0_F
   F_I' has unconnected output pin
WARNING:NgdBuild:443 - SFF primitive
   'xps_timer_0/xps_timer_0/TC_CORE_I/TIMER_CONTROL_I/TCSR0_GENERATE[15].TCSR0_F
   F_I' has unconnected output pin
WARNING:NgdBuild:443 - SFF primitive
   'xps_timer_0/xps_timer_0/TC_CORE_I/TIMER_CONTROL_I/TCSR0_GENERATE[16].TCSR0_F
   F_I' has unconnected output pin
WARNING:NgdBuild:443 - SFF primitive
   'xps_timer_0/xps_timer_0/TC_CORE_I/TIMER_CONTROL_I/TCSR0_GENERATE[17].TCSR0_F
   F_I' has unconnected output pin
WARNING:NgdBuild:443 - SFF primitive
   'xps_timer_0/xps_timer_0/TC_CORE_I/TIMER_CONTROL_I/TCSR0_GENERATE[18].TCSR0_F
   F_I' has unconnected output pin
WARNING:NgdBuild:443 - SFF primitive
   'xps_timer_0/xps_timer_0/TC_CORE_I/TIMER_CONTROL_I/TCSR0_GENERATE[19].TCSR0_F
   F_I' has unconnected output pin
WARNING:NgdBuild:443 - SFF primitive
   'xps_timer_0/xps_timer_0/TC_CORE_I/TIMER_CONTROL_I/TCSR0_GENERATE[20].TCSR0_F
   F_I' has unconnected output pin
WARNING:NgdBuild:443 - SFF primitive
   'xps_timer_0/xps_timer_0/TC_CORE_I/TIMER_CONTROL_I/TCSR1_GENERATE[0].TCSR1_FF
   _I' has unconnected output pin
WARNING:NgdBuild:443 - SFF primitive
   'xps_timer_0/xps_timer_0/TC_CORE_I/TIMER_CONTROL_I/TCSR1_GENERATE[1].TCSR1_FF
   _I' has unconnected output pin
WARNING:NgdBuild:443 - SFF primitive
   'xps_timer_0/xps_timer_0/TC_CORE_I/TIMER_CONTROL_I/TCSR1_GENERATE[2].TCSR1_FF
   _I' has unconnected output pin
WARNING:NgdBuild:443 - SFF primitive
   'xps_timer_0/xps_timer_0/TC_CORE_I/TIMER_CONTROL_I/TCSR1_GENERATE[3].TCSR1_FF
   _I' has unconnected output pin
WARNING:NgdBuild:443 - SFF primitive
   'xps_timer_0/xps_timer_0/TC_CORE_I/TIMER_CONTROL_I/TCSR1_GENERATE[4].TCSR1_FF
   _I' has unconnected output pin
WARNING:NgdBuild:443 - SFF primitive
   'xps_timer_0/xps_timer_0/TC_CORE_I/TIMER_CONTROL_I/TCSR1_GENERATE[5].TCSR1_FF
   _I' has unconnected output pin
WARNING:NgdBuild:443 - SFF primitive
   'xps_timer_0/xps_timer_0/TC_CORE_I/TIMER_CONTROL_I/TCSR1_GENERATE[6].TCSR1_FF
   _I' has unconnected output pin
WARNING:NgdBuild:443 - SFF primitive
   'xps_timer_0/xps_timer_0/TC_CORE_I/TIMER_CONTROL_I/TCSR1_GENERATE[7].TCSR1_FF
   _I' has unconnected output pin
WARNING:NgdBuild:443 - SFF primitive
   'xps_timer_0/xps_timer_0/TC_CORE_I/TIMER_CONTROL_I/TCSR1_GENERATE[8].TCSR1_FF
   _I' has unconnected output pin
WARNING:NgdBuild:443 - SFF primitive
   'xps_timer_0/xps_timer_0/TC_CORE_I/TIMER_CONTROL_I/TCSR1_GENERATE[9].TCSR1_FF
   _I' has unconnected output pin
WARNING:NgdBuild:443 - SFF primitive
   'xps_timer_0/xps_timer_0/TC_CORE_I/TIMER_CONTROL_I/TCSR1_GENERATE[10].TCSR1_F
   F_I' has unconnected output pin
WARNING:NgdBuild:443 - SFF primitive
   'xps_timer_0/xps_timer_0/TC_CORE_I/TIMER_CONTROL_I/TCSR1_GENERATE[11].TCSR1_F
   F_I' has unconnected output pin
WARNING:NgdBuild:443 - SFF primitive
   'xps_timer_0/xps_timer_0/TC_CORE_I/TIMER_CONTROL_I/TCSR1_GENERATE[12].TCSR1_F
   F_I' has unconnected output pin
WARNING:NgdBuild:443 - SFF primitive
   'xps_timer_0/xps_timer_0/TC_CORE_I/TIMER_CONTROL_I/TCSR1_GENERATE[13].TCSR1_F
   F_I' has unconnected output pin
WARNING:NgdBuild:443 - SFF primitive
   'xps_timer_0/xps_timer_0/TC_CORE_I/TIMER_CONTROL_I/TCSR1_GENERATE[14].TCSR1_F
   F_I' has unconnected output pin
WARNING:NgdBuild:443 - SFF primitive
   'xps_timer_0/xps_timer_0/TC_CORE_I/TIMER_CONTROL_I/TCSR1_GENERATE[15].TCSR1_F
   F_I' has unconnected output pin
WARNING:NgdBuild:443 - SFF primitive
   'xps_timer_0/xps_timer_0/TC_CORE_I/TIMER_CONTROL_I/TCSR1_GENERATE[16].TCSR1_F
   F_I' has unconnected output pin
WARNING:NgdBuild:443 - SFF primitive
   'xps_timer_0/xps_timer_0/TC_CORE_I/TIMER_CONTROL_I/TCSR1_GENERATE[17].TCSR1_F
   F_I' has unconnected output pin
WARNING:NgdBuild:443 - SFF primitive
   'xps_timer_0/xps_timer_0/TC_CORE_I/TIMER_CONTROL_I/TCSR1_GENERATE[18].TCSR1_F
   F_I' has unconnected output pin
WARNING:NgdBuild:443 - SFF primitive
   'xps_timer_0/xps_timer_0/TC_CORE_I/TIMER_CONTROL_I/TCSR1_GENERATE[19].TCSR1_F
   F_I' has unconnected output pin
WARNING:NgdBuild:443 - SFF primitive
   'xps_timer_0/xps_timer_0/TC_CORE_I/TIMER_CONTROL_I/TCSR1_GENERATE[20].TCSR1_F
   F_I' has unconnected output pin
WARNING:NgdBuild:452 - logical net 'N194' has no driver
WARNING:NgdBuild:452 - logical net 'N195' has no driver
WARNING:NgdBuild:452 - logical net 'N196' has no driver
WARNING:NgdBuild:452 - logical net 'N197' has no driver
WARNING:NgdBuild:452 - logical net 'N198' has no driver
WARNING:NgdBuild:452 - logical net 'N199' has no driver
WARNING:NgdBuild:452 - logical net 'N200' has no driver
WARNING:NgdBuild:452 - logical net 'N201' has no driver
WARNING:NgdBuild:452 - logical net 'N202' has no driver
WARNING:NgdBuild:452 - logical net 'N203' has no driver
WARNING:NgdBuild:452 - logical net 'N204' has no driver
WARNING:NgdBuild:452 - logical net 'N205' has no driver
WARNING:NgdBuild:452 - logical net 'N206' has no driver
WARNING:NgdBuild:452 - logical net 'N207' has no driver
WARNING:NgdBuild:452 - logical net 'N208' has no driver
WARNING:NgdBuild:452 - logical net 'N209' has no driver
WARNING:NgdBuild:452 - logical net 'N210' has no driver
WARNING:NgdBuild:452 - logical net 'N211' has no driver
WARNING:NgdBuild:452 - logical net 'N212' has no driver
WARNING:NgdBuild:452 - logical net 'N213' has no driver
WARNING:NgdBuild:452 - logical net 'N214' has no driver
WARNING:NgdBuild:452 - logical net 'N215' has no driver
WARNING:NgdBuild:452 - logical net 'N216' has no driver
WARNING:NgdBuild:452 - logical net 'N217' has no driver
WARNING:NgdBuild:452 - logical net 'N218' has no driver
WARNING:NgdBuild:452 - logical net 'N219' has no driver
WARNING:NgdBuild:452 - logical net 'N220' has no driver
WARNING:NgdBuild:452 - logical net 'N221' has no driver
WARNING:NgdBuild:452 - logical net 'N222' has no driver
WARNING:NgdBuild:452 - logical net 'N223' has no driver
WARNING:NgdBuild:452 - logical net 'N224' has no driver
WARNING:NgdBuild:452 - logical net 'N225' has no driver
WARNING:NgdBuild:452 - logical net 'N226' has no driver
WARNING:NgdBuild:452 - logical net 'N227' has no driver
WARNING:NgdBuild:452 - logical net 'N228' has no driver
WARNING:NgdBuild:452 - logical net 'N229' has no driver
WARNING:NgdBuild:452 - logical net 'N230' has no driver
WARNING:NgdBuild:452 - logical net 'N231' has no driver
WARNING:NgdBuild:452 - logical net 'N232' has no driver
WARNING:NgdBuild:452 - logical net 'N233' has no driver
WARNING:NgdBuild:452 - logical net 'N234' has no driver
WARNING:NgdBuild:452 - logical net 'N235' has no driver
WARNING:NgdBuild:452 - logical net 'N236' has no driver
WARNING:NgdBuild:452 - logical net 'N237' has no driver
WARNING:NgdBuild:452 - logical net 'N238' has no driver
WARNING:NgdBuild:452 - logical net 'N239' has no driver
WARNING:NgdBuild:452 - logical net 'N240' has no driver
WARNING:NgdBuild:452 - logical net 'N241' has no driver
WARNING:NgdBuild:452 - logical net 'N242' has no driver
WARNING:NgdBuild:452 - logical net 'N243' has no driver
WARNING:NgdBuild:452 - logical net 'N244' has no driver
WARNING:NgdBuild:452 - logical net 'N245' has no driver
WARNING:NgdBuild:452 - logical net 'N246' has no driver
WARNING:NgdBuild:452 - logical net 'N247' has no driver
WARNING:NgdBuild:452 - logical net 'N248' has no driver
WARNING:NgdBuild:452 - logical net 'N249' has no driver
WARNING:NgdBuild:452 - logical net 'N250' has no driver
WARNING:NgdBuild:452 - logical net 'N251' has no driver
WARNING:NgdBuild:452 - logical net 'N252' has no driver
WARNING:NgdBuild:452 - logical net 'N253' has no driver
WARNING:NgdBuild:452 - logical net 'N254' has no driver
WARNING:NgdBuild:452 - logical net 'N255' has no driver
WARNING:NgdBuild:452 - logical net 'N256' has no driver
WARNING:NgdBuild:452 - logical net 'N257' has no driver
WARNING:NgdBuild:452 - logical net 'N258' has no driver
WARNING:NgdBuild:452 - logical net 'N259' has no driver
WARNING:NgdBuild:452 - logical net 'N260' has no driver
WARNING:NgdBuild:452 - logical net 'N261' has no driver
WARNING:NgdBuild:452 - logical net 'N262' has no driver
WARNING:NgdBuild:452 - logical net 'N263' has no driver
WARNING:NgdBuild:452 - logical net 'N264' has no driver
WARNING:NgdBuild:452 - logical net 'N265' has no driver
WARNING:NgdBuild:452 - logical net 'N266' has no driver
WARNING:NgdBuild:452 - logical net 'N267' has no driver
WARNING:NgdBuild:452 - logical net 'N268' has no driver
WARNING:NgdBuild:452 - logical net 'N269' has no driver
WARNING:NgdBuild:452 - logical net 'N270' has no driver
WARNING:NgdBuild:452 - logical net 'N271' has no driver
WARNING:NgdBuild:452 - logical net 'N272' has no driver
WARNING:NgdBuild:452 - logical net 'N273' has no driver

Partition Implementation Status
-------------------------------

  No Partitions were found in this design.

-------------------------------

NGDBUILD Design Results Summary:
  Number of errors:     4
  Number of warnings: 179

Total REAL time to NGDBUILD completion:  53 sec
Total CPU time to NGDBUILD completion:   52 sec

One or more errors were found during NGDBUILD.  No NGD file will be written.

Writing NGDBUILD log file "system.bld"...
ERROR:Xflow - Program ngdbuild returned error code 2. Aborting flow execution...
